2014-09-22 14:51:03|   0.3|  0.3|INFORM|FME 2014 SP2 (20140606 - Build 14338 - WIN32)
2014-09-22 14:51:03|   0.3|  0.0|INFORM|FME_HOME is 'c:\apps\FME\'
2014-09-22 14:51:03|   0.3|  0.0|INFORM|FME Oracle Edition (node locked-crc)
2014-09-22 14:51:03|   0.3|  0.0|INFORM|Serial Number: Steve_Grise
2014-09-22 14:51:03|   0.3|  0.0|INFORM|Temporary License: 66 days left.
2014-09-22 14:51:03|   0.3|  0.0|INFORM|Machine host name is: Prawn
2014-09-22 14:51:03|   0.3|  0.0|INFORM|START - ProcessID: 10024, peak process memory usage: 47784 kB, current process memory usage: 47784 kB
2014-09-22 14:51:03|   0.3|  0.0|INFORM|FME Configuration: Command line arguments are `c:\\apps\\FME\\fme.exe' `C:\Users\Steve\Documents\GitHub\SyncEngine\gse\ETL\fme\gseBuildingOutlineLoader.fmw' `--DestDataset_GEODATABASE_SDE' `sde' `--OUT_CONNECTION_FILE_GEODATABASE_SDE' `C:\Users\Steve\Documents\GitHub\SyncEngine\gse\ETL\serverConfig\GIS Staging.sde' `--ProductionConnectionFile' `C:\Users\Steve\Documents\GitHub\SyncEngine\gse\ETL\serverConfig\GIS Production.sde' `--GizintaProject' `C:\Users\Steve\Documents\GitHub\SyncEngine\gse\ETL\config\bldgOutlinePlaylist.xml' `--TargetFieldQA' `True' `--SourceFieldQA' `False' `--IgnoreErrors' `False' `--SourceDatasetTypes' `CADDataset' `--pFLOORID' `UWS_1327_ne' `--SourceCoordinateSystem' `EPSG:2285' `--gzDebug' `False' `--LOG_FILE' `C:\Users\Steve\Documents\GitHub\SyncEngine\gse\ETL\fme\log\gseBuildingOutlineLoader.log' `--SourceDataset_ESRIMSD' `C:\Users\Steve\Documents\GitHub\SyncEngine\gse\CAD\UWS\Floorplans\1327-sav-savery hall\1327Outline.dwg'
2014-09-22 14:51:03|   0.3|  0.0|INFORM|Using FME's provided Python interpreter from c:\apps\FME\fmepython27\python27.dll
2014-09-22 14:51:03|   0.3|  0.0|INFORM|Python version 2.7 successfully loaded
2014-09-22 14:51:03|   0.3|  0.0|INFORM|Adding directory `c:\apps\FME\transformers\' to the python path
2014-09-22 14:51:03|   0.3|  0.0|INFORM|FME_BEGIN_PYTHON: evaluating python script from string...
2014-09-22 14:51:04|   0.4|  0.0|INFORM|FME_BEGIN_PYTHON: python script execution complete.
2014-09-22 14:51:04|   0.4|  0.0|INFORM|Shared directories for formats are : C:\Users\Steve\Documents\FME\Formats;c:\apps\FME\datasources
2014-09-22 14:51:04|   0.4|  0.0|INFORM|Shared directories for transformers are : C:\Users\Steve\Documents\FME\Transformers;c:\apps\FME\transformers;C:\Users\Steve\AppData\Roaming\Safe Software\FME\FME Store\Transformers
2014-09-22 14:51:04|   0.4|  0.0|INFORM|Shared directories for coordinate systems are : C:\Users\Steve\Documents\FME\CoordinateSystems
2014-09-22 14:51:04|   0.4|  0.0|INFORM|Shared directories for coordinate system exceptions are : C:\Users\Steve\Documents\FME\CoordinateSystemExceptions
2014-09-22 14:51:04|   0.4|  0.0|INFORM|Shared directories for coordinate system grid overrides are : C:\Users\Steve\Documents\FME\CoordinateSystemGridOverrides
2014-09-22 14:51:04|   0.4|  0.0|INFORM|Shared directories for CS-MAP transformation exceptions are : C:\Users\Steve\Documents\FME\CsmapTransformationExceptions
2014-09-22 14:51:04|   0.4|  0.0|INFORM|Shared directories for transformer categories are : C:\Users\Steve\Documents\FME\TransformerCategories
2014-09-22 14:51:04|   0.4|  0.0|INFORM|Mapping File Identifier is: GizintaLoader
2014-09-22 14:51:04|   0.4|  0.0|INFORM|FME Configuration: Reader Keyword is `MULTI_READER'
2014-09-22 14:51:04|   0.4|  0.0|INFORM|FME Configuration: Writer Keyword is `MULTI_WRITER'
2014-09-22 14:51:04|   0.4|  0.0|INFORM|FME Configuration: Writer Group Definition Keyword is `MULTI_WRITER_DEF'
2014-09-22 14:51:04|   0.4|  0.0|INFORM|FME Configuration: Reader type is `MULTI_READER'
2014-09-22 14:51:04|   0.4|  0.0|INFORM|FME Configuration: Writer type is `MULTI_WRITER'
2014-09-22 14:51:04|   0.4|  0.0|INFORM|FME Configuration: No destination coordinate system set
2014-09-22 14:51:04|   0.4|  0.0|INFORM|FME Configuration: Current working directory is `C:\Users\Steve\Documents\GitHub\SyncEngine\gse\ETL'
2014-09-22 14:51:04|   0.4|  0.0|INFORM|FME Configuration: Temporary directory is `C:\Users\Steve\AppData\Local\Temp'
2014-09-22 14:51:04|   0.4|  0.0|INFORM|FME Configuration: FME_HOME is `c:\apps\FME\'
2014-09-22 14:51:04|   0.4|  0.0|INFORM|FME Configuration: FME_BASE is 'no'
2014-09-22 14:51:04|   0.4|  0.0|INFORM|FME Configuration: FME_MF_DIR is 'C:\Users\Steve\Documents\GitHub\SyncEngine\gse\ETL\fme/'
2014-09-22 14:51:04|   0.4|  0.0|INFORM|FME Configuration: FME_MF_NAME is 'gseBuildingOutlineLoader.fmw'
2014-09-22 14:51:04|   0.4|  0.0|INFORM|FME Configuration: FME_PRODUCT_NAME is 'FME(R) 2014 SP2'
2014-09-22 14:51:04|   0.4|  0.0|INFORM|System Status: 95528MB of disk space available in the FME temporary directory (C:\Users\Steve\AppData\Local\Temp\)
2014-09-22 14:51:04|   0.4|  0.0|INFORM|System Status: 3899MB of virtual memory available
2014-09-22 14:51:04|   0.4|  0.0|INFORM|Operating System: Microsoft Windows 7 64-bit Service Pack 1 (Build 7601)
2014-09-22 14:51:04|   0.4|  0.0|INFORM|FME Platform: WIN32
2014-09-22 14:51:04|   0.4|  0.0|INFORM|Locale: en_CA
2014-09-22 14:51:04|   0.4|  0.0|INFORM|Code Page: 1252  (ANSI - Latin I)
2014-09-22 14:51:04|   0.4|  0.0|INFORM|FME Configuration: Process limit is 4095 MB (out of 12170 MB physical memory and 4095 MB address space)
2014-09-22 14:51:04|   0.4|  0.0|INFORM|FME Configuration: Start freeing memory when process usage exceeds 2895 MB of memory or 3495 MB of address space
2014-09-22 14:51:04|   0.4|  0.0|INFORM|FME Configuration: Stop freeing memory when process usage is below 2171 MB of memory and 2621 MB of address space
2014-09-22 14:51:04|   0.4|  0.0|INFORM|FME Configuration: Autodetermining optimal maximum number of objects in memory
2014-09-22 14:51:04|   0.4|  0.0|INFORM|MULTI_READER(MULTI_READER): Will fail with first member reader failure
2014-09-22 14:51:04|   0.4|  0.0|INFORM|MULTI_READER(MULTI_READER): Adding NULL Reader with keyword GEODATABASE_SDE_1
2014-09-22 14:51:04|   0.4|  0.0|INFORM|MULTI_READER(MULTI_READER): Adding ESRIMSD Reader with keyword ESRIMSD_1
2014-09-22 14:51:04|   0.4|  0.0|INFORM|Using Multi Reader $Revision: 114961 $ ( $Date: 2014-01-08 16:53:06 -0800 (Wed, 08 Jan 2014) $ ) with keyword `MULTI_READER' to read multiple datasets
2014-09-22 14:51:04|   0.4|  0.0|INFORM|Trying to find a DYNAMIC plugin for reader named `NULL'
2014-09-22 14:51:04|   0.4|  0.0|INFORM|Loaded module 'NULL' from file 'c:\apps\FME\plugins/NULL.dll'
2014-09-22 14:51:04|   0.4|  0.0|INFORM|FME API version of module 'NULL' matches current internal version (3.7 20140327)
2014-09-22 14:51:04|   0.4|  0.0|INFORM|Using MultiWriter $Revision: 59162 $ ( $Date: 2009-04-07 10:04:59 -0700 (Tue, 07 Apr 2009) $ ) with keyword `MULTI_WRITER' to output data (ID_ATTRIBUTE is `multi_writer_id')
2014-09-22 14:51:04|   0.4|  0.0|INFORM|Writer output will be ordered by value of multi_writer_id
2014-09-22 14:51:04|   0.5|  0.0|INFORM|Loaded module 'Python_func' from file 'c:\apps\FME\plugins/Python_func.dll'
2014-09-22 14:51:04|   0.5|  0.0|INFORM|FME API version of module 'Python_func' matches current internal version (3.7 20140327)
2014-09-22 14:51:04|   0.5|  0.0|INFORM|Using FME's provided Python interpreter from c:\apps\FME\fmepython27\python27.dll
2014-09-22 14:51:04|   0.5|  0.0|INFORM|Python version 2.7 successfully loaded
2014-09-22 14:51:04|   0.5|  0.0|INFORM|Loaded module 'EvaluateExpression_func' from file 'c:\apps\FME\plugins/EvaluateExpression_func.dll'
2014-09-22 14:51:04|   0.5|  0.0|INFORM|FME API version of module 'EvaluateExpression_func' matches current internal version (3.7 20140327)
2014-09-22 14:51:04|   0.5|  0.0|INFORM|Loaded module 'PythonFactory' from file 'c:\apps\FME\plugins/PythonFactory.dll'
2014-09-22 14:51:04|   0.5|  0.0|INFORM|FME API version of module 'PythonFactory' matches current internal version (3.7 20140327)
2014-09-22 14:51:04|   0.5|  0.0|INFORM|Using FME's provided Python interpreter from c:\apps\FME\fmepython27\python27.dll
2014-09-22 14:51:04|   0.5|  0.0|INFORM|Python version 2.7 successfully loaded
2014-09-22 14:51:04|   0.5|  0.0|INFORM|FME Configuration: Using FME Reprojection Engine
2014-09-22 14:51:04|   0.5|  0.0|INFORM|gzBuildingOutlineTilt_2_StatisticsCalculator_2_Exploder(ElementFactory): LEAN_AND_MEAN processing enabled
2014-09-22 14:51:04|   0.5|  0.0|INFORM|Loaded module 'Geometry_func' from file 'c:\apps\FME\plugins/Geometry_func.dll'
2014-09-22 14:51:04|   0.5|  0.0|INFORM|FME API version of module 'Geometry_func' matches current internal version (3.7 20140327)
2014-09-22 14:51:04|   0.5|  0.0|INFORM|gzBuildingOutlineTilt_StatisticsCalculator_2_Exploder(ElementFactory): LEAN_AND_MEAN processing enabled
2014-09-22 14:51:04|   0.5|  0.0|INFORM|Loaded module 'GeometryValidationFactory' from file 'c:\apps\FME\plugins/GeometryValidationFactory.dll'
2014-09-22 14:51:04|   0.5|  0.0|INFORM|FME API version of module 'GeometryValidationFactory' matches current internal version (3.7 20140327)
2014-09-22 14:51:04|   0.5|  0.0|INFORM|FME API version of module 'PythonFactory' matches current internal version (3.7 20140327)
2014-09-22 14:51:04|   0.5|  0.0|INFORM|gzWriteData_StatisticsCalculator_SummaryExploder(ElementFactory): LEAN_AND_MEAN processing enabled
2014-09-22 14:51:04|   0.5|  0.0|INFORM|gzWriteData_gzGetLogInfo_StatisticsCalculator_SummaryExploder(ElementFactory): LEAN_AND_MEAN processing enabled
2014-09-22 14:51:04|   0.6|  0.0|INFORM|Trying to find a DYNAMIC plugin for reader named `ESRIMSD'
2014-09-22 14:51:04|   0.6|  0.0|INFORM|Loaded module 'ESRIMSD' from file 'c:\apps\FME\plugins/ACAD.dll'
2014-09-22 14:51:04|   0.6|  0.0|INFORM|FME API version of module 'ESRIMSD' matches current internal version (3.7 20140327)
2014-09-22 14:51:04|   0.6|  0.0|INFORM|Found .wld file 'C:\Users\Steve\Documents\GitHub\SyncEngine\gse\CAD\UWS\Floorplans\1327-sav-savery hall\esri_cad.wld'. Coordinates will be converted to the world coordinate system
2014-09-22 14:51:04|   0.6|  0.0|INFORM|ESRIMSD_1 Reader: Using rich geometry.
2014-09-22 14:51:04|   0.6|  0.0|INFORM|AutoCAD Reader: Successfully opened the 'Release2010' AutoCAD file 'C:\Users\Steve\Documents\GitHub\SyncEngine\gse\CAD\UWS\Floorplans\1327-sav-savery hall\1327Outline.dwg'
2014-09-22 14:51:04|   0.7|  0.1|INFORM|gz starting fieldCalculator, fme Folder=
2014-09-22 14:51:04|   0.7|  0.0|INFORM|gz len(valueMaps)=0
2014-09-22 14:51:04|   0.7|  0.0|INFORM|gz len(datasets)=4
2014-09-22 14:51:04|   0.9|  0.2|INFORM|CS-MAP Reprojector: Transformation will be automatically selected for 'EPSG:2285' -> 'EPSG:3857', and is not guaranteed to remain the same in future releases of FME
2014-09-22 14:51:04|   0.9|  0.0|INFORM|Reprojector: Using transformation `NAD83_to_WGS84,Forward(Null,EPSG:1188)' when reprojecting from EPSG:2285 to EPSG:3857
2014-09-22 14:51:04|   0.9|  0.0|INFORM|Reprojector: Using transformation `WGS84_SPHERICAL_to_WGS84_FME,Inverse(Null)' when reprojecting from EPSG:2285 to EPSG:3857
2014-09-22 14:51:04|   1.0|  0.0|INFORM|MULTI_READER(MULTI_READER): Done reading 3 features from 2 readers
2014-09-22 14:51:04|   1.0|  0.0|INFORM|Emptying factory pipeline
2014-09-22 14:51:04|   1.0|  0.0|STATS |Source Feature Router(BranchingFactory): Branched 3 input features -- 3 features routed to the target factory, and 0 features routed to the fallback factory.
2014-09-22 14:51:04|   1.0|  0.0|STATS |Source Catcher 0(TeeFactory): Cloned 0 input feature(s) into 0 output feature(s)
2014-09-22 14:51:04|   1.0|  0.0|STATS |Source Brancher 0(BranchingFactory): Branched 0 input features -- 0 features routed to the target factory, and 0 features routed to the fallback factory.
2014-09-22 14:51:04|   1.0|  0.0|STATS |Source Catcher 1(TeeFactory): Cloned 3 input feature(s) into 3 output feature(s)
2014-09-22 14:51:04|   1.0|  0.0|STATS |ESRIMSD_1RenameAutocadExtendedAttrs(TeeFactory): Cloned 3 input feature(s) into 3 output feature(s)
2014-09-22 14:51:04|   1.0|  0.0|STATS |Source Brancher 1(BranchingFactory): Branched 3 input features -- 3 features routed to the target factory, and 0 features routed to the fallback factory.
2014-09-22 14:51:04|   1.0|  0.0|STATS |Branching Catcher(TeeFactory): Cloned 3 input feature(s) into 3 output feature(s)
2014-09-22 14:51:04|   1.0|  0.0|STATS |ESRIMSD_1 Merger(TeeFactory): Cloned 3 input feature(s) into 3 output feature(s)
2014-09-22 14:51:04|   1.0|  0.0|STATS |Unexpected Input Remover(TestFactory): Tested 3 input feature(s) -- 3 feature(s) passed and 0 feature(s) failed
2014-09-22 14:51:04|   1.0|  0.0|STATS |Source -> Generic(TeeFactory): Cloned 3 input feature(s) into 3 output feature(s)
2014-09-22 14:51:04|   1.0|  0.0|STATS |AttributeExposer(TeeFactory): Cloned 3 input feature(s) into 3 output feature(s)
2014-09-22 14:51:04|   1.0|  0.0|STATS |AttributeCopier(TeeFactory): Cloned 3 input feature(s) into 3 output feature(s)
2014-09-22 14:51:04|   1.0|  0.0|STATS |Tester(TestFactory): Tested 3 input feature(s) -- 3 feature(s) passed and 0 feature(s) failed
2014-09-22 14:51:04|   1.0|  0.0|STATS |gzFieldCalculator AddFieldsValues_Input_1 Input Collector(TeeFactory): Cloned 3 input feature(s) into 3 output feature(s)
2014-09-22 14:51:04|   1.0|  0.0|STATS |gzFieldCalculator_AddFieldsValues_Input_11396906109 Input Splitter(TeeFactory): Cloned 3 input feature(s) into 3 output feature(s)
2014-09-22 14:51:04|   1.0|  0.0|STATS |gzFieldCalculator_AddFieldsValues_Output_11396906109 Output Collector(TeeFactory): Cloned 3 input feature(s) into 3 output feature(s)
2014-09-22 14:51:04|   1.0|  0.0|STATS |gzFieldCalculator AddFieldsValues_Output_1 Output Renamer/Nuker(TeeFactory): Cloned 3 input feature(s) into 3 output feature(s)
2014-09-22 14:51:04|   1.0|  0.0|STATS |TestFilter_2(TeeFactory): Cloned 3 input feature(s) into 3 output feature(s)
2014-09-22 14:51:04|   1.0|  0.0|STATS |TestFilter_2_TestFactory_0(TestFactory): Tested 3 input feature(s) -- 1 feature(s) passed and 2 feature(s) failed
2014-09-22 14:51:04|   1.0|  0.0|STATS |TestFilter_2_TestFactory_1(TestFactory): Tested 2 input feature(s) -- 0 feature(s) passed and 2 feature(s) failed
2014-09-22 14:51:04|   1.0|  0.0|STATS |TestFilter_2_<lt>UNFILTERED<gt>(TeeFactory): Cloned 2 input feature(s) into 2 output feature(s)
2014-09-22 14:51:04|   1.0|  0.0|STATS |TestFilter_2 Building_Outline Splitter(TeeFactory): Cloned 1 input feature(s) into 2 output feature(s)
2014-09-22 14:51:04|   1.0|  0.0|STATS |TestFilter_2 Building_Outline_Point Output Nuker(TeeFactory): Cloned 0 input feature(s) into 0 output feature(s)
2014-09-22 14:51:04|   1.0|  0.0|STATS |Reprojector_2(TeeFactory): Cloned 2 input feature(s) into 2 output feature(s)
2014-09-22 14:51:04|   1.0|  0.0|STATS |gzBuildingOutlineTilt_2 INPUT Input Collector(TeeFactory): Cloned 1 input feature(s) into 1 output feature(s)
2014-09-22 14:51:04|   1.0|  0.0|STATS |gzBuildingOutlineTilt_2_INPUT1411411837 Input Splitter(TeeFactory): Cloned 1 input feature(s) into 2 output feature(s)
2014-09-22 14:51:04|   1.0|  0.0|STATS |gzBuildingOutlineTilt_2_Chopper_2_Areas(ChoppingFactory): Processed 1 input feature(s), of which 1 feature(s) were chopped up into 4 piece(s)
2014-09-22 14:51:04|   1.0|  0.0|STATS |gzBuildingOutlineTilt_2_LengthCalculator_2(TeeFactory): Cloned 4 input feature(s) into 4 output feature(s)
2014-09-22 14:51:04|   1.0|  0.0|STATS |gzBuildingOutlineTilt_2_StatisticsCalculator_2_Processor(TeeFactory): Cloned 4 input feature(s) into 4 output feature(s)
2014-09-22 14:51:04|   1.0|  0.0|STATS |gzBuildingOutlineTilt_2_StatisticsCalculator_2_Creator(CreationFactory): Created 1 features
2014-09-22 14:51:04|   1.0|  0.0|STATS |gzBuildingOutlineTilt_2_StatisticsCalculator_2_Outputter(SortFactory): Output 4 feature(s) without doing any sorting
2014-09-22 14:51:04|   1.0|  0.0|STATS |gzBuildingOutlineTilt_2_StatisticsCalculator_2_Exploder(ElementFactory): Split out 0 list elements from 0 input features, using mode LEAN_AND_MEAN
2014-09-22 14:51:04|   1.0|  0.0|STATS |gzBuildingOutlineTilt_2_StatisticsCalculator_2_FinalJudge(TestFactory): Tested 5 input feature(s) -- 4 feature(s) passed and 1 feature(s) failed
2014-09-22 14:51:04|   1.0|  0.0|STATS |gzBuildingOutlineTilt_2_TestFilter_6(TeeFactory): Cloned 4 input feature(s) into 4 output feature(s)
2014-09-22 14:51:04|   1.0|  0.0|STATS |gzBuildingOutlineTilt_2_TestFilter_6_TestFactory_0(TestFactory): Tested 4 input feature(s) -- 2 feature(s) passed and 2 feature(s) failed
2014-09-22 14:51:04|   1.0|  0.0|STATS |gzBuildingOutlineTilt_2_TestFilter_6_<lt>UNFILTERED<gt>(TeeFactory): Cloned 2 input feature(s) into 2 output feature(s)
2014-09-22 14:51:04|   1.0|  0.0|STATS |gzBuildingOutlineTilt_2_TestFilter_6 <lt>UNFILTERED<gt> Output Nuker(TeeFactory): Cloned 2 input feature(s) into 0 output feature(s)
2014-09-22 14:51:04|   1.0|  0.0|STATS |gzBuildingOutlineTilt_2_CoordinateExtractor_4(TestFactory): Tested 2 input feature(s) -- 2 feature(s) passed and 0 feature(s) failed
2014-09-22 14:51:04|   1.0|  0.0|STATS |gzBuildingOutlineTilt_2_CoordinateExtractor_6(TestFactory): Tested 2 input feature(s) -- 2 feature(s) passed and 0 feature(s) failed
2014-09-22 14:51:04|   1.0|  0.0|STATS |gzBuildingOutlineTilt_2_TestFilter_4(TeeFactory): Cloned 2 input feature(s) into 2 output feature(s)
2014-09-22 14:51:04|   1.0|  0.0|STATS |gzBuildingOutlineTilt_2_TestFilter_4_TestFactory_0(TestFactory): Tested 2 input feature(s) -- 1 feature(s) passed and 1 feature(s) failed
2014-09-22 14:51:04|   1.0|  0.0|STATS |gzBuildingOutlineTilt_2_TestFilter_4_<lt>UNFILTERED<gt>(TeeFactory): Cloned 1 input feature(s) into 1 output feature(s)
2014-09-22 14:51:04|   1.0|  0.0|STATS |gzBuildingOutlineTilt_2_ExpressionEvaluator_4(TeeFactory): Cloned 1 input feature(s) into 1 output feature(s)
2014-09-22 14:51:04|   1.0|  0.0|STATS |gzBuildingOutlineTilt_2_ExpressionEvaluator_7(TeeFactory): Cloned 1 input feature(s) into 1 output feature(s)
2014-09-22 14:51:04|   1.0|  0.0|STATS |gzBuildingOutlineTilt_2_ExpressionEvaluator_8(TeeFactory): Cloned 2 input feature(s) into 2 output feature(s)
2014-09-22 14:51:04|   1.0|  0.0|STATS |gzBuildingOutlineTilt_2_TestFilter_5(TeeFactory): Cloned 2 input feature(s) into 2 output feature(s)
2014-09-22 14:51:04|   1.0|  0.0|STATS |gzBuildingOutlineTilt_2_TestFilter_5_TestFactory_0(TestFactory): Tested 2 input feature(s) -- 0 feature(s) passed and 2 feature(s) failed
2014-09-22 14:51:04|   1.0|  0.0|STATS |gzBuildingOutlineTilt_2_TestFilter_5_<lt>UNFILTERED<gt>(TeeFactory): Cloned 2 input feature(s) into 2 output feature(s)
2014-09-22 14:51:04|   1.0|  0.0|STATS |gzBuildingOutlineTilt_2_ExpressionEvaluator_10(TeeFactory): Cloned 0 input feature(s) into 0 output feature(s)
2014-09-22 14:51:04|   1.0|  0.0|INFORM|gzBuildingOutlineTilt_2_Sorter_2(SortFactory): Starting sorting 2 feature(s)
2014-09-22 14:51:04|   1.0|  0.0|INFORM|gzBuildingOutlineTilt_2_Sorter_2(SortFactory): Done sorting 2 feature(s)
2014-09-22 14:51:04|   1.0|  0.0|STATS |gzBuildingOutlineTilt_2_Sorter_2(SortFactory): Sorted 2 feature(s)
2014-09-22 14:51:04|   1.0|  0.0|STATS |gzBuildingOutlineTilt_2_FeatureMerger_3(ReferenceFactory): Total Results: 1 Complete Feature(s), 0 Incomplete Feature(s), 1 Referenced Feature(s), 0 Unreferenced Feature(s), 0 Referencer Feature(s) (NO REFERENCES), 0 Referencee Feature(s) (NO Referencee fields defined), and 1 Duplicate Referencee Feature(s)
2014-09-22 14:51:04|   1.0|  0.0|STATS |gzBuildingOutlineTilt_2_GeometryExtractor_2(TeeFactory): Cloned 1 input feature(s) into 1 output feature(s)
2014-09-22 14:51:04|   1.0|  0.0|STATS |gzBuildingOutlineTilt_2_CenterOfGravityReplacer(TeeFactory): Cloned 1 input feature(s) into 1 output feature(s)
2014-09-22 14:51:04|   1.0|  0.0|STATS |gzBuildingOutlineTilt_2_CoordinateExtractor_3(TestFactory): Tested 1 input feature(s) -- 1 feature(s) passed and 0 feature(s) failed
2014-09-22 14:51:04|   1.0|  0.0|STATS |gzBuildingOutlineTilt_2_GeometryReplacer(TeeFactory): Cloned 1 input feature(s) into 1 output feature(s)
2014-09-22 14:51:04|   1.0|  0.0|STATS |gzBuildingOutlineTilt_2_OUTPUT1411411837 Output Collector(TeeFactory): Cloned 1 input feature(s) into 1 output feature(s)
2014-09-22 14:51:04|   1.0|  0.0|STATS |gzBuildingOutlineTilt_2 OUTPUT Output Renamer/Nuker(TeeFactory): Cloned 1 input feature(s) into 1 output feature(s)
2014-09-22 14:51:04|   1.0|  0.0|STATS |Reprojector(TeeFactory): Cloned 1 input feature(s) into 1 output feature(s)
2014-09-22 14:51:04|   1.0|  0.0|STATS |gzBuildingOutlineTilt INPUT Input Collector(TeeFactory): Cloned 1 input feature(s) into 1 output feature(s)
2014-09-22 14:51:04|   1.0|  0.0|STATS |gzBuildingOutlineTilt_INPUT1411411837 Input Splitter(TeeFactory): Cloned 1 input feature(s) into 2 output feature(s)
2014-09-22 14:51:04|   1.0|  0.0|STATS |gzBuildingOutlineTilt_Chopper_2_Areas(ChoppingFactory): Processed 1 input feature(s), of which 1 feature(s) were chopped up into 4 piece(s)
2014-09-22 14:51:04|   1.0|  0.0|STATS |gzBuildingOutlineTilt_LengthCalculator_2(TeeFactory): Cloned 4 input feature(s) into 4 output feature(s)
2014-09-22 14:51:04|   1.0|  0.0|STATS |gzBuildingOutlineTilt_StatisticsCalculator_2_Processor(TeeFactory): Cloned 4 input feature(s) into 4 output feature(s)
2014-09-22 14:51:04|   1.0|  0.0|STATS |gzBuildingOutlineTilt_StatisticsCalculator_2_Creator(CreationFactory): Created 1 features
2014-09-22 14:51:04|   1.0|  0.0|STATS |gzBuildingOutlineTilt_StatisticsCalculator_2_Outputter(SortFactory): Output 4 feature(s) without doing any sorting
2014-09-22 14:51:04|   1.0|  0.0|STATS |gzBuildingOutlineTilt_StatisticsCalculator_2_Exploder(ElementFactory): Split out 0 list elements from 0 input features, using mode LEAN_AND_MEAN
2014-09-22 14:51:04|   1.0|  0.0|STATS |gzBuildingOutlineTilt_StatisticsCalculator_2_FinalJudge(TestFactory): Tested 5 input feature(s) -- 4 feature(s) passed and 1 feature(s) failed
2014-09-22 14:51:04|   1.0|  0.0|STATS |gzBuildingOutlineTilt_TestFilter_6(TeeFactory): Cloned 4 input feature(s) into 4 output feature(s)
2014-09-22 14:51:04|   1.0|  0.0|STATS |gzBuildingOutlineTilt_TestFilter_6_TestFactory_0(TestFactory): Tested 4 input feature(s) -- 1 feature(s) passed and 3 feature(s) failed
2014-09-22 14:51:04|   1.0|  0.0|STATS |gzBuildingOutlineTilt_TestFilter_6_<lt>UNFILTERED<gt>(TeeFactory): Cloned 3 input feature(s) into 3 output feature(s)
2014-09-22 14:51:04|   1.0|  0.0|STATS |gzBuildingOutlineTilt_TestFilter_6 <lt>UNFILTERED<gt> Output Nuker(TeeFactory): Cloned 3 input feature(s) into 0 output feature(s)
2014-09-22 14:51:04|   1.0|  0.0|STATS |gzBuildingOutlineTilt_CoordinateExtractor_4(TestFactory): Tested 1 input feature(s) -- 1 feature(s) passed and 0 feature(s) failed
2014-09-22 14:51:04|   1.0|  0.0|STATS |gzBuildingOutlineTilt_CoordinateExtractor_6(TestFactory): Tested 1 input feature(s) -- 1 feature(s) passed and 0 feature(s) failed
2014-09-22 14:51:04|   1.0|  0.0|STATS |gzBuildingOutlineTilt_TestFilter_4(TeeFactory): Cloned 1 input feature(s) into 1 output feature(s)
2014-09-22 14:51:04|   1.0|  0.0|STATS |gzBuildingOutlineTilt_TestFilter_4_TestFactory_0(TestFactory): Tested 1 input feature(s) -- 1 feature(s) passed and 0 feature(s) failed
2014-09-22 14:51:04|   1.0|  0.0|STATS |gzBuildingOutlineTilt_TestFilter_4_<lt>UNFILTERED<gt>(TeeFactory): Cloned 0 input feature(s) into 0 output feature(s)
2014-09-22 14:51:04|   1.0|  0.0|STATS |gzBuildingOutlineTilt_ExpressionEvaluator_4(TeeFactory): Cloned 0 input feature(s) into 0 output feature(s)
2014-09-22 14:51:04|   1.0|  0.0|STATS |gzBuildingOutlineTilt_ExpressionEvaluator_7(TeeFactory): Cloned 1 input feature(s) into 1 output feature(s)
2014-09-22 14:51:04|   1.0|  0.0|STATS |gzBuildingOutlineTilt_ExpressionEvaluator_8(TeeFactory): Cloned 1 input feature(s) into 1 output feature(s)
2014-09-22 14:51:04|   1.0|  0.0|STATS |gzBuildingOutlineTilt_TestFilter_5(TeeFactory): Cloned 1 input feature(s) into 1 output feature(s)
2014-09-22 14:51:04|   1.0|  0.0|STATS |gzBuildingOutlineTilt_TestFilter_5_TestFactory_0(TestFactory): Tested 1 input feature(s) -- 0 feature(s) passed and 1 feature(s) failed
2014-09-22 14:51:04|   1.0|  0.0|STATS |gzBuildingOutlineTilt_TestFilter_5_<lt>UNFILTERED<gt>(TeeFactory): Cloned 1 input feature(s) into 1 output feature(s)
2014-09-22 14:51:04|   1.0|  0.0|STATS |gzBuildingOutlineTilt_ExpressionEvaluator_10(TeeFactory): Cloned 0 input feature(s) into 0 output feature(s)
2014-09-22 14:51:04|   1.0|  0.0|INFORM|gzBuildingOutlineTilt_Sorter_2(SortFactory): Starting sorting 1 feature(s)
2014-09-22 14:51:04|   1.0|  0.0|INFORM|gzBuildingOutlineTilt_Sorter_2(SortFactory): Done sorting 1 feature(s)
2014-09-22 14:51:04|   1.0|  0.0|STATS |gzBuildingOutlineTilt_Sorter_2(SortFactory): Sorted 1 feature(s)
2014-09-22 14:51:04|   1.0|  0.0|STATS |gzBuildingOutlineTilt_FeatureMerger_3(ReferenceFactory): Total Results: 1 Complete Feature(s), 0 Incomplete Feature(s), 1 Referenced Feature(s), 0 Unreferenced Feature(s), 0 Referencer Feature(s) (NO REFERENCES), 0 Referencee Feature(s) (NO Referencee fields defined), and 0 Duplicate Referencee Feature(s)
2014-09-22 14:51:04|   1.0|  0.0|STATS |gzBuildingOutlineTilt_GeometryExtractor_2(TeeFactory): Cloned 1 input feature(s) into 1 output feature(s)
2014-09-22 14:51:04|   1.0|  0.0|STATS |gzBuildingOutlineTilt_CenterOfGravityReplacer(TeeFactory): Cloned 1 input feature(s) into 1 output feature(s)
2014-09-22 14:51:04|   1.0|  0.0|STATS |gzBuildingOutlineTilt_CoordinateExtractor_3(TestFactory): Tested 1 input feature(s) -- 1 feature(s) passed and 0 feature(s) failed
2014-09-22 14:51:04|   1.0|  0.0|STATS |gzBuildingOutlineTilt_GeometryReplacer(TeeFactory): Cloned 1 input feature(s) into 1 output feature(s)
2014-09-22 14:51:04|   1.0|  0.0|STATS |gzBuildingOutlineTilt_OUTPUT1411411837 Output Collector(TeeFactory): Cloned 1 input feature(s) into 1 output feature(s)
2014-09-22 14:51:04|   1.0|  0.0|STATS |gzBuildingOutlineTilt OUTPUT Output Renamer/Nuker(TeeFactory): Cloned 1 input feature(s) into 1 output feature(s)
2014-09-22 14:51:04|   1.0|  0.0|STATS |FeatureMerger(ReferenceFactory): Total Results: 1 Complete Feature(s), 0 Incomplete Feature(s), 1 Referenced Feature(s), 0 Unreferenced Feature(s), 0 Referencer Feature(s) (NO REFERENCES), 0 Referencee Feature(s) (NO Referencee fields defined), and 0 Duplicate Referencee Feature(s)
2014-09-22 14:51:04|   1.0|  0.0|STATS |AttributeCreator_3 OUTPUT Splitter(TeeFactory): Cloned 1 input feature(s) into 2 output feature(s)
2014-09-22 14:51:04|   1.0|  0.0|STATS |CenterPointReplacer(TeeFactory): Cloned 1 input feature(s) into 1 output feature(s)
2014-09-22 14:51:04|   1.0|  0.0|STATS |gzSourceTargetQA SourceTargetQA_Input_1 Input Collector(TeeFactory): Cloned 4 input feature(s) into 4 output feature(s)
2014-09-22 14:51:04|   1.0|  0.0|STATS |gzSourceTargetQA_SourceTargetQA_Input_11396906235 Input Splitter(TeeFactory): Cloned 4 input feature(s) into 4 output feature(s)
2014-09-22 14:51:04|   1.0|  0.0|STATS |gzSourceTargetQA_AttributeExposer(TeeFactory): Cloned 4 input feature(s) into 4 output feature(s)
2014-09-22 14:51:04|   1.0|  0.0|STATS |gzSourceTargetQA_AttributeFilter(TestFactory): Tested 0 input feature(s) -- 0 feature(s) passed and 0 feature(s) failed
2014-09-22 14:51:04|   1.0|  0.0|STATS |gzSourceTargetQA_AttributeFilter_BlankFilter(TestFactory): Tested 0 input feature(s) -- 0 feature(s) passed and 0 feature(s) failed
2014-09-22 14:51:04|   1.0|  0.0|STATS |gzSourceTargetQA_AttributeFilter <BLANK> Output Nuker(TeeFactory): Cloned 0 input feature(s) into 0 output feature(s)
2014-09-22 14:51:04|   1.0|  0.0|STATS |gzSourceTargetQA_LengthCalculator(TeeFactory): Cloned 0 input feature(s) into 0 output feature(s)
2014-09-22 14:51:04|   1.0|  0.0|STATS |gzSourceTargetQA_Tester(TestFactory): Tested 0 input feature(s) -- 0 feature(s) passed and 0 feature(s) failed
2014-09-22 14:51:04|   1.0|  0.0|STATS |gzSourceTargetQA_Logger_FAILED_Logger(TeeFactory): Cloned 0 input feature(s) into 0 output feature(s)
2014-09-22 14:51:04|   1.0|  0.0|STATS |gzSourceTargetQA_Logger_FAILED LOGGED Output Nuker(TeeFactory): Cloned 0 input feature(s) into 0 output feature(s)
2014-09-22 14:51:04|   1.0|  0.0|STATS |gzSourceTargetQA_Skip_fpLines(TestFactory): Tested 4 input feature(s) -- 4 feature(s) passed and 0 feature(s) failed
2014-09-22 14:51:04|   1.0|  0.0|INFORM|gzSourceTargetQA_Sorter_SRCVAL(SortFactory): Starting sorting 4 feature(s)
2014-09-22 14:51:04|   1.0|  0.0|INFORM|gzSourceTargetQA_Sorter_SRCVAL(SortFactory): Done sorting 4 feature(s)
2014-09-22 14:51:04|   1.0|  0.0|INFORM|gz starting sourceTargetQA
2014-09-22 14:51:04|   1.0|  0.0|INFORM|gz len(datasets)=4
2014-09-22 14:51:04|   1.0|  0.0|INFORM|... Last line repeated 3 times ...
2014-09-22 14:51:04|   1.0|  0.0|STATS |gzSourceTargetQA_Sorter_SRCVAL(SortFactory): Sorted 4 feature(s)
2014-09-22 14:51:04|   1.0|  0.0|STATS |gzSourceTargetQA_SourceTargetQA_Output_11396906235 Output Collector(TeeFactory): Cloned 4 input feature(s) into 4 output feature(s)
2014-09-22 14:51:04|   1.0|  0.0|STATS |gzSourceTargetQA SourceTargetQA_Output_1 Output Renamer/Nuker(TeeFactory): Cloned 4 input feature(s) into 4 output feature(s)
2014-09-22 14:51:04|   1.0|  0.0|STATS |gzWriteData gzFeatures Input Collector(TeeFactory): Cloned 4 input feature(s) into 4 output feature(s)
2014-09-22 14:51:04|   1.0|  0.0|STATS |gzWriteData_gzFeatures1396906261 Input Splitter(TeeFactory): Cloned 4 input feature(s) into 12 output feature(s)
2014-09-22 14:51:04|   1.0|  0.0|STATS |gzWriteData_StatisticsCalculator_InputProcessor(TeeFactory): Cloned 4 input feature(s) into 4 output feature(s)
2014-09-22 14:51:04|   1.0|  0.0|STATS |gzWriteData_StatisticsCalculator_UnneededInputNuker(TeeFactory): Cloned 4 input feature(s) into 4 output feature(s)
2014-09-22 14:51:04|   1.0|  0.0|STATS |gzWriteData_StatisticsCalculator_CompleteOutputter(SortFactory): Output 4 feature(s) without doing any sorting
2014-09-22 14:51:04|   1.0|  0.0|STATS |gzWriteData_StatisticsCalculator_SummaryCreator(CreationFactory): Created 1 features
2014-09-22 14:51:04|   1.0|  0.0|STATS |gzWriteData_StatisticsCalculator_SummaryExploder(ElementFactory): Split out 1 list elements from 1 input features, using mode LEAN_AND_MEAN
2014-09-22 14:51:04|   1.0|  0.0|STATS |gzWriteData_TestHasErrors(TeeFactory): Cloned 5 input feature(s) into 5 output feature(s)
2014-09-22 14:51:04|   1.0|  0.0|STATS |gzWriteData_TestHasErrors_TestFactory_0(TestFactory): Tested 5 input feature(s) -- 5 feature(s) passed and 0 feature(s) failed
2014-09-22 14:51:04|   1.0|  0.0|STATS |gzWriteData_TestHasErrors_<lt>UNFILTERED<gt>(TeeFactory): Cloned 0 input feature(s) into 0 output feature(s)
2014-09-22 14:51:04|   1.0|  0.0|STATS |gzWriteData_TestHasErrors <lt>UNFILTERED<gt> Output Nuker(TeeFactory): Cloned 0 input feature(s) into 0 output feature(s)
2014-09-22 14:51:04|   1.0|  0.0|STATS |gzWriteData_TestHasErrors_2(TeeFactory): Cloned 4 input feature(s) into 4 output feature(s)
2014-09-22 14:51:04|   1.0|  0.0|STATS |gzWriteData_TestHasErrors_2_TestFactory_0(TestFactory): Tested 4 input feature(s) -- 0 feature(s) passed and 4 feature(s) failed
2014-09-22 14:51:04|   1.0|  0.0|STATS |gzWriteData_TestHasErrors_2_<lt>UNFILTERED<gt>(TeeFactory): Cloned 4 input feature(s) into 4 output feature(s)
2014-09-22 14:51:04|   1.0|  0.0|STATS |gzWriteData_TestHasErrors_2 <lt>UNFILTERED<gt> Output Nuker(TeeFactory): Cloned 4 input feature(s) into 0 output feature(s)
2014-09-22 14:51:04|   1.0|  0.0|STATS |gzWriteData_gzGetErrorInfo INPUT Input Collector(TeeFactory): Cloned 0 input feature(s) into 0 output feature(s)
2014-09-22 14:51:04|   1.0|  0.0|STATS |gzWriteData_gzGetErrorInfo_INPUT1396906154 Input Splitter(TeeFactory): Cloned 0 input feature(s) into 0 output feature(s)
2014-09-22 14:51:04|   1.0|  0.0|STATS |gzWriteData_gzGetErrorInfo_AttributeExposer(TeeFactory): Cloned 0 input feature(s) into 0 output feature(s)
2014-09-22 14:51:04|   1.0|  0.0|STATS |gzWriteData_gzGetErrorInfo_TestFilter(TeeFactory): Cloned 0 input feature(s) into 0 output feature(s)
2014-09-22 14:51:04|   1.0|  0.0|STATS |gzWriteData_gzGetErrorInfo_TestFilter_TestFactory_0(TestFactory): Tested 0 input feature(s) -- 0 feature(s) passed and 0 feature(s) failed
2014-09-22 14:51:04|   1.0|  0.0|STATS |gzWriteData_gzGetErrorInfo_TestFilter_TestFactory_1(TestFactory): Tested 0 input feature(s) -- 0 feature(s) passed and 0 feature(s) failed
2014-09-22 14:51:04|   1.0|  0.0|STATS |gzWriteData_gzGetErrorInfo_TestFilter_TestFactory_2(TestFactory): Tested 0 input feature(s) -- 0 feature(s) passed and 0 feature(s) failed
2014-09-22 14:51:04|   1.0|  0.0|STATS |gzWriteData_gzGetErrorInfo_TestFilter_TestFactory_3(TestFactory): Tested 0 input feature(s) -- 0 feature(s) passed and 0 feature(s) failed
2014-09-22 14:51:04|   1.0|  0.0|STATS |gzWriteData_gzGetErrorInfo_TestFilter_<lt>UNFILTERED<gt>(TeeFactory): Cloned 0 input feature(s) into 0 output feature(s)
2014-09-22 14:51:04|   1.0|  0.0|STATS |gzWriteData_gzGetErrorInfo_TestFilter <lt>UNFILTERED<gt> Output Nuker(TeeFactory): Cloned 0 input feature(s) into 0 output feature(s)
2014-09-22 14:51:04|   1.0|  0.0|STATS |gzWriteData_gzGetErrorInfo_TimeStamper(TeeFactory): Cloned 0 input feature(s) into 0 output feature(s)
2014-09-22 14:51:04|   1.0|  0.0|STATS |gzWriteData_gzGetErrorInfo_VariableSetter(TeeFactory): Cloned 0 input feature(s) into 0 output feature(s)
2014-09-22 14:51:04|   1.0|  0.0|STATS |gzWriteData_gzGetErrorInfo_OUTPUT1396906154 Output Collector(TeeFactory): Cloned 0 input feature(s) into 0 output feature(s)
2014-09-22 14:51:04|   1.0|  0.0|STATS |gzWriteData_gzGetErrorInfo OUTPUT Output Renamer/Nuker(TeeFactory): Cloned 0 input feature(s) into 0 output feature(s)
2014-09-22 14:51:04|   1.1|  0.1|INFORM|Trying to find a DYNAMIC plugin for reader named `GEODATABASE_SDE'
2014-09-22 14:51:04|   1.2|  0.0|INFORM|Loaded module 'GEODATABASE_SDE' from file 'c:\apps\FME\GEODATABASE9.dll'
2014-09-22 14:51:04|   1.2|  0.0|INFORM|FME API version of module 'GEODATABASE_SDE' matches current internal version (3.7 20140327)
2014-09-22 14:51:04|   1.2|  0.0|INFORM|Trying to find a DYNAMIC plugin for reader named `GEODATABASE_SDE'
2014-09-22 14:51:04|   1.2|  0.0|INFORM|FME API version of module 'GEODATABASE_SDE' matches current internal version (3.7 20140327)
2014-09-22 14:51:04|   1.2|  0.0|INFORM|Opening the Geodatabase reader
2014-09-22 14:51:05|   2.1|  0.9|INFORM|FME has checked out an Esri license. The product checked out is 'ArcInfo'
2014-09-22 14:51:05|   2.1|  0.0|INFORM|Installed ArcGIS version is '10.1'
2014-09-22 14:51:06|   2.3|  0.2|INFORM|Connection made to server 'prawn' for dataset 'UWGISStaging' (transactional version 'dbo.DEFAULT') using Operating System's current user
2014-09-22 14:51:06|   2.3|  0.0|INFORM|ArcSDE release: '10.0'. Underlying database: 'SQL Server'
2014-09-22 14:51:07|   3.2|  0.9|WARN  |The table name 'Floor_All' could not be found in the Geodatabase as either a feature class or a table. This may be because the current user does not have permission to see 'Floor_All'
2014-09-22 14:51:07|   3.3|  0.1|INFORM|The OGC definition of the FME coordinate system '_SPHERICAL_MERCATOR_0' is 'PROJCS["WGS_1984_Web_Mercator_Auxiliary_Sphere",GEOGCS["GCS_WGS_1984",DATUM["D_WGS_1984",SPHEROID["WGS_1984",6378137.0,298.257223563]],PRIMEM["Greenwich",0.0],UNIT["Degree",0.0174532925199433]],PROJECTION["Mercator_Auxiliary_Sphere"],PARAMETER["False_Easting",0.0],PARAMETER["False_Northing",0.0],PARAMETER["Central_Meridian",0.0],PARAMETER["Standard_Parallel_1",0.0],PARAMETER["Auxiliary_Sphere_Type",0.0],UNIT["Meter",1.0]]'
2014-09-22 14:51:07|   3.3|  0.0|WARN  |The table name 'Floor_Area_All' could not be found in the Geodatabase as either a feature class or a table. This may be because the current user does not have permission to see 'Floor_Area_All'
2014-09-22 14:51:08|   3.6|  0.2|WARN  |The table name 'Campus' could not be found in the Geodatabase as either a feature class or a table. This may be because the current user does not have permission to see 'Campus'
2014-09-22 14:51:08|   3.6|  0.0|INFORM|Closing the Geodatabase reader
2014-09-22 14:51:08|   3.6|  0.0|INFORM|Reader `GEODATABASE_SDE_1' of type `GEODATABASE_SDE' provided schema for types: Building_Foundation,Building_Outline_Point,Building_Point,Building_Outline_Tilt,Building_Roof,Building
2014-09-22 14:51:08|   3.6|  0.0|INFORM|Trying to find a DYNAMIC plugin for writer named `GEODATABASE_SDE'
2014-09-22 14:51:08|   3.6|  0.0|INFORM|FME API version of module 'GEODATABASE_SDE' matches current internal version (3.7 20140327)
2014-09-22 14:51:08|   3.6|  0.0|INFORM|FME Configuration: No destination coordinate system set
2014-09-22 14:51:08|   3.6|  0.0|INFORM|FME API version of module 'GEODATABASE_SDE' matches current internal version (3.7 20140327)
2014-09-22 14:51:08|   3.6|  0.0|INFORM|Writer `GEODATABASE_SDE_2' of type `GEODATABASE_SDE' using group definition keyword `GEODATABASE_SDE_2_DEF'
2014-09-22 14:51:08|   3.6|  0.0|INFORM|FME API version of module 'GEODATABASE_SDE' matches current internal version (3.7 20140327)
2014-09-22 14:51:08|   3.6|  0.0|INFORM|An ArcGIS license is already checked out. The product checked out is 'Advanced'
2014-09-22 14:51:08|   3.6|  0.0|INFORM|Installed ArcGIS version is '10.1'
2014-09-22 14:51:09|   3.6|  0.0|INFORM|Connection made to server 'prawn' for dataset 'UWGISStaging' (transactional version 'dbo.DEFAULT') using Operating System's current user
2014-09-22 14:51:09|   3.6|  0.0|INFORM|ArcSDE release: '10.0'. Underlying database: 'SQL Server'
2014-09-22 14:51:09|   3.7|  0.0|WARN  |Value of feature type parameter 'GEODB_OBJECT_ID_NAME' for table/feature class 'DBO.gzLog' has been changed from 'OBJECTID' to 'OBJECTID_1' as it conflicted with user field name
2014-09-22 14:51:09|   3.7|  0.0|WARN  |Value of feature type parameter 'GEODB_OBJECT_ID_NAME' for table/feature class 'DBO.gzError' has been changed from 'OBJECTID' to 'OBJECTID_1' as it conflicted with user field name
2014-09-22 14:51:09|   3.7|  0.0|WARN  |Value of feature type parameter 'GEODB_OBJECT_ID_NAME' for table/feature class 'd_y_n' has been changed from 'OBJECTID' to 'OBJECTID_1' as it conflicted with user field name
2014-09-22 14:51:09|   3.7|  0.0|WARN  |Value of feature type parameter 'GEODB_OBJECT_ID_NAME' for table/feature class 'd_y_n00' has been changed from 'OBJECTID' to 'OBJECTID_1' as it conflicted with user field name
2014-09-22 14:51:09|   3.7|  0.0|WARN  |Value of feature type parameter 'GEODB_OBJECT_ID_NAME' for table/feature class 'd_y_n01' has been changed from 'OBJECTID' to 'OBJECTID_1' as it conflicted with user field name
2014-09-22 14:51:09|   3.7|  0.0|WARN  |Value of feature type parameter 'GEODB_OBJECT_ID_NAME' for table/feature class 'd_y_n02' has been changed from 'OBJECTID' to 'OBJECTID_1' as it conflicted with user field name
2014-09-22 14:51:09|   3.7|  0.0|WARN  |Value of feature type parameter 'GEODB_OBJECT_ID_NAME' for table/feature class 'd_y_n03' has been changed from 'OBJECTID' to 'OBJECTID_1' as it conflicted with user field name
2014-09-22 14:51:09|   3.7|  0.0|WARN  |Value of feature type parameter 'GEODB_OBJECT_ID_NAME' for table/feature class 'd_y_n04' has been changed from 'OBJECTID' to 'OBJECTID_1' as it conflicted with user field name
2014-09-22 14:51:09|   3.7|  0.0|INFORM|The 'HAS_Z_VALUES' keyword is set to 'AUTO_DETECT'. With the exception of MultiPatch feature classes, the dimensionality of new feature classes will be based on the first feature written to the feature class. (Features with no geometry are considered 2D)
2014-09-22 14:51:09|   3.7|  0.0|INFORM|A default z-value of '0' will be used for all 3D features where z-values are not provided
2014-09-22 14:51:09|   3.7|  0.0|INFORM|Geodatabase Writer: Not simplifying geometries being written to the Geodatabase
2014-09-22 14:51:09|   3.7|  0.0|INFORM|Writer mode is 'INSERT'
2014-09-22 14:51:09|   3.9|  0.2|INFORM|Geodatabase Writer: Truncating table/feature class `Building_Foundation'
2014-09-22 14:51:09|   3.9|  0.0|INFORM|Geodatabase Writer: The field 'OBJECTID' in table 'Building_Foundation' will not be updated since it is not editable
2014-09-22 14:51:09|   3.9|  0.0|INFORM|Geodatabase Writer: The field 'GlobalID' in table 'Building_Foundation' will not be updated since it is not editable
2014-09-22 14:51:09|   3.9|  0.0|INFORM|Geodatabase Writer: The field 'SHAPE.STArea()' in table 'Building_Foundation' will not be updated since it is not editable
2014-09-22 14:51:09|   3.9|  0.0|INFORM|Geodatabase Writer: The field 'SHAPE.STLength()' in table 'Building_Foundation' will not be updated since it is not editable
2014-09-22 14:51:09|   3.9|  0.0|INFORM|Starting an edit session
2014-09-22 14:51:09|   3.9|  0.0|WARN  |A 2D feature was encountered in the feature class 'Building_Foundation', which is defined as containing 3D features. The feature, and any other applicable features in the same feature class, will be modified so that it has the same dimension as the feature class
2014-09-22 14:51:09|   3.9|  0.0|INFORM|Geodatabase Writer: Truncating table/feature class `Building_Outline_Point'
2014-09-22 14:51:09|   3.9|  0.0|INFORM|Geodatabase Writer: The field 'OBJECTID' in table 'Building_Outline_Point' will not be updated since it is not editable
2014-09-22 14:51:09|   3.9|  0.0|INFORM|Geodatabase Writer: The field 'GlobalID' in table 'Building_Outline_Point' will not be updated since it is not editable
2014-09-22 14:51:09|   3.9|  0.0|WARN  |A 2D feature was encountered in the feature class 'Building_Outline_Point', which is defined as containing 3D features. The feature, and any other applicable features in the same feature class, will be modified so that it has the same dimension as the feature class
2014-09-22 14:51:09|   3.9|  0.0|INFORM|Geodatabase Writer: Truncating table/feature class `Building_Outline_Tilt'
2014-09-22 14:51:09|   3.9|  0.0|INFORM|Geodatabase Writer: The field 'OBJECTID' in table 'Building_Outline_Tilt' will not be updated since it is not editable
2014-09-22 14:51:09|   3.9|  0.0|INFORM|Geodatabase Writer: The field 'GlobalID' in table 'Building_Outline_Tilt' will not be updated since it is not editable
2014-09-22 14:51:09|   3.9|  0.0|INFORM|Geodatabase Writer: The field 'SHAPE.STArea()' in table 'Building_Outline_Tilt' will not be updated since it is not editable
2014-09-22 14:51:09|   3.9|  0.0|INFORM|Geodatabase Writer: The field 'SHAPE.STLength()' in table 'Building_Outline_Tilt' will not be updated since it is not editable
2014-09-22 14:51:09|   3.9|  0.0|INFORM|Geodatabase Writer: Truncating table/feature class `Building_Roof'
2014-09-22 14:51:09|   3.9|  0.0|INFORM|Geodatabase Writer: The field 'OBJECTID' in table 'Building_Roof' will not be updated since it is not editable
2014-09-22 14:51:09|   3.9|  0.0|INFORM|Geodatabase Writer: The field 'GlobalID' in table 'Building_Roof' will not be updated since it is not editable
2014-09-22 14:51:09|   3.9|  0.0|INFORM|Geodatabase Writer: The field 'SHAPE.STArea()' in table 'Building_Roof' will not be updated since it is not editable
2014-09-22 14:51:09|   3.9|  0.0|INFORM|Geodatabase Writer: The field 'SHAPE.STLength()' in table 'Building_Roof' will not be updated since it is not editable
2014-09-22 14:51:09|   3.9|  0.0|WARN  |A 2D feature was encountered in the feature class 'Building_Roof', which is defined as containing 3D features. The feature, and any other applicable features in the same feature class, will be modified so that it has the same dimension as the feature class
2014-09-22 14:51:09|   3.9|  0.0|STATS |gzWriteData_FeatureMerger(ReferenceFactory): Total Results: 5 Complete Feature(s), 0 Incomplete Feature(s), 4 Referenced Feature(s), 0 Unreferenced Feature(s), 0 Referencer Feature(s) (NO REFERENCES), 0 Referencee Feature(s) (NO Referencee fields defined), and 0 Duplicate Referencee Feature(s)
2014-09-22 14:51:09|   3.9|  0.0|STATS |gzWriteData_FeatureMerger REFERENCED Splitter(TeeFactory): Cloned 4 input feature(s) into 8 output feature(s)
2014-09-22 14:51:09|   3.9|  0.0|STATS |gzWriteData_FeatureMerger DUPLICATE_SUPPLIER Splitter(TeeFactory): Cloned 0 input feature(s) into 0 output feature(s)
2014-09-22 14:51:09|   3.9|  0.0|STATS |gzWriteData_gzGetLogInfo StatisticsCalculator_INPUT_55 Input Collector(TeeFactory): Cloned 4 input feature(s) into 4 output feature(s)
2014-09-22 14:51:09|   3.9|  0.0|STATS |gzWriteData_gzGetLogInfo_StatisticsCalculator_INPUT_551396906184 Input Splitter(TeeFactory): Cloned 4 input feature(s) into 4 output feature(s)
2014-09-22 14:51:09|   3.9|  0.0|STATS |gzWriteData_gzGetLogInfo_AttributeExposer(TeeFactory): Cloned 4 input feature(s) into 4 output feature(s)
2014-09-22 14:51:09|   3.9|  0.0|STATS |gzWriteData_gzGetLogInfo_StatisticsCalculator_InputProcessor(TeeFactory): Cloned 4 input feature(s) into 4 output feature(s)
2014-09-22 14:51:09|   3.9|  0.0|STATS |gzWriteData_gzGetLogInfo_StatisticsCalculator_UnneededInputNuker(TeeFactory): Cloned 4 input feature(s) into 0 output feature(s)
2014-09-22 14:51:09|   3.9|  0.0|STATS |gzWriteData_gzGetLogInfo_StatisticsCalculator_CompleteOutputter(SortFactory): Output 0 feature(s) without doing any sorting
2014-09-22 14:51:09|   3.9|  0.0|INFORM|Geodatabase Writer: Truncating table/feature class `DBO.gzLog'
2014-09-22 14:51:09|   3.9|  0.0|INFORM|Geodatabase Writer: The field 'OBJECTID' in table 'DBO.gzLog' will not be updated since it is not editable
2014-09-22 14:51:09|   3.9|  0.0|STATS |gzWriteData_gzGetLogInfo_StatisticsCalculator_SummaryCreator(CreationFactory): Created 1 features
2014-09-22 14:51:09|   3.9|  0.0|STATS |gzWriteData_gzGetLogInfo_StatisticsCalculator_SummaryExploder(ElementFactory): Split out 4 list elements from 1 input features, using mode LEAN_AND_MEAN
2014-09-22 14:51:09|   3.9|  0.0|STATS |gzWriteData_gzGetLogInfo_AttributeExposer_2(TeeFactory): Cloned 4 input feature(s) into 4 output feature(s)
2014-09-22 14:51:09|   3.9|  0.0|STATS |gzWriteData_gzGetLogInfo_LOADTIME(TeeFactory): Cloned 4 input feature(s) into 4 output feature(s)
2014-09-22 14:51:09|   3.9|  0.0|STATS |gzWriteData_gzGetLogInfo_DATASET(TeeFactory): Cloned 4 input feature(s) into 4 output feature(s)
2014-09-22 14:51:09|   3.9|  0.0|STATS |gzWriteData_gzGetLogInfo_TestFilter(TeeFactory): Cloned 4 input feature(s) into 4 output feature(s)
2014-09-22 14:51:09|   3.9|  0.0|STATS |gzWriteData_gzGetLogInfo_TestFilter_TestFactory_0(TestFactory): Tested 4 input feature(s) -- 4 feature(s) passed and 0 feature(s) failed
2014-09-22 14:51:09|   3.9|  0.0|STATS |gzWriteData_gzGetLogInfo_TestFilter_<lt>UNFILTERED<gt>(TeeFactory): Cloned 0 input feature(s) into 0 output feature(s)
2014-09-22 14:51:09|   3.9|  0.0|STATS |gzWriteData_gzGetLogInfo_StatisticsCalculator_SUMMARY_551396906184 Output Collector(TeeFactory): Cloned 4 input feature(s) into 4 output feature(s)
2014-09-22 14:51:09|   3.9|  0.0|STATS |gzWriteData_gzGetLogInfo StatisticsCalculator_SUMMARY_55 Output Renamer/Nuker(TeeFactory): Cloned 4 input feature(s) into 4 output feature(s)
2014-09-22 14:51:09|   3.9|  0.0|STATS |gzWriteData_gzFeatureWriter1396906261 Output Collector(TeeFactory): Cloned 4 input feature(s) into 4 output feature(s)
2014-09-22 14:51:09|   3.9|  0.0|STATS |gzWriteData_gzLogWriter1396906261 Output Collector(TeeFactory): Cloned 4 input feature(s) into 4 output feature(s)
2014-09-22 14:51:09|   3.9|  0.0|STATS |gzWriteData_gzErrorWriter1396906261 Output Collector(TeeFactory): Cloned 0 input feature(s) into 0 output feature(s)
2014-09-22 14:51:09|   3.9|  0.0|STATS |gzWriteData gzLogWriter Output Renamer/Nuker(TeeFactory): Cloned 4 input feature(s) into 4 output feature(s)
2014-09-22 14:51:09|   3.9|  0.0|STATS |gzWriteData gzFeatureWriter Output Renamer/Nuker(TeeFactory): Cloned 4 input feature(s) into 4 output feature(s)
2014-09-22 14:51:09|   3.9|  0.0|STATS |gzWriteData gzErrorWriter Output Renamer/Nuker(TeeFactory): Cloned 0 input feature(s) into 0 output feature(s)
2014-09-22 14:51:09|   3.9|  0.0|STATS |gzWriteData_gzFeatureWriter -> NewFeatureType Correlator(TeeFactory): Cloned 4 input feature(s) into 4 output feature(s)
2014-09-22 14:51:09|   3.9|  0.0|STATS |gzWriteData_gzLogWriter -> DBO.gzLog Correlator(TeeFactory): Cloned 4 input feature(s) into 4 output feature(s)
2014-09-22 14:51:09|   3.9|  0.0|STATS |gzWriteData_gzErrorWriter -> DBO.gzError Correlator(TeeFactory): Cloned 0 input feature(s) into 0 output feature(s)
2014-09-22 14:51:09|   3.9|  0.0|STATS |Final Output Feature Type Router(TestFactory): Tested 8 input feature(s) -- 8 feature(s) passed and 0 feature(s) failed
2014-09-22 14:51:09|   3.9|  0.0|STATS |Final Output Nuker(TeeFactory): Cloned 0 input feature(s) into 0 output feature(s)
2014-09-22 14:51:09|   3.9|  0.0|STATS |GeodatabaseRelationshipFeaturesPipeline::GeodatabaseRelationshipFeatures(SortFactory): Sorted 0 feature(s)
2014-09-22 14:51:09|   3.9|  0.0|INFORM|All edits made during the edit session were saved
2014-09-22 14:51:09|   3.9|  0.0|INFORM|Closing the Geodatabase writer
2014-09-22 14:51:10|   3.9|  0.0|INFORM|=-=-=-=-=-=-=-=-=-=-=-=-=-=-=-=-=-=-=-=-=-=-=-=-=-=-=-=-=-=-=-=-=-=-=-=-=-=-=-
2014-09-22 14:51:10|   3.9|  0.0|INFORM|Feature output statistics for `GEODATABASE_SDE' writer using keyword `GEODATABASE_SDE_2':
2014-09-22 14:51:10|   3.9|  0.0|STATS |=-=-=-=-=-=-=-=-=-=-=-=-=-=-=-=-=-=-=-=-=-=-=-=-=-=-=-=-=-=-=-=-=-=-=-=-=-=-=-
2014-09-22 14:51:10|   3.9|  0.0|STATS |                               Features Written
2014-09-22 14:51:10|   3.9|  0.0|STATS |=-=-=-=-=-=-=-=-=-=-=-=-=-=-=-=-=-=-=-=-=-=-=-=-=-=-=-=-=-=-=-=-=-=-=-=-=-=-=-
2014-09-22 14:51:10|   3.9|  0.0|STATS |Building_Foundation                                                          1
2014-09-22 14:51:10|   3.9|  0.0|STATS |Building_Outline_Point                                                       1
2014-09-22 14:51:10|   3.9|  0.0|STATS |Building_Outline_Tilt                                                        1
2014-09-22 14:51:10|   3.9|  0.0|STATS |Building_Roof                                                                1
2014-09-22 14:51:10|   3.9|  0.0|STATS |DBO.gzLog                                                                    4
2014-09-22 14:51:10|   3.9|  0.0|STATS |==============================================================================
2014-09-22 14:51:10|   3.9|  0.0|STATS |Total Features Written                                                       8
2014-09-22 14:51:10|   3.9|  0.0|STATS |=-=-=-=-=-=-=-=-=-=-=-=-=-=-=-=-=-=-=-=-=-=-=-=-=-=-=-=-=-=-=-=-=-=-=-=-=-=-=-
2014-09-22 14:51:10|   3.9|  0.0|STATS |=-=-=-=-=-=-=-=-=-=-=-=-=-=-=-=-=-=-=-=-=-=-=-=-=-=-=-=-=-=-=-=-=-=-=-=-=-=-=-
2014-09-22 14:51:10|   3.9|  0.0|STATS |                            Features Read Summary
2014-09-22 14:51:10|   3.9|  0.0|STATS |=-=-=-=-=-=-=-=-=-=-=-=-=-=-=-=-=-=-=-=-=-=-=-=-=-=-=-=-=-=-=-=-=-=-=-=-=-=-=-
2014-09-22 14:51:10|   3.9|  0.0|STATS |Building_Footprint                                                           1
2014-09-22 14:51:10|   3.9|  0.0|STATS |Building_Outline_Tilt                                                        1
2014-09-22 14:51:10|   3.9|  0.0|STATS |Building_Roof                                                                1
2014-09-22 14:51:10|   3.9|  0.0|STATS |==============================================================================
2014-09-22 14:51:10|   3.9|  0.0|STATS |Total Features Read                                                          3
2014-09-22 14:51:10|   3.9|  0.0|STATS |=-=-=-=-=-=-=-=-=-=-=-=-=-=-=-=-=-=-=-=-=-=-=-=-=-=-=-=-=-=-=-=-=-=-=-=-=-=-=-
2014-09-22 14:51:10|   3.9|  0.0|STATS |=-=-=-=-=-=-=-=-=-=-=-=-=-=-=-=-=-=-=-=-=-=-=-=-=-=-=-=-=-=-=-=-=-=-=-=-=-=-=-
2014-09-22 14:51:10|   3.9|  0.0|STATS |                           Features Written Summary
2014-09-22 14:51:10|   3.9|  0.0|STATS |=-=-=-=-=-=-=-=-=-=-=-=-=-=-=-=-=-=-=-=-=-=-=-=-=-=-=-=-=-=-=-=-=-=-=-=-=-=-=-
2014-09-22 14:51:10|   3.9|  0.0|STATS |Building_Foundation                                                          1
2014-09-22 14:51:10|   3.9|  0.0|STATS |Building_Outline_Point                                                       1
2014-09-22 14:51:10|   3.9|  0.0|STATS |Building_Outline_Tilt                                                        1
2014-09-22 14:51:10|   3.9|  0.0|STATS |Building_Roof                                                                1
2014-09-22 14:51:10|   3.9|  0.0|STATS |DBO.gzLog                                                                    4
2014-09-22 14:51:10|   3.9|  0.0|STATS |==============================================================================
2014-09-22 14:51:10|   3.9|  0.0|STATS |Total Features Written                                                       8
2014-09-22 14:51:10|   3.9|  0.0|STATS |=-=-=-=-=-=-=-=-=-=-=-=-=-=-=-=-=-=-=-=-=-=-=-=-=-=-=-=-=-=-=-=-=-=-=-=-=-=-=-
2014-09-22 14:51:10|   3.9|  0.0|INFORM|Translation was SUCCESSFUL with 14 warning(s) (8 feature(s) output)
2014-09-22 14:51:10|   3.9|  0.0|INFORM|FME Session Duration: 6.8 seconds. (CPU: 2.8s user, 0.9s system)
2014-09-22 14:51:10|   3.9|  0.0|INFORM|END - ProcessID: 10024, peak process memory usage: 274312 kB, current process memory usage: 272300 kB
