2014-09-22 14:36:32|   0.2|  0.2|INFORM|FME 2014 SP2 (20140606 - Build 14338 - WIN32)
2014-09-22 14:36:32|   0.2|  0.0|INFORM|FME_HOME is 'c:\apps\FME\'
2014-09-22 14:36:32|   0.2|  0.0|INFORM|FME Oracle Edition (node locked-crc)
2014-09-22 14:36:32|   0.2|  0.0|INFORM|Serial Number: Steve_Grise
2014-09-22 14:36:32|   0.2|  0.0|INFORM|Temporary License: 66 days left.
2014-09-22 14:36:32|   0.2|  0.0|INFORM|Machine host name is: Prawn
2014-09-22 14:36:32|   0.2|  0.0|INFORM|START - ProcessID: 4700, peak process memory usage: 47768 kB, current process memory usage: 47768 kB
2014-09-22 14:36:32|   0.2|  0.0|INFORM|FME Configuration: Command line arguments are `c:\\apps\\FME\\fme.exe' `C:\Users\Steve\Documents\GitHub\SyncEngine\gse\ETL\fme\gseBuildingDerive.fmw' `--DestDataset_GEODATABASE_SDE' `sde' `--SCHEMA_IN_REAL_FORMAT_SCHEMA' `Esri Geodatabase (ArcSDE Geodatabase)' `--OUT_CONNECTION_FILE_GEODATABASE_SDE' `C:\Users\Steve\Documents\GitHub\SyncEngine\gse\ETL\serverConfig\GIS Staging.sde' `--ProductionConnectionFile' `C:\Users\Steve\Documents\GitHub\SyncEngine\gse\ETL\serverConfig\GIS Production.sde' `--GizintaProject' `C:\Users\Steve\Documents\GitHub\SyncEngine\gse\ETL\config\bmBldgDerivePlaylist.xml' `--SourceFieldQA' `False' `--TargetFieldQA' `True' `--IgnoreErrors' `False' `--SourceDatasetTypes' `GDBDataset' `--pFLOORID' `CAD_UW_S_le' `--SourceCoordinateSystem' `EPSG:2285' `--gzDebug' `False' `--LOG_FILE' `C:\Users\Steve\Documents\GitHub\SyncEngine\gse\ETL\fme\log\gseBuildingDerive.log'
2014-09-22 14:36:32|   0.2|  0.0|INFORM|Using FME's provided Python interpreter from c:\apps\FME\fmepython27\python27.dll
2014-09-22 14:36:32|   0.2|  0.0|INFORM|Python version 2.7 successfully loaded
2014-09-22 14:36:32|   0.2|  0.0|INFORM|Adding directory `c:\apps\FME\transformers\' to the python path
2014-09-22 14:36:32|   0.2|  0.0|INFORM|FME_BEGIN_PYTHON: evaluating python script from string...
2014-09-22 14:36:32|   0.3|  0.0|INFORM|FME_BEGIN_PYTHON: python script execution complete.
2014-09-22 14:36:32|   0.3|  0.0|INFORM|Shared directories for formats are : C:\Users\Steve\Documents\FME\Formats;c:\apps\FME\datasources
2014-09-22 14:36:32|   0.3|  0.0|INFORM|Shared directories for transformers are : C:\Users\Steve\Documents\FME\Transformers;c:\apps\FME\transformers;C:\Users\Steve\AppData\Roaming\Safe Software\FME\FME Store\Transformers
2014-09-22 14:36:32|   0.3|  0.0|INFORM|Shared directories for coordinate systems are : C:\Users\Steve\Documents\FME\CoordinateSystems
2014-09-22 14:36:32|   0.3|  0.0|INFORM|Shared directories for coordinate system exceptions are : C:\Users\Steve\Documents\FME\CoordinateSystemExceptions
2014-09-22 14:36:32|   0.3|  0.0|INFORM|Shared directories for coordinate system grid overrides are : C:\Users\Steve\Documents\FME\CoordinateSystemGridOverrides
2014-09-22 14:36:32|   0.3|  0.0|INFORM|Shared directories for CS-MAP transformation exceptions are : C:\Users\Steve\Documents\FME\CsmapTransformationExceptions
2014-09-22 14:36:32|   0.3|  0.0|INFORM|Shared directories for transformer categories are : C:\Users\Steve\Documents\FME\TransformerCategories
2014-09-22 14:36:32|   0.3|  0.0|INFORM|Mapping File Identifier is: GizintaLoader
2014-09-22 14:36:32|   0.3|  0.0|INFORM|FME Configuration: Reader Keyword is `MULTI_READER'
2014-09-22 14:36:32|   0.3|  0.0|INFORM|FME Configuration: Writer Keyword is `MULTI_WRITER'
2014-09-22 14:36:32|   0.3|  0.0|INFORM|FME Configuration: Writer Group Definition Keyword is `MULTI_WRITER_DEF'
2014-09-22 14:36:32|   0.3|  0.0|INFORM|FME Configuration: Reader type is `MULTI_READER'
2014-09-22 14:36:32|   0.3|  0.0|INFORM|FME Configuration: Writer type is `MULTI_WRITER'
2014-09-22 14:36:32|   0.3|  0.0|INFORM|FME Configuration: No destination coordinate system set
2014-09-22 14:36:32|   0.3|  0.0|INFORM|FME Configuration: Current working directory is `C:\Users\Steve\Documents\GitHub\SyncEngine\gse\ETL'
2014-09-22 14:36:32|   0.3|  0.0|INFORM|FME Configuration: Temporary directory is `C:\Users\Steve\AppData\Local\Temp'
2014-09-22 14:36:32|   0.3|  0.0|INFORM|FME Configuration: FME_HOME is `c:\apps\FME\'
2014-09-22 14:36:32|   0.3|  0.0|INFORM|FME Configuration: FME_BASE is 'no'
2014-09-22 14:36:32|   0.3|  0.0|INFORM|FME Configuration: FME_MF_DIR is 'C:\Users\Steve\Documents\GitHub\SyncEngine\gse\ETL\fme/'
2014-09-22 14:36:32|   0.3|  0.0|INFORM|FME Configuration: FME_MF_NAME is 'gseBuildingDerive.fmw'
2014-09-22 14:36:32|   0.3|  0.0|INFORM|FME Configuration: FME_PRODUCT_NAME is 'FME(R) 2014 SP2'
2014-09-22 14:36:32|   0.3|  0.0|INFORM|System Status: 95833MB of disk space available in the FME temporary directory (C:\Users\Steve\AppData\Local\Temp\)
2014-09-22 14:36:32|   0.3|  0.0|INFORM|System Status: 3899MB of virtual memory available
2014-09-22 14:36:32|   0.3|  0.0|INFORM|Operating System: Microsoft Windows 7 64-bit Service Pack 1 (Build 7601)
2014-09-22 14:36:32|   0.3|  0.0|INFORM|FME Platform: WIN32
2014-09-22 14:36:32|   0.3|  0.0|INFORM|Locale: en_CA
2014-09-22 14:36:32|   0.3|  0.0|INFORM|Code Page: 1252  (ANSI - Latin I)
2014-09-22 14:36:32|   0.3|  0.0|INFORM|FME Configuration: Process limit is 4095 MB (out of 12170 MB physical memory and 4095 MB address space)
2014-09-22 14:36:32|   0.3|  0.0|INFORM|FME Configuration: Start freeing memory when process usage exceeds 2895 MB of memory or 3495 MB of address space
2014-09-22 14:36:32|   0.3|  0.0|INFORM|FME Configuration: Stop freeing memory when process usage is below 2171 MB of memory and 2621 MB of address space
2014-09-22 14:36:32|   0.3|  0.0|INFORM|FME Configuration: Autodetermining optimal maximum number of objects in memory
2014-09-22 14:36:32|   0.3|  0.0|INFORM|MULTI_READER(MULTI_READER): Will fail with first member reader failure
2014-09-22 14:36:32|   0.3|  0.0|INFORM|MULTI_READER(MULTI_READER): Adding NULL Reader with keyword GEODATABASE_SDE_1
2014-09-22 14:36:32|   0.3|  0.0|INFORM|MULTI_READER(MULTI_READER): Adding GEODATABASE_SDE Reader with keyword GEODATABASE_SDE_2
2014-09-22 14:36:32|   0.3|  0.0|INFORM|Using Multi Reader $Revision: 114961 $ ( $Date: 2014-01-08 16:53:06 -0800 (Wed, 08 Jan 2014) $ ) with keyword `MULTI_READER' to read multiple datasets
2014-09-22 14:36:32|   0.3|  0.0|INFORM|Trying to find a DYNAMIC plugin for reader named `NULL'
2014-09-22 14:36:32|   0.3|  0.0|INFORM|Loaded module 'NULL' from file 'c:\apps\FME\plugins/NULL.dll'
2014-09-22 14:36:32|   0.3|  0.0|INFORM|FME API version of module 'NULL' matches current internal version (3.7 20140327)
2014-09-22 14:36:32|   0.3|  0.0|INFORM|Using MultiWriter $Revision: 59162 $ ( $Date: 2009-04-07 10:04:59 -0700 (Tue, 07 Apr 2009) $ ) with keyword `MULTI_WRITER' to output data (ID_ATTRIBUTE is `multi_writer_id')
2014-09-22 14:36:32|   0.3|  0.0|INFORM|Writer output will be ordered by value of multi_writer_id
2014-09-22 14:36:32|   0.3|  0.0|INFORM|Loaded module 'Python_func' from file 'c:\apps\FME\plugins/Python_func.dll'
2014-09-22 14:36:32|   0.3|  0.0|INFORM|FME API version of module 'Python_func' matches current internal version (3.7 20140327)
2014-09-22 14:36:32|   0.4|  0.0|INFORM|Using FME's provided Python interpreter from c:\apps\FME\fmepython27\python27.dll
2014-09-22 14:36:32|   0.4|  0.0|INFORM|Python version 2.7 successfully loaded
2014-09-22 14:36:32|   0.4|  0.0|INFORM|Loaded module 'Geometry_func' from file 'c:\apps\FME\plugins/Geometry_func.dll'
2014-09-22 14:36:32|   0.4|  0.0|INFORM|FME API version of module 'Geometry_func' matches current internal version (3.7 20140327)
2014-09-22 14:36:32|   0.4|  0.0|INFORM|Loaded module 'EvaluateExpression_func' from file 'c:\apps\FME\plugins/EvaluateExpression_func.dll'
2014-09-22 14:36:32|   0.4|  0.0|INFORM|FME API version of module 'EvaluateExpression_func' matches current internal version (3.7 20140327)
2014-09-22 14:36:32|   0.4|  0.0|INFORM|Loaded module 'PythonFactory' from file 'c:\apps\FME\plugins/PythonFactory.dll'
2014-09-22 14:36:32|   0.4|  0.0|INFORM|FME API version of module 'PythonFactory' matches current internal version (3.7 20140327)
2014-09-22 14:36:32|   0.4|  0.0|INFORM|Using FME's provided Python interpreter from c:\apps\FME\fmepython27\python27.dll
2014-09-22 14:36:32|   0.4|  0.0|INFORM|Python version 2.7 successfully loaded
2014-09-22 14:36:32|   0.4|  0.0|INFORM|Loaded module 'GeometryValidationFactory' from file 'c:\apps\FME\plugins/GeometryValidationFactory.dll'
2014-09-22 14:36:32|   0.4|  0.0|INFORM|FME API version of module 'GeometryValidationFactory' matches current internal version (3.7 20140327)
2014-09-22 14:36:32|   0.4|  0.0|INFORM|FME API version of module 'PythonFactory' matches current internal version (3.7 20140327)
2014-09-22 14:36:32|   0.4|  0.0|INFORM|gzWriteData_StatisticsCalculator_SummaryExploder(ElementFactory): LEAN_AND_MEAN processing enabled
2014-09-22 14:36:32|   0.4|  0.0|INFORM|gzWriteData_gzGetLogInfo_StatisticsCalculator_SummaryExploder(ElementFactory): LEAN_AND_MEAN processing enabled
2014-09-22 14:36:32|   0.4|  0.0|INFORM|Trying to find a DYNAMIC plugin for reader named `GEODATABASE_SDE'
2014-09-22 14:36:32|   0.5|  0.1|INFORM|Loaded module 'GEODATABASE_SDE' from file 'c:\apps\FME\GEODATABASE9.dll'
2014-09-22 14:36:32|   0.5|  0.0|INFORM|FME API version of module 'GEODATABASE_SDE' matches current internal version (3.7 20140327)
2014-09-22 14:36:32|   0.5|  0.0|INFORM|Opening the Geodatabase reader
2014-09-22 14:36:33|   1.4|  0.9|INFORM|FME has checked out an Esri license. The product checked out is 'ArcInfo'
2014-09-22 14:36:33|   1.4|  0.0|INFORM|Installed ArcGIS version is '10.1'
2014-09-22 14:36:34|   1.6|  0.2|INFORM|Connection made to server 'prawn' for dataset 'UWGISStaging' (transactional version 'dbo.DEFAULT') using Operating System's current user
2014-09-22 14:36:34|   1.6|  0.0|INFORM|ArcSDE release: '10.0'. Underlying database: 'SQL Server'
2014-09-22 14:36:34|   1.6|  0.0|INFORM|GEODATABASE_SDE_2 Reader: Using Enhanced geometry
2014-09-22 14:36:34|   1.6|  0.0|INFORM|All network information will be ignored. As a result, edges will be treated as polyline features and junctions will be treated as point features
2014-09-22 14:36:34|   1.6|  0.0|INFORM|All relationship information will be ignored. As a result, simple relationships will not be read, and attributed relationships will be read as tables
2014-09-22 14:36:34|   1.7|  0.2|INFORM|The OGC definition of the FME coordinate system '_SPHERICAL_MERCATOR_0' is 'PROJCS["WGS_1984_Web_Mercator_Auxiliary_Sphere",GEOGCS["GCS_WGS_1984",DATUM["D_WGS_1984",SPHEROID["WGS_1984",6378137.0,298.257223563]],PRIMEM["Greenwich",0.0],UNIT["Degree",0.0174532925199433]],PROJECTION["Mercator_Auxiliary_Sphere"],PARAMETER["False_Easting",0.0],PARAMETER["False_Northing",0.0],PARAMETER["Central_Meridian",0.0],PARAMETER["Standard_Parallel_1",0.0],PARAMETER["Auxiliary_Sphere_Type",0.0],UNIT["Meter",1.0]]'
2014-09-22 14:36:34|   1.7|  0.0|INFORM|Reading table/feature class 'Building'
2014-09-22 14:36:34|   1.7|  0.0|INFORM|FME Configuration: Source coordinate system for reader GEODATABASE_SDE_2[GEODATABASE_SDE] set to `_SPHERICAL_MERCATOR_0' as read from input data
2014-09-22 14:36:34|   1.7|  0.0|INFORM|Coordinate System `_SPHERICAL_MERCATOR_0' parameters: CS_NAME=`_SPHERICAL_MERCATOR_0' DESC_NM=`Spherical Mercator' DT_NAME=`WGS84_SPHERICAL' ESRI_WKT=`PROJCS["WGS_1984_Web_Mercator_Auxiliary_Sphere",GEOGCS["GCS_WGS_1984",DATUM["D_WGS_1984",SPHEROID["WGS_1984",6378137.0,298.257223563]],PRIMEM["Greenwich",0.0],UNIT["Degree",0.0174532925199433]],PROJECTION["Mercator_Auxiliary_Sphere"],PARAMETER["False_Easting",0.0],PARAMETER["False_Northing",0.0],PARAMETER["Central_Meridian",0.0],PARAMETER["Standard_Parallel_1",0.0],PARAMETER["Auxiliary_Sphere_Type",0.0],UNIT["Meter",1.0]]' GROUP=`WORLD' MAP_SCL=`1' MAX_LAT=`85' MAX_LNG=`180' MIN_LAT=`-85' MIN_LNG=`-180' PROJ=`MRCAT' QUAD=`1' SCL_RED=`1' SOURCE=`Safe Software' UNIT=`METER' 
2014-09-22 14:36:34|   1.8|  0.1|WARN  |gseBuildingLoad_2_Bufferer(PolygonDissolveFactory_base_factory): For input areas, the Bufferer supports only Round end caps. Resetting end cap style to Round for all input areas...
2014-09-22 14:36:34|   1.9|  0.1|INFORM|Closing the Geodatabase reader
2014-09-22 14:36:35|   1.9|  0.0|INFORM|MULTI_READER(MULTI_READER): Done reading 387 features from 2 readers
2014-09-22 14:36:35|   1.9|  0.0|INFORM|Emptying factory pipeline
2014-09-22 14:36:35|   1.9|  0.0|STATS |Unexpected Input Remover(TestFactory): Tested 387 input feature(s) -- 387 feature(s) passed and 0 feature(s) failed
2014-09-22 14:36:35|   1.9|  0.0|STATS |Source -> Generic(TeeFactory): Cloned 387 input feature(s) into 387 output feature(s)
2014-09-22 14:36:35|   1.9|  0.0|STATS |AttributeExposer(TeeFactory): Cloned 387 input feature(s) into 387 output feature(s)
2014-09-22 14:36:35|   1.9|  0.0|STATS |AttributeCopier(TeeFactory): Cloned 387 input feature(s) into 387 output feature(s)
2014-09-22 14:36:35|   1.9|  0.0|STATS |gseBuildingLoad_2 BuildingReader Input Collector(TeeFactory): Cloned 387 input feature(s) into 387 output feature(s)
2014-09-22 14:36:35|   1.9|  0.0|STATS |gseBuildingLoad_2_BuildingReader1411409925 Input Splitter(TeeFactory): Cloned 387 input feature(s) into 387 output feature(s)
2014-09-22 14:36:35|   2.0|  0.1|INFORM|gseBuildingLoad_2_Intersector_ALL(IntersectionFactory): Done intersecting group 326 of 326 (100% done)
2014-09-22 14:36:35|   2.0|  0.0|STATS |gseBuildingLoad_2_Intersector_ALL(IntersectionFactory): Processed 373 input feature(s) in COMPLETE mode, resulting in 374 segment(s) and 0 point(s) output (0 overlapping segment(s) merged)
2014-09-22 14:36:35|   2.0|  0.0|STATS |gseBuildingLoad_2_Generalizer_GeneralizeAll(TeeFactory): Cloned 374 input feature(s) into 374 output feature(s)
2014-09-22 14:36:35|   2.0|  0.0|STATS |gseBuildingLoad_2_Generalizer_SendOut(TeeFactory): Cloned 374 input feature(s) into 374 output feature(s)
2014-09-22 14:36:35|   2.0|  0.0|STATS |gseBuildingLoad_2_GeometryCoercer_Renamer(TeeFactory): Cloned 374 input feature(s) into 374 output feature(s)
2014-09-22 14:36:35|   2.0|  0.0|STATS |gseBuildingLoad_2_GeometryFilter_InputPassThrough(TeeFactory): Cloned 374 input feature(s) into 374 output feature(s)
2014-09-22 14:36:35|   2.0|  0.0|STATS |gseBuildingLoad_2_GeometryFilter_InstanceTest(TestFactory): Tested 374 input feature(s) -- 0 feature(s) passed and 374 feature(s) failed
2014-09-22 14:36:35|   2.0|  0.0|STATS |gseBuildingLoad_2_GeometryFilter_CollectionTest(TestFactory): Tested 374 input feature(s) -- 0 feature(s) passed and 374 feature(s) failed
2014-09-22 14:36:35|   2.0|  0.0|STATS |gseBuildingLoad_2_GeometryFilter_Deagg(DeaggregateFactory): Split 0 input feature(s) into 0 point-in-polygon feature(s), 0 donut polygon(s), 0 polygon(s), 0 line(s), 0 point(s), and 0 aggregate(s)
2014-09-22 14:36:35|   2.0|  0.0|STATS |gseBuildingLoad_2_GeometryFilter_RouterPrepper(TeeFactory): Cloned 374 input feature(s) into 374 output feature(s)
2014-09-22 14:36:35|   2.0|  0.0|STATS |gseBuildingLoad_2_GeometryFilter_Router(TestFactory): Tested 374 input feature(s) -- 374 feature(s) passed and 0 feature(s) failed
2014-09-22 14:36:35|   2.0|  0.0|INFORM|gz starting fieldCalculator, fme Folder=
2014-09-22 14:36:35|   2.0|  0.0|INFORM|gz len(valueMaps)=0
2014-09-22 14:36:35|   2.0|  0.0|INFORM|gz len(datasets)=2
2014-09-22 14:36:35|   2.2|  0.2|STATS |gseBuildingLoad_2_Aggregator(AggregateFactory): Combined 374 input feature(s) into 326 output feature(s), including 0 singleton(s)
2014-09-22 14:36:35|   2.2|  0.0|STATS |gseBuildingLoad_2_Aggregator AGGREGATE Splitter(TeeFactory): Cloned 326 input feature(s) into 652 output feature(s)
2014-09-22 14:36:35|   2.2|  0.0|STATS |gseBuildingLoad_2_InsidePointReplacer_generator(TeeFactory): Cloned 326 input feature(s) into 326 output feature(s)
2014-09-22 14:36:35|   2.2|  0.0|STATS |gseBuildingLoad_2_InsidePointReplacer_router(TestFactory): Tested 326 input feature(s) -- 0 feature(s) passed and 326 feature(s) failed
2014-09-22 14:36:35|   2.2|  0.0|STATS |gseBuildingLoad_2_Tester(TestFactory): Tested 652 input feature(s) -- 652 feature(s) passed and 0 feature(s) failed
2014-09-22 14:36:35|   2.2|  0.0|STATS |gseBuildingLoad_2_OutputBuildings1411409925 Output Collector(TeeFactory): Cloned 652 input feature(s) into 652 output feature(s)
2014-09-22 14:36:35|   2.2|  0.0|STATS |gseBuildingLoad_2 OutputBuildings Output Renamer/Nuker(TeeFactory): Cloned 652 input feature(s) into 652 output feature(s)
2014-09-22 14:36:35|   2.2|  0.0|STATS |gzFieldCalculator AddFieldsValues_Input_1 Input Collector(TeeFactory): Cloned 652 input feature(s) into 652 output feature(s)
2014-09-22 14:36:35|   2.2|  0.0|STATS |gzFieldCalculator_AddFieldsValues_Input_11396906109 Input Splitter(TeeFactory): Cloned 652 input feature(s) into 652 output feature(s)
2014-09-22 14:36:35|   2.2|  0.0|STATS |gzFieldCalculator_AddFieldsValues_Output_11396906109 Output Collector(TeeFactory): Cloned 652 input feature(s) into 652 output feature(s)
2014-09-22 14:36:35|   2.2|  0.0|STATS |gzFieldCalculator AddFieldsValues_Output_1 Output Renamer/Nuker(TeeFactory): Cloned 652 input feature(s) into 652 output feature(s)
2014-09-22 14:36:35|   2.2|  0.0|STATS |Tester(TestFactory): Tested 652 input feature(s) -- 326 feature(s) passed and 326 feature(s) failed
2014-09-22 14:36:35|   2.2|  0.0|STATS |gzSourceTargetQA SourceTargetQA_Input_1 Input Collector(TeeFactory): Cloned 652 input feature(s) into 652 output feature(s)
2014-09-22 14:36:35|   2.2|  0.0|STATS |gzSourceTargetQA_SourceTargetQA_Input_11396906235 Input Splitter(TeeFactory): Cloned 652 input feature(s) into 652 output feature(s)
2014-09-22 14:36:35|   2.2|  0.0|STATS |gzSourceTargetQA_AttributeExposer(TeeFactory): Cloned 652 input feature(s) into 652 output feature(s)
2014-09-22 14:36:35|   2.2|  0.0|STATS |gzSourceTargetQA_AttributeFilter(TestFactory): Tested 0 input feature(s) -- 0 feature(s) passed and 0 feature(s) failed
2014-09-22 14:36:35|   2.2|  0.0|STATS |gzSourceTargetQA_AttributeFilter_BlankFilter(TestFactory): Tested 0 input feature(s) -- 0 feature(s) passed and 0 feature(s) failed
2014-09-22 14:36:35|   2.2|  0.0|STATS |gzSourceTargetQA_AttributeFilter <BLANK> Output Nuker(TeeFactory): Cloned 0 input feature(s) into 0 output feature(s)
2014-09-22 14:36:35|   2.2|  0.0|STATS |gzSourceTargetQA_LengthCalculator(TeeFactory): Cloned 0 input feature(s) into 0 output feature(s)
2014-09-22 14:36:35|   2.2|  0.0|STATS |gzSourceTargetQA_Tester(TestFactory): Tested 0 input feature(s) -- 0 feature(s) passed and 0 feature(s) failed
2014-09-22 14:36:35|   2.2|  0.0|STATS |gzSourceTargetQA_Logger_FAILED_Logger(TeeFactory): Cloned 0 input feature(s) into 0 output feature(s)
2014-09-22 14:36:35|   2.2|  0.0|STATS |gzSourceTargetQA_Logger_FAILED LOGGED Output Nuker(TeeFactory): Cloned 0 input feature(s) into 0 output feature(s)
2014-09-22 14:36:35|   2.2|  0.0|STATS |gzSourceTargetQA_Skip_fpLines(TestFactory): Tested 652 input feature(s) -- 652 feature(s) passed and 0 feature(s) failed
2014-09-22 14:36:35|   2.2|  0.0|INFORM|gzSourceTargetQA_Sorter_SRCVAL(SortFactory): Starting sorting 652 feature(s)
2014-09-22 14:36:35|   2.2|  0.0|INFORM|gzSourceTargetQA_Sorter_SRCVAL(SortFactory): Done sorting 652 feature(s)
2014-09-22 14:36:35|   2.2|  0.0|INFORM|gz starting sourceTargetQA
2014-09-22 14:36:35|   2.2|  0.0|INFORM|gz len(datasets)=2
2014-09-22 14:36:38|   5.1|  2.9|INFORM|... Last line repeated 651 times ...
2014-09-22 14:36:38|   5.1|  0.0|STATS |gzSourceTargetQA_Sorter_SRCVAL(SortFactory): Sorted 652 feature(s)
2014-09-22 14:36:38|   5.1|  0.0|STATS |gzSourceTargetQA_SourceTargetQA_Output_11396906235 Output Collector(TeeFactory): Cloned 652 input feature(s) into 652 output feature(s)
2014-09-22 14:36:38|   5.1|  0.0|STATS |gzSourceTargetQA SourceTargetQA_Output_1 Output Renamer/Nuker(TeeFactory): Cloned 652 input feature(s) into 652 output feature(s)
2014-09-22 14:36:38|   5.1|  0.0|STATS |gzWriteData gzFeatures Input Collector(TeeFactory): Cloned 652 input feature(s) into 652 output feature(s)
2014-09-22 14:36:38|   5.1|  0.0|STATS |gzWriteData_gzFeatures1396906261 Input Splitter(TeeFactory): Cloned 652 input feature(s) into 1956 output feature(s)
2014-09-22 14:36:38|   5.1|  0.0|STATS |gzWriteData_StatisticsCalculator_InputProcessor(TeeFactory): Cloned 652 input feature(s) into 652 output feature(s)
2014-09-22 14:36:38|   5.1|  0.0|STATS |gzWriteData_StatisticsCalculator_UnneededInputNuker(TeeFactory): Cloned 652 input feature(s) into 652 output feature(s)
2014-09-22 14:36:38|   5.2|  0.1|STATS |gzWriteData_StatisticsCalculator_CompleteOutputter(SortFactory): Output 652 feature(s) without doing any sorting
2014-09-22 14:36:38|   5.2|  0.0|STATS |gzWriteData_StatisticsCalculator_SummaryCreator(CreationFactory): Created 1 features
2014-09-22 14:36:38|   5.2|  0.0|STATS |gzWriteData_StatisticsCalculator_SummaryExploder(ElementFactory): Split out 1 list elements from 1 input features, using mode LEAN_AND_MEAN
2014-09-22 14:36:38|   5.2|  0.0|STATS |gzWriteData_TestHasErrors(TeeFactory): Cloned 653 input feature(s) into 653 output feature(s)
2014-09-22 14:36:38|   5.2|  0.0|STATS |gzWriteData_TestHasErrors_TestFactory_0(TestFactory): Tested 653 input feature(s) -- 653 feature(s) passed and 0 feature(s) failed
2014-09-22 14:36:38|   5.2|  0.0|STATS |gzWriteData_TestHasErrors_<lt>UNFILTERED<gt>(TeeFactory): Cloned 0 input feature(s) into 0 output feature(s)
2014-09-22 14:36:38|   5.2|  0.0|STATS |gzWriteData_TestHasErrors <lt>UNFILTERED<gt> Output Nuker(TeeFactory): Cloned 0 input feature(s) into 0 output feature(s)
2014-09-22 14:36:38|   5.2|  0.0|STATS |gzWriteData_TestHasErrors_2(TeeFactory): Cloned 652 input feature(s) into 652 output feature(s)
2014-09-22 14:36:38|   5.2|  0.0|STATS |gzWriteData_TestHasErrors_2_TestFactory_0(TestFactory): Tested 652 input feature(s) -- 0 feature(s) passed and 652 feature(s) failed
2014-09-22 14:36:38|   5.2|  0.0|STATS |gzWriteData_TestHasErrors_2_<lt>UNFILTERED<gt>(TeeFactory): Cloned 652 input feature(s) into 652 output feature(s)
2014-09-22 14:36:38|   5.2|  0.0|STATS |gzWriteData_TestHasErrors_2 <lt>UNFILTERED<gt> Output Nuker(TeeFactory): Cloned 652 input feature(s) into 0 output feature(s)
2014-09-22 14:36:38|   5.2|  0.0|STATS |gzWriteData_gzGetErrorInfo INPUT Input Collector(TeeFactory): Cloned 0 input feature(s) into 0 output feature(s)
2014-09-22 14:36:38|   5.2|  0.0|STATS |gzWriteData_gzGetErrorInfo_INPUT1396906154 Input Splitter(TeeFactory): Cloned 0 input feature(s) into 0 output feature(s)
2014-09-22 14:36:38|   5.2|  0.0|STATS |gzWriteData_gzGetErrorInfo_AttributeExposer(TeeFactory): Cloned 0 input feature(s) into 0 output feature(s)
2014-09-22 14:36:38|   5.2|  0.0|STATS |gzWriteData_gzGetErrorInfo_TestFilter(TeeFactory): Cloned 0 input feature(s) into 0 output feature(s)
2014-09-22 14:36:38|   5.2|  0.0|STATS |gzWriteData_gzGetErrorInfo_TestFilter_TestFactory_0(TestFactory): Tested 0 input feature(s) -- 0 feature(s) passed and 0 feature(s) failed
2014-09-22 14:36:38|   5.2|  0.0|STATS |gzWriteData_gzGetErrorInfo_TestFilter_TestFactory_1(TestFactory): Tested 0 input feature(s) -- 0 feature(s) passed and 0 feature(s) failed
2014-09-22 14:36:38|   5.2|  0.0|STATS |gzWriteData_gzGetErrorInfo_TestFilter_TestFactory_2(TestFactory): Tested 0 input feature(s) -- 0 feature(s) passed and 0 feature(s) failed
2014-09-22 14:36:38|   5.2|  0.0|STATS |gzWriteData_gzGetErrorInfo_TestFilter_TestFactory_3(TestFactory): Tested 0 input feature(s) -- 0 feature(s) passed and 0 feature(s) failed
2014-09-22 14:36:38|   5.2|  0.0|STATS |gzWriteData_gzGetErrorInfo_TestFilter_<lt>UNFILTERED<gt>(TeeFactory): Cloned 0 input feature(s) into 0 output feature(s)
2014-09-22 14:36:38|   5.2|  0.0|STATS |gzWriteData_gzGetErrorInfo_TestFilter <lt>UNFILTERED<gt> Output Nuker(TeeFactory): Cloned 0 input feature(s) into 0 output feature(s)
2014-09-22 14:36:38|   5.2|  0.0|STATS |gzWriteData_gzGetErrorInfo_TimeStamper(TeeFactory): Cloned 0 input feature(s) into 0 output feature(s)
2014-09-22 14:36:38|   5.2|  0.0|STATS |gzWriteData_gzGetErrorInfo_VariableSetter(TeeFactory): Cloned 0 input feature(s) into 0 output feature(s)
2014-09-22 14:36:38|   5.2|  0.0|STATS |gzWriteData_gzGetErrorInfo_OUTPUT1396906154 Output Collector(TeeFactory): Cloned 0 input feature(s) into 0 output feature(s)
2014-09-22 14:36:38|   5.2|  0.0|STATS |gzWriteData_gzGetErrorInfo OUTPUT Output Renamer/Nuker(TeeFactory): Cloned 0 input feature(s) into 0 output feature(s)
2014-09-22 14:36:38|   5.2|  0.1|INFORM|Trying to find a DYNAMIC plugin for reader named `GEODATABASE_SDE'
2014-09-22 14:36:38|   5.2|  0.0|INFORM|FME API version of module 'GEODATABASE_SDE' matches current internal version (3.7 20140327)
2014-09-22 14:36:38|   5.2|  0.0|INFORM|Trying to find a DYNAMIC plugin for reader named `GEODATABASE_SDE'
2014-09-22 14:36:38|   5.2|  0.0|INFORM|FME API version of module 'GEODATABASE_SDE' matches current internal version (3.7 20140327)
2014-09-22 14:36:38|   5.2|  0.0|INFORM|Opening the Geodatabase reader
2014-09-22 14:36:38|   5.2|  0.0|INFORM|An ArcGIS license is already checked out. The product checked out is 'Advanced'
2014-09-22 14:36:38|   5.2|  0.0|INFORM|Installed ArcGIS version is '10.1'
2014-09-22 14:36:39|   5.3|  0.0|INFORM|Connection made to server 'prawn' for dataset 'UWGISStaging' (transactional version 'dbo.DEFAULT') using Operating System's current user
2014-09-22 14:36:39|   5.3|  0.0|INFORM|ArcSDE release: '10.0'. Underlying database: 'SQL Server'
2014-09-22 14:36:39|   5.5|  0.2|INFORM|Closing the Geodatabase reader
2014-09-22 14:36:39|   5.5|  0.0|INFORM|Reader `GEODATABASE_SDE_1' of type `GEODATABASE_SDE' provided schema for types: Building_Point,DBO.Building,Building,DBO.Building_Point
2014-09-22 14:36:39|   5.5|  0.0|INFORM|Trying to find a DYNAMIC plugin for writer named `GEODATABASE_SDE'
2014-09-22 14:36:39|   5.5|  0.0|INFORM|FME API version of module 'GEODATABASE_SDE' matches current internal version (3.7 20140327)
2014-09-22 14:36:39|   5.5|  0.0|INFORM|FME Configuration: No destination coordinate system set
2014-09-22 14:36:39|   5.5|  0.0|INFORM|FME API version of module 'GEODATABASE_SDE' matches current internal version (3.7 20140327)
2014-09-22 14:36:39|   5.5|  0.0|INFORM|Writer `GEODATABASE_SDE_3' of type `GEODATABASE_SDE' using group definition keyword `GEODATABASE_SDE_3_DEF'
2014-09-22 14:36:39|   5.5|  0.0|INFORM|FME API version of module 'GEODATABASE_SDE' matches current internal version (3.7 20140327)
2014-09-22 14:36:39|   5.5|  0.0|INFORM|An ArcGIS license is already checked out. The product checked out is 'Advanced'
2014-09-22 14:36:39|   5.5|  0.0|INFORM|Installed ArcGIS version is '10.1'
2014-09-22 14:36:40|   5.5|  0.0|INFORM|Connection made to server 'prawn' for dataset 'UWGISStaging' (transactional version 'dbo.DEFAULT') using Operating System's current user
2014-09-22 14:36:40|   5.5|  0.0|INFORM|ArcSDE release: '10.0'. Underlying database: 'SQL Server'
2014-09-22 14:36:41|   6.5|  1.0|WARN  |Value of feature type parameter 'GEODB_OBJECT_ID_NAME' for table/feature class 'd_y_n' has been changed from 'OBJECTID' to 'OBJECTID_1' as it conflicted with user field name
2014-09-22 14:36:41|   6.5|  0.0|WARN  |Value of feature type parameter 'GEODB_OBJECT_ID_NAME' for table/feature class 'd_y_n00' has been changed from 'OBJECTID' to 'OBJECTID_1' as it conflicted with user field name
2014-09-22 14:36:41|   6.5|  0.0|WARN  |Value of feature type parameter 'GEODB_OBJECT_ID_NAME' for table/feature class 'd_y_n01' has been changed from 'OBJECTID' to 'OBJECTID_1' as it conflicted with user field name
2014-09-22 14:36:41|   6.5|  0.0|WARN  |Value of feature type parameter 'GEODB_OBJECT_ID_NAME' for table/feature class 'd_y_n02' has been changed from 'OBJECTID' to 'OBJECTID_1' as it conflicted with user field name
2014-09-22 14:36:41|   6.5|  0.0|INFORM|The 'HAS_Z_VALUES' keyword is set to 'AUTO_DETECT'. With the exception of MultiPatch feature classes, the dimensionality of new feature classes will be based on the first feature written to the feature class. (Features with no geometry are considered 2D)
2014-09-22 14:36:41|   6.5|  0.0|INFORM|A default z-value of '0' will be used for all 3D features where z-values are not provided
2014-09-22 14:36:41|   6.5|  0.0|INFORM|Geodatabase Writer: Not simplifying geometries being written to the Geodatabase
2014-09-22 14:36:41|   6.5|  0.0|INFORM|Writer mode is 'INSERT'
2014-09-22 14:36:41|   6.8|  0.2|INFORM|Geodatabase Writer: Truncating table/feature class `Building'
2014-09-22 14:36:42|   6.9|  0.1|INFORM|Geodatabase Writer: The field 'OBJECTID' in table 'Building' will not be updated since it is not editable
2014-09-22 14:36:42|   6.9|  0.0|INFORM|Geodatabase Writer: The field 'GlobalID' in table 'Building' will not be updated since it is not editable
2014-09-22 14:36:42|   6.9|  0.0|INFORM|Geodatabase Writer: The field 'SHAPE.STArea()' in table 'Building' will not be updated since it is not editable
2014-09-22 14:36:42|   6.9|  0.0|INFORM|Geodatabase Writer: The field 'SHAPE.STLength()' in table 'Building' will not be updated since it is not editable
2014-09-22 14:36:42|   6.9|  0.0|INFORM|Starting an edit session
2014-09-22 14:36:42|   6.9|  0.0|WARN  |A 2D feature was encountered in the feature class 'Building', which is defined as containing 3D features. The feature, and any other applicable features in the same feature class, will be modified so that it has the same dimension as the feature class
2014-09-22 14:36:42|   7.1|  0.2|INFORM|Geodatabase Writer: Truncating table/feature class `Building_Point'
2014-09-22 14:36:42|   7.2|  0.1|INFORM|Geodatabase Writer: The field 'OBJECTID' in table 'Building_Point' will not be updated since it is not editable
2014-09-22 14:36:42|   7.2|  0.0|INFORM|Geodatabase Writer: The field 'GlobalID' in table 'Building_Point' will not be updated since it is not editable
2014-09-22 14:36:42|   7.2|  0.0|WARN  |A 2D feature was encountered in the feature class 'Building_Point', which is defined as containing 3D features. The feature, and any other applicable features in the same feature class, will be modified so that it has the same dimension as the feature class
2014-09-22 14:36:42|   7.3|  0.1|STATS |gzWriteData_FeatureMerger(ReferenceFactory): Total Results: 653 Complete Feature(s), 0 Incomplete Feature(s), 652 Referenced Feature(s), 0 Unreferenced Feature(s), 0 Referencer Feature(s) (NO REFERENCES), 0 Referencee Feature(s) (NO Referencee fields defined), and 0 Duplicate Referencee Feature(s)
2014-09-22 14:36:42|   7.3|  0.0|STATS |gzWriteData_FeatureMerger REFERENCED Splitter(TeeFactory): Cloned 652 input feature(s) into 1304 output feature(s)
2014-09-22 14:36:42|   7.3|  0.0|STATS |gzWriteData_FeatureMerger DUPLICATE_SUPPLIER Splitter(TeeFactory): Cloned 0 input feature(s) into 0 output feature(s)
2014-09-22 14:36:42|   7.3|  0.0|STATS |gzWriteData_gzGetLogInfo StatisticsCalculator_INPUT_55 Input Collector(TeeFactory): Cloned 652 input feature(s) into 652 output feature(s)
2014-09-22 14:36:42|   7.3|  0.0|STATS |gzWriteData_gzGetLogInfo_StatisticsCalculator_INPUT_551396906184 Input Splitter(TeeFactory): Cloned 652 input feature(s) into 652 output feature(s)
2014-09-22 14:36:42|   7.3|  0.0|STATS |gzWriteData_gzGetLogInfo_AttributeExposer(TeeFactory): Cloned 652 input feature(s) into 652 output feature(s)
2014-09-22 14:36:42|   7.3|  0.0|STATS |gzWriteData_gzGetLogInfo_StatisticsCalculator_InputProcessor(TeeFactory): Cloned 652 input feature(s) into 652 output feature(s)
2014-09-22 14:36:42|   7.3|  0.0|STATS |gzWriteData_gzGetLogInfo_StatisticsCalculator_UnneededInputNuker(TeeFactory): Cloned 652 input feature(s) into 0 output feature(s)
2014-09-22 14:36:42|   7.3|  0.0|STATS |gzWriteData_gzGetLogInfo_StatisticsCalculator_CompleteOutputter(SortFactory): Output 0 feature(s) without doing any sorting
2014-09-22 14:36:42|   7.3|  0.0|INFORM|Geodatabase Writer: The field 'OBJECTID' in table 'gzLog' will not be updated since it is not editable
2014-09-22 14:36:42|   7.3|  0.0|STATS |gzWriteData_gzGetLogInfo_StatisticsCalculator_SummaryCreator(CreationFactory): Created 1 features
2014-09-22 14:36:42|   7.3|  0.0|STATS |gzWriteData_gzGetLogInfo_StatisticsCalculator_SummaryExploder(ElementFactory): Split out 2 list elements from 1 input features, using mode LEAN_AND_MEAN
2014-09-22 14:36:42|   7.3|  0.0|STATS |gzWriteData_gzGetLogInfo_AttributeExposer_2(TeeFactory): Cloned 2 input feature(s) into 2 output feature(s)
2014-09-22 14:36:42|   7.3|  0.0|STATS |gzWriteData_gzGetLogInfo_LOADTIME(TeeFactory): Cloned 2 input feature(s) into 2 output feature(s)
2014-09-22 14:36:42|   7.3|  0.0|STATS |gzWriteData_gzGetLogInfo_DATASET(TeeFactory): Cloned 2 input feature(s) into 2 output feature(s)
2014-09-22 14:36:42|   7.3|  0.0|STATS |gzWriteData_gzGetLogInfo_TestFilter(TeeFactory): Cloned 2 input feature(s) into 2 output feature(s)
2014-09-22 14:36:42|   7.3|  0.0|STATS |gzWriteData_gzGetLogInfo_TestFilter_TestFactory_0(TestFactory): Tested 2 input feature(s) -- 2 feature(s) passed and 0 feature(s) failed
2014-09-22 14:36:42|   7.3|  0.0|STATS |gzWriteData_gzGetLogInfo_TestFilter_<lt>UNFILTERED<gt>(TeeFactory): Cloned 0 input feature(s) into 0 output feature(s)
2014-09-22 14:36:42|   7.3|  0.0|STATS |gzWriteData_gzGetLogInfo_StatisticsCalculator_SUMMARY_551396906184 Output Collector(TeeFactory): Cloned 2 input feature(s) into 2 output feature(s)
2014-09-22 14:36:42|   7.3|  0.0|STATS |gzWriteData_gzGetLogInfo StatisticsCalculator_SUMMARY_55 Output Renamer/Nuker(TeeFactory): Cloned 2 input feature(s) into 2 output feature(s)
2014-09-22 14:36:42|   7.3|  0.0|STATS |gzWriteData_gzFeatureWriter1396906261 Output Collector(TeeFactory): Cloned 652 input feature(s) into 652 output feature(s)
2014-09-22 14:36:42|   7.3|  0.0|STATS |gzWriteData_gzLogWriter1396906261 Output Collector(TeeFactory): Cloned 2 input feature(s) into 2 output feature(s)
2014-09-22 14:36:42|   7.3|  0.0|STATS |gzWriteData_gzErrorWriter1396906261 Output Collector(TeeFactory): Cloned 0 input feature(s) into 0 output feature(s)
2014-09-22 14:36:42|   7.3|  0.0|STATS |gzWriteData gzLogWriter Output Renamer/Nuker(TeeFactory): Cloned 2 input feature(s) into 2 output feature(s)
2014-09-22 14:36:42|   7.3|  0.0|STATS |gzWriteData gzFeatureWriter Output Renamer/Nuker(TeeFactory): Cloned 652 input feature(s) into 652 output feature(s)
2014-09-22 14:36:42|   7.3|  0.0|STATS |gzWriteData gzErrorWriter Output Renamer/Nuker(TeeFactory): Cloned 0 input feature(s) into 0 output feature(s)
2014-09-22 14:36:42|   7.3|  0.0|STATS |gzWriteData_gzFeatureWriter -> Features Correlator(TeeFactory): Cloned 652 input feature(s) into 652 output feature(s)
2014-09-22 14:36:42|   7.3|  0.0|STATS |gzWriteData_gzErrorWriter -> gzError Correlator(TeeFactory): Cloned 0 input feature(s) into 0 output feature(s)
2014-09-22 14:36:42|   7.3|  0.0|STATS |gzWriteData_gzLogWriter -> gzLog Correlator(TeeFactory): Cloned 2 input feature(s) into 2 output feature(s)
2014-09-22 14:36:42|   7.3|  0.0|STATS |Final Output Feature Type Router(TestFactory): Tested 654 input feature(s) -- 654 feature(s) passed and 0 feature(s) failed
2014-09-22 14:36:42|   7.3|  0.0|STATS |Final Output Nuker(TeeFactory): Cloned 0 input feature(s) into 0 output feature(s)
2014-09-22 14:36:42|   7.3|  0.0|STATS |Generalize: Generalized 374 feature(s) using Douglas, removing 24424 of 29988 verticies (81% reduction)
2014-09-22 14:36:42|   7.3|  0.0|STATS |GeodatabaseRelationshipFeaturesPipeline::GeodatabaseRelationshipFeatures(SortFactory): Sorted 0 feature(s)
2014-09-22 14:36:43|   7.5|  0.1|INFORM|All edits made during the edit session were saved
2014-09-22 14:36:43|   7.5|  0.0|INFORM|Closing the Geodatabase writer
2014-09-22 14:36:43|   7.5|  0.0|INFORM|=-=-=-=-=-=-=-=-=-=-=-=-=-=-=-=-=-=-=-=-=-=-=-=-=-=-=-=-=-=-=-=-=-=-=-=-=-=-=-
2014-09-22 14:36:43|   7.5|  0.0|INFORM|Feature output statistics for `GEODATABASE_SDE' writer using keyword `GEODATABASE_SDE_3':
2014-09-22 14:36:43|   7.5|  0.0|STATS |=-=-=-=-=-=-=-=-=-=-=-=-=-=-=-=-=-=-=-=-=-=-=-=-=-=-=-=-=-=-=-=-=-=-=-=-=-=-=-
2014-09-22 14:36:43|   7.5|  0.0|STATS |                               Features Written
2014-09-22 14:36:43|   7.5|  0.0|STATS |=-=-=-=-=-=-=-=-=-=-=-=-=-=-=-=-=-=-=-=-=-=-=-=-=-=-=-=-=-=-=-=-=-=-=-=-=-=-=-
2014-09-22 14:36:43|   7.5|  0.0|STATS |Building                                                                   326
2014-09-22 14:36:43|   7.5|  0.0|STATS |Building_Point                                                             326
2014-09-22 14:36:43|   7.5|  0.0|STATS |gzLog                                                                        2
2014-09-22 14:36:43|   7.5|  0.0|STATS |==============================================================================
2014-09-22 14:36:43|   7.5|  0.0|STATS |Total Features Written                                                     654
2014-09-22 14:36:43|   7.5|  0.0|STATS |=-=-=-=-=-=-=-=-=-=-=-=-=-=-=-=-=-=-=-=-=-=-=-=-=-=-=-=-=-=-=-=-=-=-=-=-=-=-=-
2014-09-22 14:36:43|   7.5|  0.0|STATS |=-=-=-=-=-=-=-=-=-=-=-=-=-=-=-=-=-=-=-=-=-=-=-=-=-=-=-=-=-=-=-=-=-=-=-=-=-=-=-
2014-09-22 14:36:43|   7.5|  0.0|STATS |                            Features Read Summary
2014-09-22 14:36:43|   7.5|  0.0|STATS |=-=-=-=-=-=-=-=-=-=-=-=-=-=-=-=-=-=-=-=-=-=-=-=-=-=-=-=-=-=-=-=-=-=-=-=-=-=-=-
2014-09-22 14:36:43|   7.5|  0.0|STATS |Building                                                                   387
2014-09-22 14:36:43|   7.5|  0.0|STATS |==============================================================================
2014-09-22 14:36:43|   7.5|  0.0|STATS |Total Features Read                                                        387
2014-09-22 14:36:43|   7.5|  0.0|STATS |=-=-=-=-=-=-=-=-=-=-=-=-=-=-=-=-=-=-=-=-=-=-=-=-=-=-=-=-=-=-=-=-=-=-=-=-=-=-=-
2014-09-22 14:36:43|   7.5|  0.0|STATS |=-=-=-=-=-=-=-=-=-=-=-=-=-=-=-=-=-=-=-=-=-=-=-=-=-=-=-=-=-=-=-=-=-=-=-=-=-=-=-
2014-09-22 14:36:43|   7.5|  0.0|STATS |                           Features Written Summary
2014-09-22 14:36:43|   7.5|  0.0|STATS |=-=-=-=-=-=-=-=-=-=-=-=-=-=-=-=-=-=-=-=-=-=-=-=-=-=-=-=-=-=-=-=-=-=-=-=-=-=-=-
2014-09-22 14:36:43|   7.5|  0.0|STATS |Building                                                                   326
2014-09-22 14:36:43|   7.5|  0.0|STATS |Building_Point                                                             326
2014-09-22 14:36:43|   7.5|  0.0|STATS |gzLog                                                                        2
2014-09-22 14:36:43|   7.5|  0.0|STATS |==============================================================================
2014-09-22 14:36:43|   7.5|  0.0|STATS |Total Features Written                                                     654
2014-09-22 14:36:43|   7.5|  0.0|STATS |=-=-=-=-=-=-=-=-=-=-=-=-=-=-=-=-=-=-=-=-=-=-=-=-=-=-=-=-=-=-=-=-=-=-=-=-=-=-=-
2014-09-22 14:36:43|   7.5|  0.0|INFORM|Translation was SUCCESSFUL with 7 warning(s) (654 feature(s) output)
2014-09-22 14:36:43|   7.5|  0.0|INFORM|FME Session Duration: 11.7 seconds. (CPU: 6.5s user, 0.8s system)
2014-09-22 14:36:43|   7.5|  0.0|INFORM|END - ProcessID: 4700, peak process memory usage: 262420 kB, current process memory usage: 257612 kB
