2014-09-22 14:34:29|   0.3|  0.3|INFORM|FME 2014 SP2 (20140606 - Build 14338 - WIN32)
2014-09-22 14:34:29|   0.3|  0.0|INFORM|FME_HOME is 'c:\apps\FME\'
2014-09-22 14:34:29|   0.3|  0.0|INFORM|FME Oracle Edition (node locked-crc)
2014-09-22 14:34:29|   0.3|  0.0|INFORM|Serial Number: Steve_Grise
2014-09-22 14:34:29|   0.3|  0.0|INFORM|Temporary License: 66 days left.
2014-09-22 14:34:29|   0.3|  0.0|INFORM|Machine host name is: Prawn
2014-09-22 14:34:29|   0.3|  0.0|INFORM|START - ProcessID: 4400, peak process memory usage: 47772 kB, current process memory usage: 47772 kB
2014-09-22 14:34:29|   0.3|  0.0|INFORM|FME Configuration: Command line arguments are `c:\\apps\\FME\\fme.exe' `C:\Users\Steve\Documents\GitHub\SyncEngine\gse\ETL\fme\gseBasemapLoader.fmw' `--DestDataset_GEODATABASE_SDE' `sde' `--OUT_CONNECTION_FILE_GEODATABASE_SDE' `C:\Users\Steve\Documents\GitHub\SyncEngine\gse\ETL\serverConfig\GIS Staging.sde' `--ProductionConnectionFile' `C:\Users\Steve\Documents\GitHub\SyncEngine\gse\ETL\serverConfig\GIS Production.sde' `--GizintaProject' `C:\Users\Steve\Documents\GitHub\SyncEngine\gse\ETL\config\bmPlaylistAll.xml' `--TargetFieldQA' `True' `--SourceFieldQA' `False' `--IgnoreErrors' `False' `--SourceDatasetTypes' `CADDataset' `--pFLOORID' `CAD_UW_S_le' `--SourceCoordinateSystem' `EPSG:2285' `--gzDebug' `False' `--LOG_FILE' `C:\Users\Steve\Documents\GitHub\SyncEngine\gse\ETL\fme\log\gseBasemapLoader.log' `--SourceDataset_ESRIMSD' `C:\Users\Steve\Documents\GitHub\SyncEngine\gse\CAD\UWS\Siteplan\UW_Seattle.dwg'
2014-09-22 14:34:29|   0.4|  0.0|INFORM|Using FME's provided Python interpreter from c:\apps\FME\fmepython27\python27.dll
2014-09-22 14:34:29|   0.4|  0.0|INFORM|Python version 2.7 successfully loaded
2014-09-22 14:34:29|   0.4|  0.0|INFORM|Adding directory `c:\apps\FME\transformers\' to the python path
2014-09-22 14:34:29|   0.4|  0.0|INFORM|FME_BEGIN_PYTHON: evaluating python script from string...
2014-09-22 14:34:29|   0.4|  0.0|INFORM|FME_BEGIN_PYTHON: python script execution complete.
2014-09-22 14:34:29|   0.4|  0.0|INFORM|Shared directories for formats are : C:\Users\Steve\Documents\FME\Formats;c:\apps\FME\datasources
2014-09-22 14:34:29|   0.4|  0.0|INFORM|Shared directories for transformers are : C:\Users\Steve\Documents\FME\Transformers;c:\apps\FME\transformers;C:\Users\Steve\AppData\Roaming\Safe Software\FME\FME Store\Transformers
2014-09-22 14:34:29|   0.4|  0.0|INFORM|Shared directories for coordinate systems are : C:\Users\Steve\Documents\FME\CoordinateSystems
2014-09-22 14:34:29|   0.4|  0.0|INFORM|Shared directories for coordinate system exceptions are : C:\Users\Steve\Documents\FME\CoordinateSystemExceptions
2014-09-22 14:34:29|   0.4|  0.0|INFORM|Shared directories for coordinate system grid overrides are : C:\Users\Steve\Documents\FME\CoordinateSystemGridOverrides
2014-09-22 14:34:29|   0.4|  0.0|INFORM|Shared directories for CS-MAP transformation exceptions are : C:\Users\Steve\Documents\FME\CsmapTransformationExceptions
2014-09-22 14:34:29|   0.4|  0.0|INFORM|Shared directories for transformer categories are : C:\Users\Steve\Documents\FME\TransformerCategories
2014-09-22 14:34:29|   0.4|  0.0|INFORM|Mapping File Identifier is: GizintaLoader
2014-09-22 14:34:29|   0.4|  0.0|INFORM|FME Configuration: Reader Keyword is `MULTI_READER'
2014-09-22 14:34:29|   0.4|  0.0|INFORM|FME Configuration: Writer Keyword is `MULTI_WRITER'
2014-09-22 14:34:29|   0.4|  0.0|INFORM|FME Configuration: Writer Group Definition Keyword is `MULTI_WRITER_DEF'
2014-09-22 14:34:29|   0.4|  0.0|INFORM|FME Configuration: Reader type is `MULTI_READER'
2014-09-22 14:34:29|   0.4|  0.0|INFORM|FME Configuration: Writer type is `MULTI_WRITER'
2014-09-22 14:34:29|   0.4|  0.0|INFORM|FME Configuration: No destination coordinate system set
2014-09-22 14:34:29|   0.4|  0.0|INFORM|FME Configuration: Current working directory is `C:\Users\Steve\Documents\GitHub\SyncEngine\gse\ETL'
2014-09-22 14:34:29|   0.4|  0.0|INFORM|FME Configuration: Temporary directory is `C:\Users\Steve\AppData\Local\Temp'
2014-09-22 14:34:29|   0.4|  0.0|INFORM|FME Configuration: FME_HOME is `c:\apps\FME\'
2014-09-22 14:34:29|   0.4|  0.0|INFORM|FME Configuration: FME_BASE is 'no'
2014-09-22 14:34:29|   0.4|  0.0|INFORM|FME Configuration: FME_MF_DIR is 'C:\Users\Steve\Documents\GitHub\SyncEngine\gse\ETL\fme/'
2014-09-22 14:34:29|   0.4|  0.0|INFORM|FME Configuration: FME_MF_NAME is 'gseBasemapLoader.fmw'
2014-09-22 14:34:29|   0.4|  0.0|INFORM|FME Configuration: FME_PRODUCT_NAME is 'FME(R) 2014 SP2'
2014-09-22 14:34:29|   0.4|  0.0|INFORM|System Status: 95833MB of disk space available in the FME temporary directory (C:\Users\Steve\AppData\Local\Temp\)
2014-09-22 14:34:29|   0.4|  0.0|INFORM|System Status: 3899MB of virtual memory available
2014-09-22 14:34:29|   0.4|  0.0|INFORM|Operating System: Microsoft Windows 7 64-bit Service Pack 1 (Build 7601)
2014-09-22 14:34:29|   0.4|  0.0|INFORM|FME Platform: WIN32
2014-09-22 14:34:29|   0.4|  0.0|INFORM|Locale: en_CA
2014-09-22 14:34:29|   0.4|  0.0|INFORM|Code Page: 1252  (ANSI - Latin I)
2014-09-22 14:34:29|   0.4|  0.0|INFORM|FME Configuration: Process limit is 4095 MB (out of 12170 MB physical memory and 4095 MB address space)
2014-09-22 14:34:29|   0.4|  0.0|INFORM|FME Configuration: Start freeing memory when process usage exceeds 2895 MB of memory or 3495 MB of address space
2014-09-22 14:34:29|   0.4|  0.0|INFORM|FME Configuration: Stop freeing memory when process usage is below 2171 MB of memory and 2621 MB of address space
2014-09-22 14:34:29|   0.4|  0.0|INFORM|FME Configuration: Autodetermining optimal maximum number of objects in memory
2014-09-22 14:34:29|   0.4|  0.0|INFORM|MULTI_READER(MULTI_READER): Will fail with first member reader failure
2014-09-22 14:34:29|   0.4|  0.0|INFORM|MULTI_READER(MULTI_READER): Adding SCHEMA Reader with keyword SCHEMA_1
2014-09-22 14:34:29|   0.4|  0.0|INFORM|MULTI_READER(MULTI_READER): Adding NULL Reader with keyword GEODATABASE_SDE_1
2014-09-22 14:34:29|   0.4|  0.0|INFORM|Using Multi Reader $Revision: 114961 $ ( $Date: 2014-01-08 16:53:06 -0800 (Wed, 08 Jan 2014) $ ) with keyword `MULTI_READER' to read multiple datasets
2014-09-22 14:34:29|   0.5|  0.0|INFORM|Trying to find a DYNAMIC plugin for reader named `SCHEMA'
2014-09-22 14:34:29|   0.5|  0.0|INFORM|Loaded module 'SCHEMA' from file 'c:\apps\FME\plugins/generic.dll'
2014-09-22 14:34:29|   0.5|  0.0|INFORM|FME API version of module 'SCHEMA' matches current internal version (3.7 20140327)
2014-09-22 14:34:29|   0.5|  0.0|INFORM|Generic Reader: No format specific settings have been found for the ESRIMSD Reader -- default values as documented in the Reader/Writer manual will be used
2014-09-22 14:34:29|   0.6|  0.1|INFORM|Trying to find a DYNAMIC plugin for reader named `ESRIMSD'
2014-09-22 14:34:29|   0.7|  0.0|INFORM|Loaded module 'ESRIMSD' from file 'c:\apps\FME\plugins/ACAD.dll'
2014-09-22 14:34:29|   0.7|  0.0|INFORM|FME API version of module 'ESRIMSD' matches current internal version (3.7 20140327)
2014-09-22 14:34:29|   0.7|  0.0|INFORM|Opening the SCHEMA Reader on dataset `C:\Users\Steve\Documents\GitHub\gse\CAD\UWS\Siteplan\UW_Seattle.dwg'
2014-09-22 14:34:29|   0.7|  0.0|INFORM|Using MultiWriter $Revision: 59162 $ ( $Date: 2009-04-07 10:04:59 -0700 (Tue, 07 Apr 2009) $ ) with keyword `MULTI_WRITER' to output data (ID_ATTRIBUTE is `multi_writer_id')
2014-09-22 14:34:29|   0.7|  0.0|INFORM|Writer output will be ordered by value of multi_writer_id
2014-09-22 14:34:29|   0.7|  0.0|INFORM|Loaded module 'Python_func' from file 'c:\apps\FME\plugins/Python_func.dll'
2014-09-22 14:34:29|   0.7|  0.0|INFORM|FME API version of module 'Python_func' matches current internal version (3.7 20140327)
2014-09-22 14:34:29|   0.7|  0.0|INFORM|Using FME's provided Python interpreter from c:\apps\FME\fmepython27\python27.dll
2014-09-22 14:34:29|   0.7|  0.0|INFORM|Python version 2.7 successfully loaded
2014-09-22 14:34:30|   0.7|  0.0|INFORM|Loaded module 'EvaluateExpression_func' from file 'c:\apps\FME\plugins/EvaluateExpression_func.dll'
2014-09-22 14:34:30|   0.7|  0.0|INFORM|FME API version of module 'EvaluateExpression_func' matches current internal version (3.7 20140327)
2014-09-22 14:34:30|   0.7|  0.0|INFORM|Loaded module 'PythonFactory' from file 'c:\apps\FME\plugins/PythonFactory.dll'
2014-09-22 14:34:30|   0.7|  0.0|INFORM|FME API version of module 'PythonFactory' matches current internal version (3.7 20140327)
2014-09-22 14:34:30|   0.7|  0.0|INFORM|Using FME's provided Python interpreter from c:\apps\FME\fmepython27\python27.dll
2014-09-22 14:34:30|   0.7|  0.0|INFORM|Python version 2.7 successfully loaded
2014-09-22 14:34:30|   0.7|  0.0|INFORM|Loaded module 'QueryFactory' from file 'c:\apps\FME\plugins/QueryFactory.dll'
2014-09-22 14:34:30|   0.7|  0.0|INFORM|FME API version of module 'QueryFactory' matches current internal version (3.7 20140327)
2014-09-22 14:34:30|   0.7|  0.0|INFORM|FME Configuration: Using FME Reprojection Engine
2014-09-22 14:34:30|   0.7|  0.0|INFORM|Loaded module 'GridSnapper_func' from file 'c:\apps\FME\plugins/GridSnapper_func.dll'
2014-09-22 14:34:30|   0.7|  0.0|INFORM|FME API version of module 'GridSnapper_func' matches current internal version (3.7 20140327)
2014-09-22 14:34:30|   0.7|  0.0|INFORM|Loaded module 'RasterClippingFactory' from file 'c:\apps\FME\plugins/RasterClippingFactory.dll'
2014-09-22 14:34:30|   0.7|  0.0|INFORM|FME API version of module 'RasterClippingFactory' matches current internal version (3.7 20140327)
2014-09-22 14:34:30|   0.7|  0.0|INFORM|Loaded module 'SolidIntersectionFactory' from file 'c:\apps\FME\plugins/SolidIntersectionFactory.dll'
2014-09-22 14:34:30|   0.7|  0.0|INFORM|FME API version of module 'SolidIntersectionFactory' matches current internal version (3.7 20140327)
2014-09-22 14:34:30|   0.7|  0.0|INFORM|Loaded module 'Geometry_func' from file 'c:\apps\FME\plugins/Geometry_func.dll'
2014-09-22 14:34:30|   0.7|  0.0|INFORM|FME API version of module 'Geometry_func' matches current internal version (3.7 20140327)
2014-09-22 14:34:30|   0.7|  0.0|INFORM|FME API version of module 'PythonFactory' matches current internal version (3.7 20140327)
2014-09-22 14:34:30|   0.7|  0.0|INFORM|Loaded module 'GeometryValidationFactory' from file 'c:\apps\FME\plugins/GeometryValidationFactory.dll'
2014-09-22 14:34:30|   0.7|  0.0|INFORM|FME API version of module 'GeometryValidationFactory' matches current internal version (3.7 20140327)
2014-09-22 14:34:30|   0.7|  0.0|INFORM|Loaded module 'OGCGeometry_func' from file 'c:\apps\FME\plugins/OGCGeometry_func.dll'
2014-09-22 14:34:30|   0.7|  0.0|INFORM|FME API version of module 'OGCGeometry_func' matches current internal version (3.7 20140327)
2014-09-22 14:34:30|   0.7|  0.0|INFORM|FME API version of module 'GeometryValidationFactory' matches current internal version (3.7 20140327)
2014-09-22 14:34:30|   0.7|  0.0|INFORM|FME API version of module 'PythonFactory' matches current internal version (3.7 20140327)
2014-09-22 14:34:30|   0.7|  0.0|INFORM|gzWriteData_StatisticsCalculator_SummaryExploder(ElementFactory): LEAN_AND_MEAN processing enabled
2014-09-22 14:34:30|   0.7|  0.0|INFORM|gzWriteData_gzGetLogInfo_StatisticsCalculator_SummaryExploder(ElementFactory): LEAN_AND_MEAN processing enabled
2014-09-22 14:34:30|   0.7|  0.0|INFORM|Trying to find a DYNAMIC plugin for reader named `ESRIMSD'
2014-09-22 14:34:30|   0.7|  0.0|INFORM|FME API version of module 'ESRIMSD' matches current internal version (3.7 20140327)
2014-09-22 14:34:30|   0.7|  0.0|INFORM|R_1 Reader: Using rich geometry.
2014-09-22 14:34:30|   0.8|  0.1|INFORM|AutoCAD Reader: Successfully opened the 'Release2010' AutoCAD file 'C:/Users/Steve/Documents/GitHub/gse/CAD/UWS/Siteplan/UW_Seattle.dwg'
2014-09-22 14:34:30|   0.9|  0.0|INFORM|Trying to find a DYNAMIC plugin for reader named `ESRIMSD'
2014-09-22 14:34:30|   0.9|  0.0|INFORM|FME API version of module 'ESRIMSD' matches current internal version (3.7 20140327)
2014-09-22 14:34:30|   0.9|  0.0|INFORM|FeatureReaderCAD(QueryFactory): Performing query against ESRIMSD dataset `C:\Users\Steve\Documents\GitHub\gse\CAD\UWS\Siteplan\UW_Seattle.dwg'
2014-09-22 14:34:30|   0.9|  0.0|INFORM|Trying to find a DYNAMIC plugin for reader named `ESRIMSD'
2014-09-22 14:34:30|   0.9|  0.0|INFORM|FME API version of module 'ESRIMSD' matches current internal version (3.7 20140327)
2014-09-22 14:34:30|   0.9|  0.0|INFORM|R_3 Reader: Using rich geometry.
2014-09-22 14:34:30|   0.9|  0.1|INFORM|AutoCAD Reader: Successfully opened the 'Release2010' AutoCAD file 'C:\Users\Steve\Documents\GitHub\gse\CAD\UWS\Siteplan\UW_Seattle.dwg'
2014-09-22 14:34:30|   1.3|  0.4|INFORM|CS-MAP Reprojector: Transformation will be automatically selected for 'EPSG:2285' -> 'EPSG:3857', and is not guaranteed to remain the same in future releases of FME
2014-09-22 14:34:30|   1.4|  0.0|INFORM|Reprojector: Using transformation `NAD83_to_WGS84,Forward(Null,EPSG:1188)' when reprojecting from EPSG:2285 to EPSG:3857
2014-09-22 14:34:30|   1.4|  0.0|INFORM|Reprojector: Using transformation `WGS84_SPHERICAL_to_WGS84_FME,Inverse(Null)' when reprojecting from EPSG:2285 to EPSG:3857
2014-09-22 14:34:30|   1.4|  0.0|INFORM|gz starting fieldCalculator, fme Folder=
2014-09-22 14:34:30|   1.4|  0.0|INFORM|gz len(valueMaps)=0
2014-09-22 14:34:30|   1.4|  0.0|INFORM|gz len(datasets)=9
2014-09-22 14:34:31|   2.6|  1.2|INFORM|Trying to find a DYNAMIC plugin for reader named `ESRIMSD'
2014-09-22 14:34:31|   2.6|  0.0|INFORM|FME API version of module 'ESRIMSD' matches current internal version (3.7 20140327)
2014-09-22 14:34:31|   2.6|  0.0|INFORM|FeatureReaderCAD(QueryFactory): Performing query against ESRIMSD dataset `C:\Users\Steve\Documents\GitHub\gse\CAD\UWS\Siteplan\UW_Seattle.dwg'
2014-09-22 14:34:31|   2.6|  0.0|INFORM|Trying to find a DYNAMIC plugin for reader named `ESRIMSD'
2014-09-22 14:34:31|   2.6|  0.0|INFORM|FME API version of module 'ESRIMSD' matches current internal version (3.7 20140327)
2014-09-22 14:34:31|   2.6|  0.0|INFORM|R_5 Reader: Using rich geometry.
2014-09-22 14:34:32|   2.7|  0.1|INFORM|AutoCAD Reader: Successfully opened the 'Release2010' AutoCAD file 'C:\Users\Steve\Documents\GitHub\gse\CAD\UWS\Siteplan\UW_Seattle.dwg'
2014-09-22 14:34:32|   3.6|  1.0|INFORM|Trying to find a DYNAMIC plugin for reader named `ESRIMSD'
2014-09-22 14:34:32|   3.6|  0.0|INFORM|FME API version of module 'ESRIMSD' matches current internal version (3.7 20140327)
2014-09-22 14:34:32|   3.6|  0.0|INFORM|FeatureReaderCAD(QueryFactory): Performing query against ESRIMSD dataset `C:\Users\Steve\Documents\GitHub\gse\CAD\UWS\Siteplan\UW_Seattle.dwg'
2014-09-22 14:34:32|   3.6|  0.0|INFORM|Trying to find a DYNAMIC plugin for reader named `ESRIMSD'
2014-09-22 14:34:32|   3.6|  0.0|INFORM|FME API version of module 'ESRIMSD' matches current internal version (3.7 20140327)
2014-09-22 14:34:32|   3.6|  0.0|INFORM|R_7 Reader: Using rich geometry.
2014-09-22 14:34:33|   3.7|  0.1|INFORM|AutoCAD Reader: Successfully opened the 'Release2010' AutoCAD file 'C:\Users\Steve\Documents\GitHub\gse\CAD\UWS\Siteplan\UW_Seattle.dwg'
2014-09-22 14:34:33|   4.5|  0.8|INFORM|Completed intersection processing, phase #1. 2 new nodes were generated among 8 intermediate lines
2014-09-22 14:34:33|   4.5|  0.0|INFORM|Finish splitting 8 lines into 11 intermediate lines for phase 2
2014-09-22 14:34:34|   5.3|  0.8|INFORM|Trying to find a DYNAMIC plugin for reader named `ESRIMSD'
2014-09-22 14:34:34|   5.3|  0.0|INFORM|FME API version of module 'ESRIMSD' matches current internal version (3.7 20140327)
2014-09-22 14:34:34|   5.3|  0.0|INFORM|FeatureReaderCAD(QueryFactory): Performing query against ESRIMSD dataset `C:\Users\Steve\Documents\GitHub\gse\CAD\UWS\Siteplan\UW_Seattle.dwg'
2014-09-22 14:34:34|   5.3|  0.0|INFORM|Trying to find a DYNAMIC plugin for reader named `ESRIMSD'
2014-09-22 14:34:34|   5.3|  0.0|INFORM|FME API version of module 'ESRIMSD' matches current internal version (3.7 20140327)
2014-09-22 14:34:34|   5.3|  0.0|INFORM|R_9 Reader: Using rich geometry.
2014-09-22 14:34:34|   5.4|  0.1|INFORM|AutoCAD Reader: Successfully opened the 'Release2010' AutoCAD file 'C:\Users\Steve\Documents\GitHub\gse\CAD\UWS\Siteplan\UW_Seattle.dwg'
2014-09-22 14:34:35|   6.0|  0.6|INFORM|Trying to find a DYNAMIC plugin for reader named `ESRIMSD'
2014-09-22 14:34:35|   6.0|  0.0|INFORM|FME API version of module 'ESRIMSD' matches current internal version (3.7 20140327)
2014-09-22 14:34:35|   6.0|  0.0|INFORM|FeatureReaderCAD(QueryFactory): Performing query against ESRIMSD dataset `C:\Users\Steve\Documents\GitHub\gse\CAD\UWS\Siteplan\UW_Seattle.dwg'
2014-09-22 14:34:35|   6.0|  0.0|INFORM|Trying to find a DYNAMIC plugin for reader named `ESRIMSD'
2014-09-22 14:34:35|   6.0|  0.0|INFORM|FME API version of module 'ESRIMSD' matches current internal version (3.7 20140327)
2014-09-22 14:34:35|   6.0|  0.0|INFORM|R_11 Reader: Using rich geometry.
2014-09-22 14:34:35|   6.1|  0.1|INFORM|AutoCAD Reader: Successfully opened the 'Release2010' AutoCAD file 'C:\Users\Steve\Documents\GitHub\gse\CAD\UWS\Siteplan\UW_Seattle.dwg'
2014-09-22 14:34:36|   6.7|  0.7|INFORM|FeatureReaderCAD(QueryFactory): 5 input features read
2014-09-22 14:34:36|   6.8|  0.0|INFORM|Trying to find a DYNAMIC plugin for reader named `ESRIMSD'
2014-09-22 14:34:36|   6.8|  0.0|INFORM|FME API version of module 'ESRIMSD' matches current internal version (3.7 20140327)
2014-09-22 14:34:36|   6.8|  0.0|INFORM|FeatureReaderCAD(QueryFactory): Performing query against ESRIMSD dataset `C:\Users\Steve\Documents\GitHub\gse\CAD\UWS\Siteplan\UW_Seattle.dwg'
2014-09-22 14:34:36|   6.8|  0.0|INFORM|Trying to find a DYNAMIC plugin for reader named `ESRIMSD'
2014-09-22 14:34:36|   6.8|  0.0|INFORM|FME API version of module 'ESRIMSD' matches current internal version (3.7 20140327)
2014-09-22 14:34:36|   6.8|  0.0|INFORM|R_13 Reader: Using rich geometry.
2014-09-22 14:34:36|   6.8|  0.1|INFORM|AutoCAD Reader: Successfully opened the 'Release2010' AutoCAD file 'C:\Users\Steve\Documents\GitHub\gse\CAD\UWS\Siteplan\UW_Seattle.dwg'
2014-09-22 14:34:36|   7.5|  0.7|INFORM|Trying to find a DYNAMIC plugin for reader named `ESRIMSD'
2014-09-22 14:34:36|   7.5|  0.0|INFORM|FME API version of module 'ESRIMSD' matches current internal version (3.7 20140327)
2014-09-22 14:34:36|   7.5|  0.0|INFORM|FeatureReaderCAD(QueryFactory): Performing query against ESRIMSD dataset `C:\Users\Steve\Documents\GitHub\gse\CAD\UWS\Siteplan\UW_Seattle.dwg'
2014-09-22 14:34:36|   7.5|  0.0|INFORM|Trying to find a DYNAMIC plugin for reader named `ESRIMSD'
2014-09-22 14:34:36|   7.5|  0.0|INFORM|FME API version of module 'ESRIMSD' matches current internal version (3.7 20140327)
2014-09-22 14:34:36|   7.5|  0.0|INFORM|R_15 Reader: Using rich geometry.
2014-09-22 14:34:36|   7.6|  0.1|INFORM|AutoCAD Reader: Successfully opened the 'Release2010' AutoCAD file 'C:\Users\Steve\Documents\GitHub\gse\CAD\UWS\Siteplan\UW_Seattle.dwg'
2014-09-22 14:34:37|   8.2|  0.7|INFORM|Trying to find a DYNAMIC plugin for reader named `ESRIMSD'
2014-09-22 14:34:37|   8.2|  0.0|INFORM|FME API version of module 'ESRIMSD' matches current internal version (3.7 20140327)
2014-09-22 14:34:37|   8.2|  0.0|INFORM|FeatureReaderCAD(QueryFactory): Performing query against ESRIMSD dataset `C:\Users\Steve\Documents\GitHub\gse\CAD\UWS\Siteplan\UW_Seattle.dwg'
2014-09-22 14:34:37|   8.2|  0.0|INFORM|Trying to find a DYNAMIC plugin for reader named `ESRIMSD'
2014-09-22 14:34:37|   8.2|  0.0|INFORM|FME API version of module 'ESRIMSD' matches current internal version (3.7 20140327)
2014-09-22 14:34:37|   8.2|  0.0|INFORM|R_17 Reader: Using rich geometry.
2014-09-22 14:34:37|   8.3|  0.1|INFORM|AutoCAD Reader: Successfully opened the 'Release2010' AutoCAD file 'C:\Users\Steve\Documents\GitHub\gse\CAD\UWS\Siteplan\UW_Seattle.dwg'
2014-09-22 14:34:38|   9.0|  0.7|INFORM|Trying to find a DYNAMIC plugin for reader named `ESRIMSD'
2014-09-22 14:34:38|   9.0|  0.0|INFORM|FME API version of module 'ESRIMSD' matches current internal version (3.7 20140327)
2014-09-22 14:34:38|   9.0|  0.0|INFORM|FeatureReaderCAD(QueryFactory): Performing query against ESRIMSD dataset `C:\Users\Steve\Documents\GitHub\gse\CAD\UWS\Siteplan\UW_Seattle.dwg'
2014-09-22 14:34:38|   9.0|  0.0|INFORM|Trying to find a DYNAMIC plugin for reader named `ESRIMSD'
2014-09-22 14:34:38|   9.0|  0.0|INFORM|FME API version of module 'ESRIMSD' matches current internal version (3.7 20140327)
2014-09-22 14:34:38|   9.0|  0.0|INFORM|R_19 Reader: Using rich geometry.
2014-09-22 14:34:38|   9.1|  0.1|INFORM|AutoCAD Reader: Successfully opened the 'Release2010' AutoCAD file 'C:\Users\Steve\Documents\GitHub\gse\CAD\UWS\Siteplan\UW_Seattle.dwg'
2014-09-22 14:34:39|   9.8|  0.7|INFORM|Trying to find a DYNAMIC plugin for reader named `ESRIMSD'
2014-09-22 14:34:39|   9.8|  0.0|INFORM|FME API version of module 'ESRIMSD' matches current internal version (3.7 20140327)
2014-09-22 14:34:39|   9.8|  0.0|INFORM|FeatureReaderCAD(QueryFactory): Performing query against ESRIMSD dataset `C:\Users\Steve\Documents\GitHub\gse\CAD\UWS\Siteplan\UW_Seattle.dwg'
2014-09-22 14:34:39|   9.8|  0.0|INFORM|Trying to find a DYNAMIC plugin for reader named `ESRIMSD'
2014-09-22 14:34:39|   9.8|  0.0|INFORM|FME API version of module 'ESRIMSD' matches current internal version (3.7 20140327)
2014-09-22 14:34:39|   9.8|  0.0|INFORM|R_21 Reader: Using rich geometry.
2014-09-22 14:34:39|   9.9|  0.1|INFORM|AutoCAD Reader: Successfully opened the 'Release2010' AutoCAD file 'C:\Users\Steve\Documents\GitHub\gse\CAD\UWS\Siteplan\UW_Seattle.dwg'
2014-09-22 14:34:39|  10.5|  0.7|INFORM|Trying to find a DYNAMIC plugin for reader named `ESRIMSD'
2014-09-22 14:34:39|  10.5|  0.0|INFORM|FME API version of module 'ESRIMSD' matches current internal version (3.7 20140327)
2014-09-22 14:34:39|  10.5|  0.0|INFORM|FeatureReaderCAD(QueryFactory): Performing query against ESRIMSD dataset `C:\Users\Steve\Documents\GitHub\gse\CAD\UWS\Siteplan\UW_Seattle.dwg'
2014-09-22 14:34:39|  10.5|  0.0|INFORM|Trying to find a DYNAMIC plugin for reader named `ESRIMSD'
2014-09-22 14:34:39|  10.5|  0.0|INFORM|FME API version of module 'ESRIMSD' matches current internal version (3.7 20140327)
2014-09-22 14:34:39|  10.5|  0.0|INFORM|R_23 Reader: Using rich geometry.
2014-09-22 14:34:39|  10.6|  0.1|INFORM|AutoCAD Reader: Successfully opened the 'Release2010' AutoCAD file 'C:\Users\Steve\Documents\GitHub\gse\CAD\UWS\Siteplan\UW_Seattle.dwg'
2014-09-22 14:34:40|  11.2|  0.6|INFORM|Trying to find a DYNAMIC plugin for reader named `ESRIMSD'
2014-09-22 14:34:40|  11.2|  0.0|INFORM|FME API version of module 'ESRIMSD' matches current internal version (3.7 20140327)
2014-09-22 14:34:40|  11.2|  0.0|INFORM|FeatureReaderCAD(QueryFactory): Performing query against ESRIMSD dataset `C:\Users\Steve\Documents\GitHub\gse\CAD\UWS\Siteplan\UW_Seattle.dwg'
2014-09-22 14:34:40|  11.2|  0.0|INFORM|Trying to find a DYNAMIC plugin for reader named `ESRIMSD'
2014-09-22 14:34:40|  11.2|  0.0|INFORM|FME API version of module 'ESRIMSD' matches current internal version (3.7 20140327)
2014-09-22 14:34:40|  11.2|  0.0|INFORM|R_25 Reader: Using rich geometry.
2014-09-22 14:34:40|  11.3|  0.1|INFORM|AutoCAD Reader: Successfully opened the 'Release2010' AutoCAD file 'C:\Users\Steve\Documents\GitHub\gse\CAD\UWS\Siteplan\UW_Seattle.dwg'
2014-09-22 14:34:41|  11.9|  0.6|INFORM|FeatureReaderCAD(QueryFactory): 12 input features read
2014-09-22 14:34:41|  12.0|  0.0|INFORM|Trying to find a DYNAMIC plugin for reader named `ESRIMSD'
2014-09-22 14:34:41|  12.0|  0.0|INFORM|FME API version of module 'ESRIMSD' matches current internal version (3.7 20140327)
2014-09-22 14:34:41|  12.0|  0.0|INFORM|FeatureReaderCAD(QueryFactory): Performing query against ESRIMSD dataset `C:\Users\Steve\Documents\GitHub\gse\CAD\UWS\Siteplan\UW_Seattle.dwg'
2014-09-22 14:34:41|  12.0|  0.0|INFORM|Trying to find a DYNAMIC plugin for reader named `ESRIMSD'
2014-09-22 14:34:41|  12.0|  0.0|INFORM|FME API version of module 'ESRIMSD' matches current internal version (3.7 20140327)
2014-09-22 14:34:41|  12.0|  0.0|INFORM|R_27 Reader: Using rich geometry.
2014-09-22 14:34:41|  12.0|  0.1|INFORM|AutoCAD Reader: Successfully opened the 'Release2010' AutoCAD file 'C:\Users\Steve\Documents\GitHub\gse\CAD\UWS\Siteplan\UW_Seattle.dwg'
2014-09-22 14:34:42|  12.7|  0.6|INFORM|Closing the SCHEMA Reader
2014-09-22 14:34:42|  12.7|  0.0|INFORM|Trying to find a DYNAMIC plugin for reader named `NULL'
2014-09-22 14:34:42|  12.7|  0.0|INFORM|Loaded module 'NULL' from file 'c:\apps\FME\plugins/NULL.dll'
2014-09-22 14:34:42|  12.7|  0.0|INFORM|FME API version of module 'NULL' matches current internal version (3.7 20140327)
2014-09-22 14:34:42|  12.7|  0.0|INFORM|MULTI_READER(MULTI_READER): Done reading 14 features from 2 readers
2014-09-22 14:34:42|  12.7|  0.0|INFORM|Emptying factory pipeline
2014-09-22 14:34:42|  12.7|  0.0|STATS |Unexpected Input Remover(TestFactory): Tested 14 input feature(s) -- 14 feature(s) passed and 0 feature(s) failed
2014-09-22 14:34:42|  12.7|  0.0|STATS |Source -> Generic(TeeFactory): Cloned 14 input feature(s) into 14 output feature(s)
2014-09-22 14:34:42|  12.7|  0.0|STATS |gzSetupExtractCAD INPUT Input Collector(TeeFactory): Cloned 14 input feature(s) into 14 output feature(s)
2014-09-22 14:34:42|  12.7|  0.0|STATS |gzSetupExtractCAD_INPUT1396906210 Input Splitter(TeeFactory): Cloned 14 input feature(s) into 14 output feature(s)
2014-09-22 14:34:42|  12.7|  0.0|STATS |gzSetupExtractCAD_AttributeExposer(TeeFactory): Cloned 14 input feature(s) into 14 output feature(s)
2014-09-22 14:34:42|  12.7|  0.0|STATS |gzSetupExtractCAD_OUTPUT1396906210 Output Collector(TeeFactory): Cloned 13 input feature(s) into 13 output feature(s)
2014-09-22 14:34:42|  12.7|  0.0|STATS |gzSetupExtractCAD OUTPUT Output Renamer/Nuker(TeeFactory): Cloned 13 input feature(s) into 13 output feature(s)
2014-09-22 14:34:42|  12.7|  0.0|STATS |FeatureReaderCAD_GeometryRemover(TeeFactory): Cloned 13 input feature(s) into 13 output feature(s)
2014-09-22 14:34:42|  12.7|  0.0|STATS |FeatureReaderCAD INITIATOR Output Nuker(TeeFactory): Cloned 13 input feature(s) into 0 output feature(s)
2014-09-22 14:34:42|  12.7|  0.0|STATS |AttributeExposer(TeeFactory): Cloned 3720 input feature(s) into 3720 output feature(s)
2014-09-22 14:34:42|  12.7|  0.0|STATS |AttributeCopier(TeeFactory): Cloned 3720 input feature(s) into 3720 output feature(s)
2014-09-22 14:34:42|  12.7|  0.0|STATS |Reprojector(TeeFactory): Cloned 3720 input feature(s) into 3720 output feature(s)
2014-09-22 14:34:42|  12.7|  0.0|STATS |ArcSDEGridSnapper(TeeFactory): Cloned 3720 input feature(s) into 3720 output feature(s)
2014-09-22 14:34:42|  12.7|  0.0|STATS |TestFilter(TeeFactory): Cloned 3720 input feature(s) into 3720 output feature(s)
2014-09-22 14:34:42|  12.7|  0.0|STATS |TestFilter_TestFactory_0(TestFactory): Tested 3720 input feature(s) -- 561 feature(s) passed and 3159 feature(s) failed
2014-09-22 14:34:42|  12.7|  0.0|STATS |TestFilter_TestFactory_1(TestFactory): Tested 3159 input feature(s) -- 386 feature(s) passed and 2773 feature(s) failed
2014-09-22 14:34:42|  12.7|  0.0|STATS |TestFilter_TestFactory_2(TestFactory): Tested 2773 input feature(s) -- 594 feature(s) passed and 2179 feature(s) failed
2014-09-22 14:34:42|  12.7|  0.0|STATS |TestFilter_<lt>UNFILTERED<gt>(TeeFactory): Cloned 2179 input feature(s) into 2179 output feature(s)
2014-09-22 14:34:42|  12.7|  0.0|STATS |Clipper_ClipperCloner(TeeFactory): Cloned 594 input feature(s) into 1188 output feature(s)
2014-09-22 14:34:42|  12.7|  0.0|STATS |Clipper_SolidClipperFilter(TestFactory): Tested 594 input feature(s) -- 0 feature(s) passed and 594 feature(s) failed
2014-09-22 14:34:42|  12.7|  0.0|STATS |Clipper_ClippeeFilter(TestFactory): Tested 2179 input feature(s) -- 0 feature(s) passed and 2179 feature(s) failed
2014-09-22 14:34:47|  17.7|  5.1|INFORM|Finished clipping 1700 / 2179 clippees against all clippers
2014-09-22 14:34:52|  23.5|  5.7|INFORM|Finished clipping 2000 / 2179 clippees against all clippers
2014-09-22 14:34:53|  24.0|  0.5|INFORM|Completed intersection processing, phase #1. 2 new nodes were generated among 5 intermediate lines
2014-09-22 14:34:53|  24.0|  0.0|INFORM|Finish splitting 5 lines into 8 intermediate lines for phase 2
2014-09-22 14:34:53|  24.1|  0.2|INFORM|Completed intersection processing, phase #1. 3 new nodes were generated among 59 intermediate lines
2014-09-22 14:34:53|  24.1|  0.0|INFORM|Finish splitting 59 lines into 66 intermediate lines for phase 2
2014-09-22 14:34:54|  25.3|  1.1|INFORM|Completed intersection processing, phase #1. 2 new nodes were generated among 75 intermediate lines
2014-09-22 14:34:54|  25.3|  0.0|INFORM|Finish splitting 75 lines into 80 intermediate lines for phase 2
2014-09-22 14:34:54|  25.5|  0.2|INFORM|Completed intersection processing, phase #1. 1 new nodes were generated among 57 intermediate lines
2014-09-22 14:34:54|  25.5|  0.0|INFORM|Finish splitting 57 lines into 58 intermediate lines for phase 2
2014-09-22 14:34:55|  25.7|  0.2|INFORM|Completed intersection processing, phase #1. 2 new nodes were generated among 72 intermediate lines
2014-09-22 14:34:55|  25.7|  0.0|INFORM|Finish splitting 72 lines into 76 intermediate lines for phase 2
2014-09-22 14:34:57|  27.7|  2.0|INFORM|Finished clipping 2179 / 2179 clippees against all clippers
2014-09-22 14:34:57|  27.7|  0.0|STATS |Clipper_Vector(ClippingFactory): Processed 2179 input feature(s), of which 197 feature(s) were clipped, 510 feature(s) were totally inside and 1472 feature(s) were totally outside
2014-09-22 14:34:57|  27.7|  0.0|STATS |Clipper_Nuker(TeeFactory): Cloned 0 input feature(s) into 0 output feature(s)
2014-09-22 14:34:57|  27.7|  0.0|STATS |GeometryCoercer_Renamer(TeeFactory): Cloned 561 input feature(s) into 561 output feature(s)
2014-09-22 14:34:57|  27.7|  0.0|STATS |GeometryFilter_InputPassThrough(TeeFactory): Cloned 561 input feature(s) into 561 output feature(s)
2014-09-22 14:34:57|  27.7|  0.0|STATS |GeometryFilter_InstanceTest(TestFactory): Tested 561 input feature(s) -- 0 feature(s) passed and 561 feature(s) failed
2014-09-22 14:34:57|  27.7|  0.0|STATS |GeometryFilter_RouterPrepper(TeeFactory): Cloned 561 input feature(s) into 561 output feature(s)
2014-09-22 14:34:57|  27.7|  0.0|STATS |GeometryFilter_Router(TestFactory): Tested 561 input feature(s) -- 561 feature(s) passed and 0 feature(s) failed
2014-09-22 14:34:57|  27.7|  0.0|STATS |GeometryFilter <UNFILTERED> Output Nuker(TeeFactory): Cloned 0 input feature(s) into 0 output feature(s)
2014-09-22 14:34:57|  27.7|  0.0|STATS |AttributeExposer_2(TeeFactory): Cloned 3865 input feature(s) into 3865 output feature(s)
2014-09-22 14:34:57|  27.7|  0.0|STATS |gzFieldCalculator AddFieldsValues_Input_1 Input Collector(TeeFactory): Cloned 3865 input feature(s) into 3865 output feature(s)
2014-09-22 14:34:57|  27.7|  0.0|STATS |gzFieldCalculator_AddFieldsValues_Input_11396906109 Input Splitter(TeeFactory): Cloned 3865 input feature(s) into 3865 output feature(s)
2014-09-22 14:34:57|  27.7|  0.0|STATS |gzFieldCalculator_AddFieldsValues_Output_11396906109 Output Collector(TeeFactory): Cloned 3865 input feature(s) into 3865 output feature(s)
2014-09-22 14:34:57|  27.7|  0.0|STATS |gzFieldCalculator AddFieldsValues_Output_1 Output Renamer/Nuker(TeeFactory): Cloned 3865 input feature(s) into 3865 output feature(s)
2014-09-22 14:34:57|  27.7|  0.0|STATS |FeatureTypeFilter(TestFactory): Tested 3865 input feature(s) -- 561 feature(s) passed and 3304 feature(s) failed
2014-09-22 14:34:57|  27.7|  0.0|STATS |FeatureTypeFilter_BlankFilter(TestFactory): Tested 3304 input feature(s) -- 0 feature(s) passed and 3304 feature(s) failed
2014-09-22 14:34:57|  27.7|  0.0|STATS |gzFixCatwalks INPUT Input Collector(TeeFactory): Cloned 3304 input feature(s) into 3304 output feature(s)
2014-09-22 14:34:57|  27.7|  0.0|STATS |gzFixCatwalks_INPUT1411403461 Input Splitter(TeeFactory): Cloned 3304 input feature(s) into 3304 output feature(s)
2014-09-22 14:34:57|  27.7|  0.0|STATS |gzFixCatwalks_AttributeExposer(TeeFactory): Cloned 3304 input feature(s) into 3304 output feature(s)
2014-09-22 14:34:57|  27.7|  0.0|STATS |gzFixCatwalks_Tester(TestFactory): Tested 3304 input feature(s) -- 3304 feature(s) passed and 0 feature(s) failed
2014-09-22 14:34:57|  27.7|  0.0|STATS |gzFixCatwalks_Generalizer_GeneralizeAll(TeeFactory): Cloned 3304 input feature(s) into 3304 output feature(s)
2014-09-22 14:34:57|  27.7|  0.0|STATS |gzFixCatwalks_Generalizer_SendOut(TeeFactory): Cloned 3304 input feature(s) into 3304 output feature(s)
2014-09-22 14:34:57|  27.7|  0.0|STATS |gzFixCatwalks_SelfIntersectChecker Input Input Collector(TeeFactory): Cloned 3304 input feature(s) into 3304 output feature(s)
2014-09-22 14:34:57|  27.7|  0.0|STATS |gzFixCatwalks_SelfIntersectChecker_Input1411403461 Input Splitter(TeeFactory): Cloned 3304 input feature(s) into 3304 output feature(s)
2014-09-22 14:34:57|  27.7|  0.0|STATS |gzFixCatwalks_SelfIntersectChecker_PartCounter(TeeFactory): Cloned 3304 input feature(s) into 3304 output feature(s)
2014-09-22 14:34:57|  27.7|  0.0|STATS |gzFixCatwalks_SelfIntersectChecker_COUNTER(TeeFactory): Cloned 3304 input feature(s) into 3304 output feature(s)
2014-09-22 14:34:57|  27.7|  0.0|STATS |gzFixCatwalks_SelfIntersectChecker_GeometryExtractor(TeeFactory): Cloned 3304 input feature(s) into 3304 output feature(s)
2014-09-22 14:34:57|  27.7|  0.0|STATS |gzFixCatwalks_SelfIntersectChecker_SelfIntersector(IntersectionFactory): Processed 3304 input feature(s) in COMPLETE mode, resulting in 3304 segment(s) and 0 point(s) output (0 overlapping segment(s) merged)
2014-09-22 14:34:57|  27.7|  0.0|STATS |gzFixCatwalks_SelfIntersectChecker_DuplicateRemover(TestFactory): Tested 3304 input feature(s) -- 0 feature(s) passed and 3304 feature(s) failed
2014-09-22 14:34:57|  27.7|  0.0|STATS |gzFixCatwalks_SelfIntersectChecker_TESTER(TestFactory): Tested 3304 input feature(s) -- 0 feature(s) passed and 3304 feature(s) failed
2014-09-22 14:34:57|  27.7|  0.0|STATS |gzFixCatwalks_SelfIntersectChecker_PartCounter_2(TeeFactory): Cloned 3304 input feature(s) into 3304 output feature(s)
2014-09-22 14:34:57|  27.7|  0.0|STATS |gzFixCatwalks_SelfIntersectChecker_TESTER_2(TestFactory): Tested 3304 input feature(s) -- 3304 feature(s) passed and 0 feature(s) failed
2014-09-22 14:34:57|  27.7|  0.0|STATS |gzFixCatwalks_SelfIntersectChecker_ATTRIBUTEREMOVER(TeeFactory): Cloned 3304 input feature(s) into 3304 output feature(s)
2014-09-22 14:34:57|  27.7|  0.0|STATS |gzFixCatwalks_SelfIntersectChecker_GeometryReplacer(TeeFactory): Cloned 0 input feature(s) into 0 output feature(s)
2014-09-22 14:34:57|  27.7|  0.0|STATS |gzFixCatwalks_SelfIntersectChecker_ATTRIBUTEREMOVER_2(TeeFactory): Cloned 0 input feature(s) into 0 output feature(s)
2014-09-22 14:34:57|  27.7|  0.0|STATS |gzFixCatwalks_SelfIntersectChecker_NotSelfIntersecting1411403461 Output Collector(TeeFactory): Cloned 3304 input feature(s) into 3304 output feature(s)
2014-09-22 14:34:57|  27.7|  0.0|STATS |gzFixCatwalks_SelfIntersectChecker_SelfIntersecting1411403461 Output Collector(TeeFactory): Cloned 0 input feature(s) into 0 output feature(s)
2014-09-22 14:34:57|  27.7|  0.0|STATS |gzFixCatwalks_SelfIntersectChecker NotSelfIntersecting Output Renamer/Nuker(TeeFactory): Cloned 3304 input feature(s) into 3304 output feature(s)
2014-09-22 14:34:57|  27.7|  0.0|STATS |gzFixCatwalks_SelfIntersectChecker SelfIntersecting Output Renamer/Nuker(TeeFactory): Cloned 0 input feature(s) into 0 output feature(s)
2014-09-22 14:34:57|  27.7|  0.0|STATS |gzFixCatwalks_DonutHoleExtractor(DonutHoleFactory): Split 0 hole(s) from 0 input feature(s)
2014-09-22 14:34:57|  27.7|  0.0|STATS |gzFixCatwalks_GeometryCoercer_2_Renamer(TeeFactory): Cloned 3304 input feature(s) into 3304 output feature(s)
2014-09-22 14:34:57|  27.7|  0.0|STATS |gzFixCatwalks_SelfIntersectChecker_2 Input Input Collector(TeeFactory): Cloned 3304 input feature(s) into 3304 output feature(s)
2014-09-22 14:34:57|  27.7|  0.0|STATS |gzFixCatwalks_SelfIntersectChecker_2_Input1411403461 Input Splitter(TeeFactory): Cloned 3304 input feature(s) into 3304 output feature(s)
2014-09-22 14:34:57|  27.7|  0.0|STATS |gzFixCatwalks_SelfIntersectChecker_2_PartCounter(TeeFactory): Cloned 3304 input feature(s) into 3304 output feature(s)
2014-09-22 14:34:57|  27.7|  0.0|STATS |gzFixCatwalks_SelfIntersectChecker_2_COUNTER(TeeFactory): Cloned 3304 input feature(s) into 3304 output feature(s)
2014-09-22 14:34:57|  27.7|  0.0|STATS |gzFixCatwalks_SelfIntersectChecker_2_GeometryExtractor(TeeFactory): Cloned 3304 input feature(s) into 3304 output feature(s)
2014-09-22 14:34:57|  27.7|  0.0|STATS |gzFixCatwalks_SelfIntersectChecker_2_SelfIntersector(IntersectionFactory): Processed 3304 input feature(s) in COMPLETE mode, resulting in 3304 segment(s) and 0 point(s) output (0 overlapping segment(s) merged)
2014-09-22 14:34:57|  27.7|  0.0|STATS |gzFixCatwalks_SelfIntersectChecker_2_DuplicateRemover(TestFactory): Tested 3304 input feature(s) -- 0 feature(s) passed and 3304 feature(s) failed
2014-09-22 14:34:57|  27.7|  0.0|STATS |gzFixCatwalks_SelfIntersectChecker_2_TESTER(TestFactory): Tested 3304 input feature(s) -- 0 feature(s) passed and 3304 feature(s) failed
2014-09-22 14:34:57|  27.7|  0.0|STATS |gzFixCatwalks_SelfIntersectChecker_2_PartCounter_2(TeeFactory): Cloned 3304 input feature(s) into 3304 output feature(s)
2014-09-22 14:34:57|  27.7|  0.0|STATS |gzFixCatwalks_SelfIntersectChecker_2_TESTER_2(TestFactory): Tested 3304 input feature(s) -- 3304 feature(s) passed and 0 feature(s) failed
2014-09-22 14:34:57|  27.7|  0.0|STATS |gzFixCatwalks_SelfIntersectChecker_2_ATTRIBUTEREMOVER(TeeFactory): Cloned 3304 input feature(s) into 3304 output feature(s)
2014-09-22 14:34:57|  27.7|  0.0|STATS |gzFixCatwalks_SelfIntersectChecker_2_GeometryReplacer(TeeFactory): Cloned 0 input feature(s) into 0 output feature(s)
2014-09-22 14:34:57|  27.7|  0.0|STATS |gzFixCatwalks_SelfIntersectChecker_2_ATTRIBUTEREMOVER_2(TeeFactory): Cloned 0 input feature(s) into 0 output feature(s)
2014-09-22 14:34:57|  27.7|  0.0|STATS |gzFixCatwalks_SelfIntersectChecker_2_NotSelfIntersecting1411403461 Output Collector(TeeFactory): Cloned 3304 input feature(s) into 3304 output feature(s)
2014-09-22 14:34:57|  27.7|  0.0|STATS |gzFixCatwalks_SelfIntersectChecker_2_SelfIntersecting1411403461 Output Collector(TeeFactory): Cloned 0 input feature(s) into 0 output feature(s)
2014-09-22 14:34:57|  27.7|  0.0|STATS |gzFixCatwalks_SelfIntersectChecker_2 NotSelfIntersecting Output Renamer/Nuker(TeeFactory): Cloned 3304 input feature(s) into 3304 output feature(s)
2014-09-22 14:34:57|  27.7|  0.0|STATS |gzFixCatwalks_SelfIntersectChecker_2 SelfIntersecting Output Renamer/Nuker(TeeFactory): Cloned 0 input feature(s) into 0 output feature(s)
2014-09-22 14:34:57|  27.7|  0.0|STATS |gzFixCatwalks_SelfIntersectChecker_2 SelfIntersecting Splitter(TeeFactory): Cloned 0 input feature(s) into 0 output feature(s)
2014-09-22 14:34:57|  27.7|  0.0|STATS |gzFixCatwalks_Logger_SelfIntersecting_Logger(TeeFactory): Cloned 0 input feature(s) into 0 output feature(s)
2014-09-22 14:34:57|  27.7|  0.0|STATS |gzFixCatwalks_Logger_SelfIntersecting LOGGED Output Nuker(TeeFactory): Cloned 0 input feature(s) into 0 output feature(s)
2014-09-22 14:34:57|  27.7|  0.0|STATS |gzFixCatwalks_OUTPUT1411403461 Output Collector(TeeFactory): Cloned 3304 input feature(s) into 3304 output feature(s)
2014-09-22 14:34:57|  27.7|  0.0|STATS |gzFixCatwalks OUTPUT Output Renamer/Nuker(TeeFactory): Cloned 3304 input feature(s) into 3304 output feature(s)
2014-09-22 14:34:57|  27.7|  0.0|STATS |DonutHoleExtractor(DonutHoleFactory): Split 562 hole(s) from 3304 input feature(s)
2014-09-22 14:34:57|  27.7|  0.0|STATS |gzSourceTargetQA SourceTargetQA_Input_1 Input Collector(TeeFactory): Cloned 3871 input feature(s) into 3871 output feature(s)
2014-09-22 14:34:57|  27.7|  0.0|STATS |gzSourceTargetQA_SourceTargetQA_Input_11396906235 Input Splitter(TeeFactory): Cloned 3871 input feature(s) into 3871 output feature(s)
2014-09-22 14:34:57|  27.7|  0.0|STATS |gzSourceTargetQA_AttributeExposer(TeeFactory): Cloned 3871 input feature(s) into 3871 output feature(s)
2014-09-22 14:34:57|  27.7|  0.0|STATS |gzSourceTargetQA_AttributeFilter(TestFactory): Tested 0 input feature(s) -- 0 feature(s) passed and 0 feature(s) failed
2014-09-22 14:34:57|  27.7|  0.0|STATS |gzSourceTargetQA_AttributeFilter_BlankFilter(TestFactory): Tested 0 input feature(s) -- 0 feature(s) passed and 0 feature(s) failed
2014-09-22 14:34:57|  27.7|  0.0|STATS |gzSourceTargetQA_AttributeFilter <BLANK> Output Nuker(TeeFactory): Cloned 0 input feature(s) into 0 output feature(s)
2014-09-22 14:34:57|  27.7|  0.0|STATS |gzSourceTargetQA_LengthCalculator(TeeFactory): Cloned 0 input feature(s) into 0 output feature(s)
2014-09-22 14:34:57|  27.7|  0.0|STATS |gzSourceTargetQA_Tester(TestFactory): Tested 0 input feature(s) -- 0 feature(s) passed and 0 feature(s) failed
2014-09-22 14:34:57|  27.7|  0.0|STATS |gzSourceTargetQA_Logger_FAILED_Logger(TeeFactory): Cloned 0 input feature(s) into 0 output feature(s)
2014-09-22 14:34:57|  27.7|  0.0|STATS |gzSourceTargetQA_Logger_FAILED LOGGED Output Nuker(TeeFactory): Cloned 0 input feature(s) into 0 output feature(s)
2014-09-22 14:34:57|  27.7|  0.0|STATS |gzSourceTargetQA_Skip_fpLines(TestFactory): Tested 3871 input feature(s) -- 3871 feature(s) passed and 0 feature(s) failed
2014-09-22 14:34:57|  27.7|  0.0|INFORM|gzSourceTargetQA_Sorter_SRCVAL(SortFactory): Starting sorting 3871 feature(s)
2014-09-22 14:34:57|  27.7|  0.0|INFORM|gzSourceTargetQA_Sorter_SRCVAL(SortFactory): Done sorting 3871 feature(s)
2014-09-22 14:34:57|  27.7|  0.0|INFORM|gz starting sourceTargetQA
2014-09-22 14:34:57|  27.7|  0.0|INFORM|gz len(datasets)=9
2014-09-22 14:36:11| 101.9| 74.1|INFORM|... Last line repeated 3870 times ...
2014-09-22 14:36:11| 101.9|  0.0|STATS |gzSourceTargetQA_Sorter_SRCVAL(SortFactory): Sorted 3871 feature(s)
2014-09-22 14:36:11| 101.9|  0.0|STATS |gzSourceTargetQA_SourceTargetQA_Output_11396906235 Output Collector(TeeFactory): Cloned 3871 input feature(s) into 3871 output feature(s)
2014-09-22 14:36:11| 101.9|  0.0|STATS |gzSourceTargetQA SourceTargetQA_Output_1 Output Renamer/Nuker(TeeFactory): Cloned 3871 input feature(s) into 3871 output feature(s)
2014-09-22 14:36:11| 101.9|  0.0|STATS |TestFilter_2(TeeFactory): Cloned 3871 input feature(s) into 3871 output feature(s)
2014-09-22 14:36:11| 101.9|  0.0|STATS |TestFilter_2_TestFactory_0(TestFactory): Tested 3871 input feature(s) -- 1028 feature(s) passed and 2843 feature(s) failed
2014-09-22 14:36:11| 101.9|  0.0|STATS |TestFilter_2_<lt>UNFILTERED<gt>(TeeFactory): Cloned 2843 input feature(s) into 2843 output feature(s)
2014-09-22 14:36:11| 101.9|  0.0|STATS |StringReplacer(TeeFactory): Cloned 1028 input feature(s) into 1028 output feature(s)
2014-09-22 14:36:11| 101.9|  0.0|STATS |gzWriteData gzFeatures Input Collector(TeeFactory): Cloned 3871 input feature(s) into 3871 output feature(s)
2014-09-22 14:36:11| 101.9|  0.0|STATS |gzWriteData_gzFeatures1396906261 Input Splitter(TeeFactory): Cloned 3871 input feature(s) into 11613 output feature(s)
2014-09-22 14:36:11| 101.9|  0.0|STATS |gzWriteData_StatisticsCalculator_InputProcessor(TeeFactory): Cloned 3871 input feature(s) into 3871 output feature(s)
2014-09-22 14:36:11| 101.9|  0.0|STATS |gzWriteData_StatisticsCalculator_UnneededInputNuker(TeeFactory): Cloned 3871 input feature(s) into 3871 output feature(s)
2014-09-22 14:36:11| 102.2|  0.3|STATS |gzWriteData_StatisticsCalculator_CompleteOutputter(SortFactory): Output 3871 feature(s) without doing any sorting
2014-09-22 14:36:11| 102.2|  0.0|STATS |gzWriteData_StatisticsCalculator_SummaryCreator(CreationFactory): Created 1 features
2014-09-22 14:36:11| 102.2|  0.0|STATS |gzWriteData_StatisticsCalculator_SummaryExploder(ElementFactory): Split out 1 list elements from 1 input features, using mode LEAN_AND_MEAN
2014-09-22 14:36:11| 102.2|  0.0|STATS |gzWriteData_TestHasErrors(TeeFactory): Cloned 3872 input feature(s) into 3872 output feature(s)
2014-09-22 14:36:11| 102.2|  0.0|STATS |gzWriteData_TestHasErrors_TestFactory_0(TestFactory): Tested 3872 input feature(s) -- 3872 feature(s) passed and 0 feature(s) failed
2014-09-22 14:36:11| 102.2|  0.0|STATS |gzWriteData_TestHasErrors_<lt>UNFILTERED<gt>(TeeFactory): Cloned 0 input feature(s) into 0 output feature(s)
2014-09-22 14:36:11| 102.2|  0.0|STATS |gzWriteData_TestHasErrors <lt>UNFILTERED<gt> Output Nuker(TeeFactory): Cloned 0 input feature(s) into 0 output feature(s)
2014-09-22 14:36:11| 102.2|  0.0|STATS |gzWriteData_TestHasErrors_2(TeeFactory): Cloned 3871 input feature(s) into 3871 output feature(s)
2014-09-22 14:36:11| 102.2|  0.0|STATS |gzWriteData_TestHasErrors_2_TestFactory_0(TestFactory): Tested 3871 input feature(s) -- 0 feature(s) passed and 3871 feature(s) failed
2014-09-22 14:36:11| 102.2|  0.0|STATS |gzWriteData_TestHasErrors_2_<lt>UNFILTERED<gt>(TeeFactory): Cloned 3871 input feature(s) into 3871 output feature(s)
2014-09-22 14:36:11| 102.2|  0.0|STATS |gzWriteData_TestHasErrors_2 <lt>UNFILTERED<gt> Output Nuker(TeeFactory): Cloned 3871 input feature(s) into 0 output feature(s)
2014-09-22 14:36:11| 102.2|  0.0|STATS |gzWriteData_gzGetErrorInfo INPUT Input Collector(TeeFactory): Cloned 0 input feature(s) into 0 output feature(s)
2014-09-22 14:36:11| 102.2|  0.0|STATS |gzWriteData_gzGetErrorInfo_INPUT1396906154 Input Splitter(TeeFactory): Cloned 0 input feature(s) into 0 output feature(s)
2014-09-22 14:36:11| 102.2|  0.0|STATS |gzWriteData_gzGetErrorInfo_AttributeExposer(TeeFactory): Cloned 0 input feature(s) into 0 output feature(s)
2014-09-22 14:36:11| 102.2|  0.0|STATS |gzWriteData_gzGetErrorInfo_TestFilter(TeeFactory): Cloned 0 input feature(s) into 0 output feature(s)
2014-09-22 14:36:11| 102.2|  0.0|STATS |gzWriteData_gzGetErrorInfo_TestFilter_TestFactory_0(TestFactory): Tested 0 input feature(s) -- 0 feature(s) passed and 0 feature(s) failed
2014-09-22 14:36:11| 102.2|  0.0|STATS |gzWriteData_gzGetErrorInfo_TestFilter_TestFactory_1(TestFactory): Tested 0 input feature(s) -- 0 feature(s) passed and 0 feature(s) failed
2014-09-22 14:36:11| 102.2|  0.0|STATS |gzWriteData_gzGetErrorInfo_TestFilter_TestFactory_2(TestFactory): Tested 0 input feature(s) -- 0 feature(s) passed and 0 feature(s) failed
2014-09-22 14:36:11| 102.2|  0.0|STATS |gzWriteData_gzGetErrorInfo_TestFilter_TestFactory_3(TestFactory): Tested 0 input feature(s) -- 0 feature(s) passed and 0 feature(s) failed
2014-09-22 14:36:11| 102.2|  0.0|STATS |gzWriteData_gzGetErrorInfo_TestFilter_<lt>UNFILTERED<gt>(TeeFactory): Cloned 0 input feature(s) into 0 output feature(s)
2014-09-22 14:36:11| 102.2|  0.0|STATS |gzWriteData_gzGetErrorInfo_TestFilter <lt>UNFILTERED<gt> Output Nuker(TeeFactory): Cloned 0 input feature(s) into 0 output feature(s)
2014-09-22 14:36:11| 102.2|  0.0|STATS |gzWriteData_gzGetErrorInfo_TimeStamper(TeeFactory): Cloned 0 input feature(s) into 0 output feature(s)
2014-09-22 14:36:11| 102.2|  0.0|STATS |gzWriteData_gzGetErrorInfo_VariableSetter(TeeFactory): Cloned 0 input feature(s) into 0 output feature(s)
2014-09-22 14:36:11| 102.2|  0.0|STATS |gzWriteData_gzGetErrorInfo_OUTPUT1396906154 Output Collector(TeeFactory): Cloned 0 input feature(s) into 0 output feature(s)
2014-09-22 14:36:11| 102.2|  0.0|STATS |gzWriteData_gzGetErrorInfo OUTPUT Output Renamer/Nuker(TeeFactory): Cloned 0 input feature(s) into 0 output feature(s)
2014-09-22 14:36:13| 103.9|  1.7|INFORM|Trying to find a DYNAMIC plugin for reader named `GEODATABASE_SDE'
2014-09-22 14:36:13| 103.9|  0.0|INFORM|Loaded module 'GEODATABASE_SDE' from file 'c:\apps\FME\GEODATABASE9.dll'
2014-09-22 14:36:13| 103.9|  0.0|INFORM|FME API version of module 'GEODATABASE_SDE' matches current internal version (3.7 20140327)
2014-09-22 14:36:13| 103.9|  0.0|INFORM|Trying to find a DYNAMIC plugin for reader named `GEODATABASE_SDE'
2014-09-22 14:36:13| 103.9|  0.0|INFORM|FME API version of module 'GEODATABASE_SDE' matches current internal version (3.7 20140327)
2014-09-22 14:36:13| 103.9|  0.0|INFORM|Opening the Geodatabase reader
2014-09-22 14:36:14| 104.8|  0.9|INFORM|FME has checked out an Esri license. The product checked out is 'ArcInfo'
2014-09-22 14:36:14| 104.8|  0.0|INFORM|Installed ArcGIS version is '10.1'
2014-09-22 14:36:15| 105.0|  0.2|INFORM|Connection made to server 'prawn' for dataset 'UWGISStaging' (transactional version 'dbo.DEFAULT') using Operating System's current user
2014-09-22 14:36:15| 105.0|  0.0|INFORM|ArcSDE release: '10.0'. Underlying database: 'SQL Server'
2014-09-22 14:36:15| 105.1|  0.0|INFORM|The OGC definition of the FME coordinate system '_SPHERICAL_MERCATOR_0' is 'PROJCS["WGS_1984_Web_Mercator_Auxiliary_Sphere",GEOGCS["GCS_WGS_1984",DATUM["D_WGS_1984",SPHEROID["WGS_1984",6378137.0,298.257223563]],PRIMEM["Greenwich",0.0],UNIT["Degree",0.0174532925199433]],PROJECTION["Mercator_Auxiliary_Sphere"],PARAMETER["False_Easting",0.0],PARAMETER["False_Northing",0.0],PARAMETER["Central_Meridian",0.0],PARAMETER["Standard_Parallel_1",0.0],PARAMETER["Auxiliary_Sphere_Type",0.0],UNIT["Meter",1.0]]'
2014-09-22 14:36:16| 106.1|  1.0|WARN  |The table name 'DBO.SiteplanFeature' could not be found in the Geodatabase as either a feature class or a table. This may be because the current user does not have permission to see 'DBO.SiteplanFeature'
2014-09-22 14:36:16| 106.4|  0.3|WARN  |The table name 'SiteplanFeature' could not be found in the Geodatabase as either a feature class or a table. This may be because the current user does not have permission to see 'SiteplanFeature'
2014-09-22 14:36:16| 106.4|  0.0|INFORM|Closing the Geodatabase reader
2014-09-22 14:36:17| 106.4|  0.0|INFORM|Reader `GEODATABASE_SDE_1' of type `GEODATABASE_SDE' provided schema for types: DBO.Waterbody,SiteAmenityLine,StreetPavement,DBO.LandscapeArea,LandscapeArea,DBO.SiteAmenityLine,DBO.StreetPavement,Building,DBO.Building,Waterbody
2014-09-22 14:36:17| 106.4|  0.0|INFORM|Trying to find a DYNAMIC plugin for writer named `GEODATABASE_SDE'
2014-09-22 14:36:17| 106.4|  0.0|INFORM|FME API version of module 'GEODATABASE_SDE' matches current internal version (3.7 20140327)
2014-09-22 14:36:17| 106.4|  0.0|INFORM|FME Configuration: No destination coordinate system set
2014-09-22 14:36:17| 106.4|  0.0|INFORM|FME API version of module 'GEODATABASE_SDE' matches current internal version (3.7 20140327)
2014-09-22 14:36:17| 106.4|  0.0|INFORM|Writer `GEODATABASE_SDE_2' of type `GEODATABASE_SDE' using group definition keyword `GEODATABASE_SDE_2_DEF'
2014-09-22 14:36:17| 106.4|  0.0|INFORM|FME API version of module 'GEODATABASE_SDE' matches current internal version (3.7 20140327)
2014-09-22 14:36:17| 106.4|  0.0|INFORM|An ArcGIS license is already checked out. The product checked out is 'Advanced'
2014-09-22 14:36:17| 106.4|  0.0|INFORM|Installed ArcGIS version is '10.1'
2014-09-22 14:36:17| 106.5|  0.0|INFORM|Connection made to server 'prawn' for dataset 'UWGISStaging' (transactional version 'dbo.DEFAULT') using Operating System's current user
2014-09-22 14:36:17| 106.5|  0.0|INFORM|ArcSDE release: '10.0'. Underlying database: 'SQL Server'
2014-09-22 14:36:17| 106.5|  0.0|WARN  |Value of feature type parameter 'GEODB_OBJECT_ID_NAME' for table/feature class 'd_y_n' has been changed from 'OBJECTID' to 'OBJECTID_1' as it conflicted with user field name
2014-09-22 14:36:17| 106.5|  0.0|WARN  |Value of feature type parameter 'GEODB_OBJECT_ID_NAME' for table/feature class 'd_y_n00' has been changed from 'OBJECTID' to 'OBJECTID_1' as it conflicted with user field name
2014-09-22 14:36:17| 106.5|  0.0|WARN  |Value of feature type parameter 'GEODB_OBJECT_ID_NAME' for table/feature class 'd_y_n01' has been changed from 'OBJECTID' to 'OBJECTID_1' as it conflicted with user field name
2014-09-22 14:36:17| 106.5|  0.0|WARN  |Value of feature type parameter 'GEODB_OBJECT_ID_NAME' for table/feature class 'd_y_n02' has been changed from 'OBJECTID' to 'OBJECTID_1' as it conflicted with user field name
2014-09-22 14:36:17| 106.5|  0.0|WARN  |Value of feature type parameter 'GEODB_OBJECT_ID_NAME' for table/feature class 'd_y_n03' has been changed from 'OBJECTID' to 'OBJECTID_1' as it conflicted with user field name
2014-09-22 14:36:17| 106.5|  0.0|WARN  |Value of feature type parameter 'GEODB_OBJECT_ID_NAME' for table/feature class 'd_y_n04' has been changed from 'OBJECTID' to 'OBJECTID_1' as it conflicted with user field name
2014-09-22 14:36:17| 106.5|  0.0|WARN  |Value of feature type parameter 'GEODB_OBJECT_ID_NAME' for table/feature class 'd_y_n05' has been changed from 'OBJECTID' to 'OBJECTID_1' as it conflicted with user field name
2014-09-22 14:36:17| 106.5|  0.0|WARN  |Value of feature type parameter 'GEODB_OBJECT_ID_NAME' for table/feature class 'd_y_n06' has been changed from 'OBJECTID' to 'OBJECTID_1' as it conflicted with user field name
2014-09-22 14:36:17| 106.5|  0.0|WARN  |Value of feature type parameter 'GEODB_OBJECT_ID_NAME' for table/feature class 'd_y_n07' has been changed from 'OBJECTID' to 'OBJECTID_1' as it conflicted with user field name
2014-09-22 14:36:17| 106.5|  0.0|WARN  |Value of feature type parameter 'GEODB_OBJECT_ID_NAME' for table/feature class 'd_y_n08' has been changed from 'OBJECTID' to 'OBJECTID_1' as it conflicted with user field name
2014-09-22 14:36:17| 106.5|  0.0|INFORM|The 'HAS_Z_VALUES' keyword is set to 'AUTO_DETECT'. With the exception of MultiPatch feature classes, the dimensionality of new feature classes will be based on the first feature written to the feature class. (Features with no geometry are considered 2D)
2014-09-22 14:36:17| 106.5|  0.0|INFORM|A default z-value of '0' will be used for all 3D features where z-values are not provided
2014-09-22 14:36:17| 106.5|  0.0|INFORM|Geodatabase Writer: Not simplifying geometries being written to the Geodatabase
2014-09-22 14:36:17| 106.5|  0.0|INFORM|Writer mode is 'INSERT'
2014-09-22 14:36:17| 106.8|  0.2|INFORM|Geodatabase Writer: Truncating table/feature class `Building'
2014-09-22 14:36:18| 106.9|  0.1|INFORM|Geodatabase Writer: The field 'OBJECTID' in table 'Building' will not be updated since it is not editable
2014-09-22 14:36:18| 106.9|  0.0|INFORM|Geodatabase Writer: The field 'GlobalID' in table 'Building' will not be updated since it is not editable
2014-09-22 14:36:18| 106.9|  0.0|INFORM|Geodatabase Writer: The field 'SHAPE.STArea()' in table 'Building' will not be updated since it is not editable
2014-09-22 14:36:18| 106.9|  0.0|INFORM|Geodatabase Writer: The field 'SHAPE.STLength()' in table 'Building' will not be updated since it is not editable
2014-09-22 14:36:18| 106.9|  0.0|INFORM|Starting an edit session
2014-09-22 14:36:18| 106.9|  0.0|WARN  |A 2D feature was encountered in the feature class 'Building', which is defined as containing 3D features. The feature, and any other applicable features in the same feature class, will be modified so that it has the same dimension as the feature class
2014-09-22 14:36:18| 106.9|  0.0|INFORM|gzWriteData_FeatureMerger(ReferenceFactory): Completed 50.36% of intermediate processing
2014-09-22 14:36:18| 107.1|  0.2|INFORM|Geodatabase Writer: Truncating table/feature class `LandscapeArea'
2014-09-22 14:36:20| 107.9|  0.8|INFORM|Geodatabase Writer: The field 'OBJECTID' in table 'LandscapeArea' will not be updated since it is not editable
2014-09-22 14:36:20| 107.9|  0.0|INFORM|Geodatabase Writer: The field 'SHAPE.STArea()' in table 'LandscapeArea' will not be updated since it is not editable
2014-09-22 14:36:20| 107.9|  0.0|INFORM|Geodatabase Writer: The field 'SHAPE.STLength()' in table 'LandscapeArea' will not be updated since it is not editable
2014-09-22 14:36:23| 110.1|  2.2|INFORM|Geodatabase Writer: Truncating table/feature class `SiteAmenityLine'
2014-09-22 14:36:23| 110.4|  0.3|INFORM|Geodatabase Writer: The field 'OBJECTID' in table 'SiteAmenityLine' will not be updated since it is not editable
2014-09-22 14:36:23| 110.4|  0.0|INFORM|Geodatabase Writer: The field 'GlobalID' in table 'SiteAmenityLine' will not be updated since it is not editable
2014-09-22 14:36:23| 110.4|  0.0|INFORM|Geodatabase Writer: The field 'SHAPE.STLength()' in table 'SiteAmenityLine' will not be updated since it is not editable
2014-09-22 14:36:23| 110.4|  0.0|WARN  |A 3D feature was encountered in the feature class 'SiteAmenityLine', which is defined as containing 2D features. The feature, and any other applicable features in the same feature class, will be modified so that it has the same dimension as the feature class
2014-09-22 14:36:23| 110.4|  0.0|INFORM|gzWriteData_FeatureMerger(ReferenceFactory): Completed 80.07% of intermediate processing
2014-09-22 14:36:23| 110.7|  0.2|INFORM|Geodatabase Writer: Truncating table/feature class `StreetPavement'
2014-09-22 14:36:24| 111.2|  0.5|INFORM|Geodatabase Writer: The field 'OBJECTID' in table 'StreetPavement' will not be updated since it is not editable
2014-09-22 14:36:24| 111.2|  0.0|INFORM|Geodatabase Writer: The field 'SHAPE.STArea()' in table 'StreetPavement' will not be updated since it is not editable
2014-09-22 14:36:24| 111.2|  0.0|INFORM|Geodatabase Writer: The field 'SHAPE.STLength()' in table 'StreetPavement' will not be updated since it is not editable
2014-09-22 14:36:26| 112.8|  1.6|INFORM|Geodatabase Writer: Truncating table/feature class `Waterbody'
2014-09-22 14:36:26| 112.8|  0.0|INFORM|Geodatabase Writer: The field 'OBJECTID' in table 'Waterbody' will not be updated since it is not editable
2014-09-22 14:36:26| 112.8|  0.0|INFORM|Geodatabase Writer: The field 'SHAPE.STArea()' in table 'Waterbody' will not be updated since it is not editable
2014-09-22 14:36:26| 112.8|  0.0|INFORM|Geodatabase Writer: The field 'SHAPE.STLength()' in table 'Waterbody' will not be updated since it is not editable
2014-09-22 14:36:27| 112.9|  0.1|INFORM|gzWriteData_FeatureMerger(ReferenceFactory): Completed 100% of intermediate processing
2014-09-22 14:36:27| 113.0|  0.1|STATS |gzWriteData_FeatureMerger(ReferenceFactory): Total Results: 3872 Complete Feature(s), 0 Incomplete Feature(s), 3871 Referenced Feature(s), 0 Unreferenced Feature(s), 0 Referencer Feature(s) (NO REFERENCES), 0 Referencee Feature(s) (NO Referencee fields defined), and 0 Duplicate Referencee Feature(s)
2014-09-22 14:36:27| 113.0|  0.0|STATS |gzWriteData_FeatureMerger REFERENCED Splitter(TeeFactory): Cloned 3871 input feature(s) into 7742 output feature(s)
2014-09-22 14:36:27| 113.0|  0.0|STATS |gzWriteData_FeatureMerger DUPLICATE_SUPPLIER Splitter(TeeFactory): Cloned 0 input feature(s) into 0 output feature(s)
2014-09-22 14:36:27| 113.0|  0.0|STATS |gzWriteData_gzGetLogInfo StatisticsCalculator_INPUT_55 Input Collector(TeeFactory): Cloned 3871 input feature(s) into 3871 output feature(s)
2014-09-22 14:36:27| 113.0|  0.0|STATS |gzWriteData_gzGetLogInfo_StatisticsCalculator_INPUT_551396906184 Input Splitter(TeeFactory): Cloned 3871 input feature(s) into 3871 output feature(s)
2014-09-22 14:36:27| 113.0|  0.0|STATS |gzWriteData_gzGetLogInfo_AttributeExposer(TeeFactory): Cloned 3871 input feature(s) into 3871 output feature(s)
2014-09-22 14:36:27| 113.0|  0.0|STATS |gzWriteData_gzGetLogInfo_StatisticsCalculator_InputProcessor(TeeFactory): Cloned 3871 input feature(s) into 3871 output feature(s)
2014-09-22 14:36:27| 113.0|  0.0|STATS |gzWriteData_gzGetLogInfo_StatisticsCalculator_UnneededInputNuker(TeeFactory): Cloned 3871 input feature(s) into 0 output feature(s)
2014-09-22 14:36:27| 113.0|  0.0|STATS |gzWriteData_gzGetLogInfo_StatisticsCalculator_CompleteOutputter(SortFactory): Output 0 feature(s) without doing any sorting
2014-09-22 14:36:27| 113.0|  0.0|INFORM|Geodatabase Writer: The field 'OBJECTID' in table 'gzLog' will not be updated since it is not editable
2014-09-22 14:36:27| 113.0|  0.0|STATS |gzWriteData_gzGetLogInfo_StatisticsCalculator_SummaryCreator(CreationFactory): Created 1 features
2014-09-22 14:36:27| 113.0|  0.0|STATS |gzWriteData_gzGetLogInfo_StatisticsCalculator_SummaryExploder(ElementFactory): Split out 5 list elements from 1 input features, using mode LEAN_AND_MEAN
2014-09-22 14:36:27| 113.0|  0.0|STATS |gzWriteData_gzGetLogInfo_AttributeExposer_2(TeeFactory): Cloned 5 input feature(s) into 5 output feature(s)
2014-09-22 14:36:27| 113.0|  0.0|STATS |gzWriteData_gzGetLogInfo_LOADTIME(TeeFactory): Cloned 5 input feature(s) into 5 output feature(s)
2014-09-22 14:36:27| 113.0|  0.0|STATS |gzWriteData_gzGetLogInfo_DATASET(TeeFactory): Cloned 5 input feature(s) into 5 output feature(s)
2014-09-22 14:36:27| 113.0|  0.0|STATS |gzWriteData_gzGetLogInfo_TestFilter(TeeFactory): Cloned 5 input feature(s) into 5 output feature(s)
2014-09-22 14:36:27| 113.0|  0.0|STATS |gzWriteData_gzGetLogInfo_TestFilter_TestFactory_0(TestFactory): Tested 5 input feature(s) -- 5 feature(s) passed and 0 feature(s) failed
2014-09-22 14:36:27| 113.0|  0.0|STATS |gzWriteData_gzGetLogInfo_TestFilter_<lt>UNFILTERED<gt>(TeeFactory): Cloned 0 input feature(s) into 0 output feature(s)
2014-09-22 14:36:27| 113.0|  0.0|STATS |gzWriteData_gzGetLogInfo_StatisticsCalculator_SUMMARY_551396906184 Output Collector(TeeFactory): Cloned 5 input feature(s) into 5 output feature(s)
2014-09-22 14:36:27| 113.0|  0.0|STATS |gzWriteData_gzGetLogInfo StatisticsCalculator_SUMMARY_55 Output Renamer/Nuker(TeeFactory): Cloned 5 input feature(s) into 5 output feature(s)
2014-09-22 14:36:27| 113.0|  0.0|STATS |gzWriteData_gzFeatureWriter1396906261 Output Collector(TeeFactory): Cloned 3871 input feature(s) into 3871 output feature(s)
2014-09-22 14:36:27| 113.0|  0.0|STATS |gzWriteData_gzLogWriter1396906261 Output Collector(TeeFactory): Cloned 5 input feature(s) into 5 output feature(s)
2014-09-22 14:36:27| 113.0|  0.0|STATS |gzWriteData_gzErrorWriter1396906261 Output Collector(TeeFactory): Cloned 0 input feature(s) into 0 output feature(s)
2014-09-22 14:36:27| 113.0|  0.0|STATS |gzWriteData gzLogWriter Output Renamer/Nuker(TeeFactory): Cloned 5 input feature(s) into 5 output feature(s)
2014-09-22 14:36:27| 113.0|  0.0|STATS |gzWriteData gzFeatureWriter Output Renamer/Nuker(TeeFactory): Cloned 3871 input feature(s) into 3871 output feature(s)
2014-09-22 14:36:27| 113.0|  0.0|STATS |gzWriteData gzErrorWriter Output Renamer/Nuker(TeeFactory): Cloned 0 input feature(s) into 0 output feature(s)
2014-09-22 14:36:27| 113.0|  0.0|STATS |gzWriteData_gzFeatureWriter -> Features Correlator(TeeFactory): Cloned 3871 input feature(s) into 3871 output feature(s)
2014-09-22 14:36:27| 113.0|  0.0|STATS |gzWriteData_gzErrorWriter -> gzError Correlator(TeeFactory): Cloned 0 input feature(s) into 0 output feature(s)
2014-09-22 14:36:27| 113.0|  0.0|STATS |gzWriteData_gzLogWriter -> gzLog Correlator(TeeFactory): Cloned 5 input feature(s) into 5 output feature(s)
2014-09-22 14:36:27| 113.0|  0.0|STATS |Final Output Feature Type Router(TestFactory): Tested 3876 input feature(s) -- 3876 feature(s) passed and 0 feature(s) failed
2014-09-22 14:36:27| 113.0|  0.0|STATS |Final Output Nuker(TeeFactory): Cloned 0 input feature(s) into 0 output feature(s)
2014-09-22 14:36:27| 113.0|  0.0|STATS |=-=-=-=-=-=-=-=-=-=-=-=-=-=-=-=-=-=-=-=-=-=-=-=-=-=-=-=-=-=-=-=-=-=-=-=-=-=-=-
2014-09-22 14:36:27| 113.0|  0.0|STATS |                            `Count' Domain Summary
2014-09-22 14:36:27| 113.0|  0.0|STATS |=-=-=-=-=-=-=-=-=-=-=-=-=-=-=-=-=-=-=-=-=-=-=-=-=-=-=-=-=-=-=-=-=-=-=-=-=-=-=-
2014-09-22 14:36:27| 113.0|  0.0|STATS |gzFixCatwalks_SelfIntersectChecker_2_COUNTER_counter                      3304
2014-09-22 14:36:27| 113.0|  0.0|STATS |gzFixCatwalks_SelfIntersectChecker_COUNTER_counter                        3304
2014-09-22 14:36:27| 113.0|  0.0|STATS |==============================================================================
2014-09-22 14:36:27| 113.0|  0.0|STATS |Total `@Count' Invocations:                                               6608
2014-09-22 14:36:27| 113.0|  0.0|STATS |=-=-=-=-=-=-=-=-=-=-=-=-=-=-=-=-=-=-=-=-=-=-=-=-=-=-=-=-=-=-=-=-=-=-=-=-=-=-=-
2014-09-22 14:36:27| 113.0|  0.0|STATS |Generalize: Generalized 3304 feature(s) using Douglas, removing 9042 of 183429 verticies (4% reduction)
2014-09-22 14:36:27| 113.0|  0.0|STATS |GeodatabaseRelationshipFeaturesPipeline::GeodatabaseRelationshipFeatures(SortFactory): Sorted 0 feature(s)
2014-09-22 14:36:28| 113.3|  0.3|INFORM|All edits made during the edit session were saved
2014-09-22 14:36:28| 113.3|  0.0|INFORM|Closing the Geodatabase writer
2014-09-22 14:36:29| 113.3|  0.0|INFORM|=-=-=-=-=-=-=-=-=-=-=-=-=-=-=-=-=-=-=-=-=-=-=-=-=-=-=-=-=-=-=-=-=-=-=-=-=-=-=-
2014-09-22 14:36:29| 113.3|  0.0|INFORM|Feature output statistics for `GEODATABASE_SDE' writer using keyword `GEODATABASE_SDE_2':
2014-09-22 14:36:29| 113.3|  0.0|STATS |=-=-=-=-=-=-=-=-=-=-=-=-=-=-=-=-=-=-=-=-=-=-=-=-=-=-=-=-=-=-=-=-=-=-=-=-=-=-=-
2014-09-22 14:36:29| 113.3|  0.0|STATS |                               Features Written
2014-09-22 14:36:29| 113.3|  0.0|STATS |=-=-=-=-=-=-=-=-=-=-=-=-=-=-=-=-=-=-=-=-=-=-=-=-=-=-=-=-=-=-=-=-=-=-=-=-=-=-=-
2014-09-22 14:36:29| 113.3|  0.0|STATS |Building                                                                   387
2014-09-22 14:36:29| 113.3|  0.0|STATS |LandscapeArea                                                             1851
2014-09-22 14:36:29| 113.3|  0.0|STATS |SiteAmenityLine                                                            561
2014-09-22 14:36:29| 113.3|  0.0|STATS |StreetPavement                                                            1028
2014-09-22 14:36:29| 113.3|  0.0|STATS |Waterbody                                                                   44
2014-09-22 14:36:29| 113.3|  0.0|STATS |gzLog                                                                        5
2014-09-22 14:36:29| 113.3|  0.0|STATS |==============================================================================
2014-09-22 14:36:29| 113.3|  0.0|STATS |Total Features Written                                                    3876
2014-09-22 14:36:29| 113.3|  0.0|STATS |=-=-=-=-=-=-=-=-=-=-=-=-=-=-=-=-=-=-=-=-=-=-=-=-=-=-=-=-=-=-=-=-=-=-=-=-=-=-=-
2014-09-22 14:36:29| 113.3|  0.0|STATS |=-=-=-=-=-=-=-=-=-=-=-=-=-=-=-=-=-=-=-=-=-=-=-=-=-=-=-=-=-=-=-=-=-=-=-=-=-=-=-
2014-09-22 14:36:29| 113.3|  0.0|STATS |                            Features Read Summary
2014-09-22 14:36:29| 113.3|  0.0|STATS |=-=-=-=-=-=-=-=-=-=-=-=-=-=-=-=-=-=-=-=-=-=-=-=-=-=-=-=-=-=-=-=-=-=-=-=-=-=-=-
2014-09-22 14:36:29| 113.3|  0.0|STATS |schema                                                                      14
2014-09-22 14:36:29| 113.3|  0.0|STATS |==============================================================================
2014-09-22 14:36:29| 113.3|  0.0|STATS |Total Features Read                                                         14
2014-09-22 14:36:29| 113.3|  0.0|STATS |=-=-=-=-=-=-=-=-=-=-=-=-=-=-=-=-=-=-=-=-=-=-=-=-=-=-=-=-=-=-=-=-=-=-=-=-=-=-=-
2014-09-22 14:36:29| 113.3|  0.0|STATS |=-=-=-=-=-=-=-=-=-=-=-=-=-=-=-=-=-=-=-=-=-=-=-=-=-=-=-=-=-=-=-=-=-=-=-=-=-=-=-
2014-09-22 14:36:29| 113.3|  0.0|STATS |                           Features Written Summary
2014-09-22 14:36:29| 113.3|  0.0|STATS |=-=-=-=-=-=-=-=-=-=-=-=-=-=-=-=-=-=-=-=-=-=-=-=-=-=-=-=-=-=-=-=-=-=-=-=-=-=-=-
2014-09-22 14:36:29| 113.3|  0.0|STATS |Building                                                                   387
2014-09-22 14:36:29| 113.3|  0.0|STATS |LandscapeArea                                                             1851
2014-09-22 14:36:29| 113.3|  0.0|STATS |SiteAmenityLine                                                            561
2014-09-22 14:36:29| 113.3|  0.0|STATS |StreetPavement                                                            1028
2014-09-22 14:36:29| 113.3|  0.0|STATS |Waterbody                                                                   44
2014-09-22 14:36:29| 113.3|  0.0|STATS |gzLog                                                                        5
2014-09-22 14:36:29| 113.3|  0.0|STATS |==============================================================================
2014-09-22 14:36:29| 113.3|  0.0|STATS |Total Features Written                                                    3876
2014-09-22 14:36:29| 113.3|  0.0|STATS |=-=-=-=-=-=-=-=-=-=-=-=-=-=-=-=-=-=-=-=-=-=-=-=-=-=-=-=-=-=-=-=-=-=-=-=-=-=-=-
2014-09-22 14:36:29| 113.3|  0.0|INFORM|Translation was SUCCESSFUL with 14 warning(s) (3876 feature(s) output)
2014-09-22 14:36:29| 113.3|  0.0|INFORM|FME Session Duration: 2 minutes 0.2 seconds. (CPU: 108.2s user, 4.8s system)
2014-09-22 14:36:29| 113.3|  0.0|INFORM|END - ProcessID: 4400, peak process memory usage: 507792 kB, current process memory usage: 406624 kB
