2014-09-23 19:58:02|   0.4|  0.4|INFORM|FME 2014 SP2 (20140606 - Build 14338 - WIN32)
2014-09-23 19:58:02|   0.4|  0.0|INFORM|FME_HOME is 'c:\apps\FME\'
2014-09-23 19:58:02|   0.4|  0.0|INFORM|FME Oracle Edition (node locked-crc)
2014-09-23 19:58:02|   0.4|  0.0|INFORM|Serial Number: Steve_Grise
2014-09-23 19:58:02|   0.4|  0.0|INFORM|Temporary License: 65 days left.
2014-09-23 19:58:02|   0.4|  0.0|INFORM|Machine host name is: Prawn
2014-09-23 19:58:02|   0.4|  0.0|INFORM|START - ProcessID: 12896, peak process memory usage: 47708 kB, current process memory usage: 47708 kB
2014-09-23 19:58:02|   0.4|  0.0|INFORM|FME Configuration: Command line arguments are `c:\apps\FME\fme.exe' `C:\Users\Steve\Documents\GitHub\gseUW\ETL\fme\gseFloorplanLoader.fmw' `--DestDataset_GEODATABASE_SDE' `sde' `--OUT_CONNECTION_FILE_GEODATABASE_SDE' `C:\Users\Steve\Documents\GitHub\gseUW\ETL\serverConfig\GIS Staging.sde' `--ProductionConnectionFile' `C:\Users\Steve\Documents\GitHub\gseUW\ETL\serverConfig\GIS Production.sde' `--GizintaProject' `C:\Users\Steve\Documents\GitHub\gseUW\ETL\config\fpLoadPlaylist.xml' `--TargetFieldQA' `True' `--SourceFieldQA' `False' `--IgnoreErrors' `False' `--SourceDatasetTypes' `CADDataset' `--pFLOORID' `UWS_1327_01' `--SourceCoordinateSystem' `EPSG:2285' `--gzDebug' `False' `--LOG_FILE' `C:\Users\Steve\Documents\GitHub\gseUW\ETL\fme\log\gseFloorplanLoader.log' `--FEATURE_TYPES' `Floor_Poly FloorplanLine InteriorSpace Floor_Area Floor_Outline' `--FEATURE_TYPES_READ' `GSF BSE RMS Floor_Poly Floor_Poly' `--SourceDataset_ESRIMSD' `C:\Users\Steve\Documents\GitHub\gseUW\CAD\UWS\Floorplans\1327-sav-savery hall\1327XP-01.dwg'
2014-09-23 19:58:02|   0.5|  0.0|INFORM|Using FME's provided Python interpreter from c:\apps\FME\fmepython27\python27.dll
2014-09-23 19:58:02|   0.5|  0.0|INFORM|Python version 2.7 successfully loaded
2014-09-23 19:58:02|   0.5|  0.0|INFORM|Adding directory `c:\apps\FME\transformers\' to the python path
2014-09-23 19:58:02|   0.5|  0.0|INFORM|FME_BEGIN_PYTHON: evaluating python script from string...
2014-09-23 19:58:02|   0.5|  0.0|INFORM|FME_BEGIN_PYTHON: python script execution complete.
2014-09-23 19:58:02|   0.5|  0.0|INFORM|Shared directories for formats are : C:\Users\Steve\Documents\FME\Formats;c:\apps\FME\datasources
2014-09-23 19:58:02|   0.5|  0.0|INFORM|Shared directories for transformers are : C:\Users\Steve\Documents\FME\Transformers;c:\apps\FME\transformers;C:\Users\Steve\AppData\Roaming\Safe Software\FME\FME Store\Transformers
2014-09-23 19:58:02|   0.5|  0.0|INFORM|Shared directories for coordinate systems are : C:\Users\Steve\Documents\FME\CoordinateSystems
2014-09-23 19:58:02|   0.5|  0.0|INFORM|Shared directories for coordinate system exceptions are : C:\Users\Steve\Documents\FME\CoordinateSystemExceptions
2014-09-23 19:58:02|   0.5|  0.0|INFORM|Shared directories for coordinate system grid overrides are : C:\Users\Steve\Documents\FME\CoordinateSystemGridOverrides
2014-09-23 19:58:02|   0.5|  0.0|INFORM|Shared directories for CS-MAP transformation exceptions are : C:\Users\Steve\Documents\FME\CsmapTransformationExceptions
2014-09-23 19:58:02|   0.5|  0.0|INFORM|Shared directories for transformer categories are : C:\Users\Steve\Documents\FME\TransformerCategories
2014-09-23 19:58:02|   0.5|  0.0|INFORM|Mapping File Identifier is: GizintaLoader
2014-09-23 19:58:02|   0.5|  0.0|INFORM|FME Configuration: Reader Keyword is `MULTI_READER'
2014-09-23 19:58:02|   0.5|  0.0|INFORM|FME Configuration: Writer Keyword is `MULTI_WRITER'
2014-09-23 19:58:02|   0.5|  0.0|INFORM|FME Configuration: Writer Group Definition Keyword is `MULTI_WRITER_DEF'
2014-09-23 19:58:02|   0.5|  0.0|INFORM|FME Configuration: Reader type is `MULTI_READER'
2014-09-23 19:58:02|   0.5|  0.0|INFORM|FME Configuration: Writer type is `MULTI_WRITER'
2014-09-23 19:58:02|   0.5|  0.0|INFORM|FME Configuration: No destination coordinate system set
2014-09-23 19:58:02|   0.5|  0.0|INFORM|FME Configuration: Current working directory is `C:\Users\Steve\Documents\GitHub\gseUW\ETL'
2014-09-23 19:58:02|   0.5|  0.0|INFORM|FME Configuration: Temporary directory is `C:\Users\Steve\AppData\Local\Temp'
2014-09-23 19:58:02|   0.5|  0.0|INFORM|FME Configuration: FME_HOME is `c:\apps\FME\'
2014-09-23 19:58:02|   0.5|  0.0|INFORM|FME Configuration: FME_BASE is 'no'
2014-09-23 19:58:02|   0.5|  0.0|INFORM|FME Configuration: FME_MF_DIR is 'C:\Users\Steve\Documents\GitHub\gseUW\ETL\fme/'
2014-09-23 19:58:02|   0.5|  0.0|INFORM|FME Configuration: FME_MF_NAME is 'gseFloorplanLoader.fmw'
2014-09-23 19:58:02|   0.5|  0.0|INFORM|FME Configuration: FME_PRODUCT_NAME is 'FME(R) 2014 SP2'
2014-09-23 19:58:02|   0.5|  0.0|INFORM|System Status: 95669MB of disk space available in the FME temporary directory (C:\Users\Steve\AppData\Local\Temp\)
2014-09-23 19:58:02|   0.5|  0.0|INFORM|System Status: 3899MB of virtual memory available
2014-09-23 19:58:02|   0.5|  0.0|INFORM|Operating System: Microsoft Windows 7 64-bit Service Pack 1 (Build 7601)
2014-09-23 19:58:02|   0.5|  0.0|INFORM|FME Platform: WIN32
2014-09-23 19:58:02|   0.5|  0.0|INFORM|Locale: en_CA
2014-09-23 19:58:02|   0.5|  0.0|INFORM|Code Page: 1252  (ANSI - Latin I)
2014-09-23 19:58:02|   0.5|  0.0|INFORM|FME Configuration: Process limit is 4095 MB (out of 12170 MB physical memory and 4095 MB address space)
2014-09-23 19:58:02|   0.5|  0.0|INFORM|FME Configuration: Start freeing memory when process usage exceeds 2895 MB of memory or 3495 MB of address space
2014-09-23 19:58:02|   0.5|  0.0|INFORM|FME Configuration: Stop freeing memory when process usage is below 2171 MB of memory and 2621 MB of address space
2014-09-23 19:58:02|   0.5|  0.0|INFORM|FME Configuration: Autodetermining optimal maximum number of objects in memory
2014-09-23 19:58:02|   0.6|  0.0|INFORM|MULTI_READER(MULTI_READER): Will fail with first member reader failure
2014-09-23 19:58:02|   0.6|  0.0|INFORM|MULTI_READER(MULTI_READER): Adding NULL Reader with keyword GEODATABASE_SDE_1
2014-09-23 19:58:02|   0.6|  0.0|INFORM|MULTI_READER(MULTI_READER): Adding ESRIMSD Reader with keyword ESRIMSD_1
2014-09-23 19:58:02|   0.6|  0.0|INFORM|Using Multi Reader $Revision: 114961 $ ( $Date: 2014-01-08 16:53:06 -0800 (Wed, 08 Jan 2014) $ ) with keyword `MULTI_READER' to read multiple datasets
2014-09-23 19:58:03|   0.6|  0.0|INFORM|Trying to find a DYNAMIC plugin for reader named `NULL'
2014-09-23 19:58:03|   0.6|  0.0|INFORM|Loaded module 'NULL' from file 'c:\apps\FME\plugins/NULL.dll'
2014-09-23 19:58:03|   0.6|  0.0|INFORM|FME API version of module 'NULL' matches current internal version (3.7 20140327)
2014-09-23 19:58:03|   0.6|  0.0|INFORM|Using MultiWriter $Revision: 59162 $ ( $Date: 2009-04-07 10:04:59 -0700 (Tue, 07 Apr 2009) $ ) with keyword `MULTI_WRITER' to output data (ID_ATTRIBUTE is `multi_writer_id')
2014-09-23 19:58:03|   0.6|  0.0|INFORM|Writer output will be ordered by value of multi_writer_id
2014-09-23 19:58:03|   0.6|  0.0|INFORM|Loaded module 'Python_func' from file 'c:\apps\FME\plugins/Python_func.dll'
2014-09-23 19:58:03|   0.6|  0.0|INFORM|FME API version of module 'Python_func' matches current internal version (3.7 20140327)
2014-09-23 19:58:03|   0.6|  0.0|INFORM|Using FME's provided Python interpreter from c:\apps\FME\fmepython27\python27.dll
2014-09-23 19:58:03|   0.6|  0.0|INFORM|Python version 2.7 successfully loaded
2014-09-23 19:58:03|   0.6|  0.0|INFORM|Loaded module 'EvaluateExpression_func' from file 'c:\apps\FME\plugins/EvaluateExpression_func.dll'
2014-09-23 19:58:03|   0.6|  0.0|INFORM|FME API version of module 'EvaluateExpression_func' matches current internal version (3.7 20140327)
2014-09-23 19:58:03|   0.6|  0.0|INFORM|FME Configuration: Using FME Reprojection Engine
2014-09-23 19:58:03|   0.6|  0.0|INFORM|Loaded module 'GridSnapper_func' from file 'c:\apps\FME\plugins/GridSnapper_func.dll'
2014-09-23 19:58:03|   0.6|  0.0|INFORM|FME API version of module 'GridSnapper_func' matches current internal version (3.7 20140327)
2014-09-23 19:58:03|   0.6|  0.0|INFORM|Loaded module 'PythonFactory' from file 'c:\apps\FME\plugins/PythonFactory.dll'
2014-09-23 19:58:03|   0.6|  0.0|INFORM|FME API version of module 'PythonFactory' matches current internal version (3.7 20140327)
2014-09-23 19:58:03|   0.7|  0.0|INFORM|Using FME's provided Python interpreter from c:\apps\FME\fmepython27\python27.dll
2014-09-23 19:58:03|   0.7|  0.0|INFORM|Python version 2.7 successfully loaded
2014-09-23 19:58:03|   0.7|  0.0|INFORM|Loaded module 'GeometryValidationFactory' from file 'c:\apps\FME\plugins/GeometryValidationFactory.dll'
2014-09-23 19:58:03|   0.7|  0.0|INFORM|FME API version of module 'GeometryValidationFactory' matches current internal version (3.7 20140327)
2014-09-23 19:58:03|   0.7|  0.0|INFORM|Loaded module 'Geometry_func' from file 'c:\apps\FME\plugins/Geometry_func.dll'
2014-09-23 19:58:03|   0.7|  0.0|INFORM|FME API version of module 'Geometry_func' matches current internal version (3.7 20140327)
2014-09-23 19:58:03|   0.7|  0.0|INFORM|Loaded module 'OGCGeometry_func' from file 'c:\apps\FME\plugins/OGCGeometry_func.dll'
2014-09-23 19:58:03|   0.7|  0.0|INFORM|FME API version of module 'OGCGeometry_func' matches current internal version (3.7 20140327)
2014-09-23 19:58:03|   0.7|  0.0|INFORM|FME API version of module 'GeometryValidationFactory' matches current internal version (3.7 20140327)
2014-09-23 19:58:03|   0.7|  0.0|INFORM|Loaded module 'QueryFactory' from file 'c:\apps\FME\plugins/QueryFactory.dll'
2014-09-23 19:58:03|   0.7|  0.0|INFORM|FME API version of module 'QueryFactory' matches current internal version (3.7 20140327)
2014-09-23 19:58:03|   0.7|  0.0|INFORM|FME API version of module 'GeometryValidationFactory' matches current internal version (3.7 20140327)
2014-09-23 19:58:03|   0.7|  0.0|INFORM|FME API version of module 'PythonFactory' matches current internal version (3.7 20140327)
2014-09-23 19:58:03|   0.7|  0.0|INFORM|gzWriteData_StatisticsCalculator_SummaryExploder(ElementFactory): LEAN_AND_MEAN processing enabled
2014-09-23 19:58:03|   0.7|  0.0|INFORM|gzWriteData_gzGetLogInfo_StatisticsCalculator_SummaryExploder(ElementFactory): LEAN_AND_MEAN processing enabled
2014-09-23 19:58:03|   0.7|  0.0|INFORM|Trying to find a DYNAMIC plugin for reader named `ESRIMSD'
2014-09-23 19:58:03|   0.7|  0.0|INFORM|Loaded module 'ESRIMSD' from file 'c:\apps\FME\plugins/ACAD.dll'
2014-09-23 19:58:03|   0.7|  0.0|INFORM|FME API version of module 'ESRIMSD' matches current internal version (3.7 20140327)
2014-09-23 19:58:03|   0.8|  0.0|INFORM|Found .wld file 'C:\Users\Steve\Documents\GitHub\gseUW\CAD\UWS\Floorplans\1327-sav-savery hall\esri_cad.wld'. Coordinates will be converted to the world coordinate system
2014-09-23 19:58:03|   0.8|  0.0|INFORM|ESRIMSD_1 Reader: Using rich geometry.
2014-09-23 19:58:03|   0.8|  0.0|INFORM|AutoCAD Reader: Successfully opened the 'Release2007' AutoCAD file 'C:\Users\Steve\Documents\GitHub\gseUW\CAD\UWS\Floorplans\1327-sav-savery hall\1327XP-01.dwg'
2014-09-23 19:58:03|   1.2|  0.4|INFORM|CS-MAP Reprojector: Transformation will be automatically selected for 'EPSG:2285' -> 'EPSG:3857', and is not guaranteed to remain the same in future releases of FME
2014-09-23 19:58:03|   1.2|  0.0|INFORM|Reprojector: Using transformation `NAD83_to_WGS84,Forward(Null,EPSG:1188)' when reprojecting from EPSG:2285 to EPSG:3857
2014-09-23 19:58:03|   1.2|  0.0|INFORM|Reprojector: Using transformation `WGS84_SPHERICAL_to_WGS84_FME,Inverse(Null)' when reprojecting from EPSG:2285 to EPSG:3857
2014-09-23 19:58:03|   1.2|  0.0|INFORM|gz starting fieldCalculator, fme Folder=
2014-09-23 19:58:03|   1.2|  0.0|INFORM|gz len(valueMaps)=0
2014-09-23 19:58:03|   1.2|  0.0|INFORM|gz len(datasets)=4
2014-09-23 19:58:04|   1.7|  0.5|INFORM|Completed intersection processing, phase #1. 1 new nodes were generated among 5 intermediate lines
2014-09-23 19:58:04|   1.7|  0.0|INFORM|Finish splitting 5 lines into 7 intermediate lines for phase 2
2014-09-23 19:58:07|   5.2|  3.5|INFORM|Reading source feature # 2500
2014-09-23 19:58:08|   6.3|  1.1|INFORM|Trying to find a DYNAMIC plugin for reader named `GEODATABASE_SDE'
2014-09-23 19:58:08|   6.3|  0.0|INFORM|Loaded module 'GEODATABASE_SDE' from file 'c:\apps\FME\GEODATABASE9.dll'
2014-09-23 19:58:08|   6.3|  0.0|INFORM|FME API version of module 'GEODATABASE_SDE' matches current internal version (3.7 20140327)
2014-09-23 19:58:08|   6.3|  0.0|INFORM|gseFloorArea_FloorsReader(QueryFactory): Performing query against GEODATABASE_SDE dataset `sde'
2014-09-23 19:58:08|   6.3|  0.0|INFORM|Trying to find a DYNAMIC plugin for reader named `GEODATABASE_SDE'
2014-09-23 19:58:08|   6.3|  0.0|INFORM|FME API version of module 'GEODATABASE_SDE' matches current internal version (3.7 20140327)
2014-09-23 19:58:08|   6.3|  0.0|INFORM|Opening the Geodatabase reader
2014-09-23 19:58:10|   7.3|  0.9|INFORM|FME has checked out an Esri license. The product checked out is 'ArcInfo'
2014-09-23 19:58:10|   7.3|  0.0|INFORM|Installed ArcGIS version is '10.1'
2014-09-23 19:58:11|   7.4|  0.2|INFORM|Connection made to server 'prawn' for dataset 'UW' (transactional version 'dbo.DEFAULT') using Operating System's current user
2014-09-23 19:58:11|   7.4|  0.0|INFORM|ArcSDE release: '10.0'. Underlying database: 'SQL Server'
2014-09-23 19:58:11|   7.4|  0.0|INFORM|R_2 Reader: Using Enhanced geometry
2014-09-23 19:58:11|   7.4|  0.0|INFORM|All network information will be ignored. As a result, edges will be treated as polyline features and junctions will be treated as point features
2014-09-23 19:58:11|   7.4|  0.0|INFORM|All relationship information will be ignored. As a result, simple relationships will not be read, and attributed relationships will be read as tables
2014-09-23 19:58:11|   7.4|  0.0|INFORM|Reading table/feature class 'Active_Floor'
2014-09-23 19:58:11|   7.7|  0.3|INFORM|MULTI_READER(MULTI_READER): Done reading 3213 features from 2 readers
2014-09-23 19:58:11|   7.7|  0.0|INFORM|Emptying factory pipeline
2014-09-23 19:58:11|   7.7|  0.0|STATS |Source Feature Router(BranchingFactory): Branched 3213 input features -- 3213 features routed to the target factory, and 0 features routed to the fallback factory.
2014-09-23 19:58:11|   7.7|  0.0|STATS |Source Catcher 0(TeeFactory): Cloned 0 input feature(s) into 0 output feature(s)
2014-09-23 19:58:11|   7.7|  0.0|STATS |Source Brancher 0(BranchingFactory): Branched 0 input features -- 0 features routed to the target factory, and 0 features routed to the fallback factory.
2014-09-23 19:58:11|   7.7|  0.0|STATS |Source Catcher 1(TeeFactory): Cloned 3213 input feature(s) into 3213 output feature(s)
2014-09-23 19:58:11|   7.7|  0.0|STATS |ESRIMSD_1RenameAutocadExtendedAttrs(TeeFactory): Cloned 3213 input feature(s) into 3213 output feature(s)
2014-09-23 19:58:11|   7.7|  0.0|STATS |Source Brancher 1(BranchingFactory): Branched 3213 input features -- 3213 features routed to the target factory, and 0 features routed to the fallback factory.
2014-09-23 19:58:11|   7.7|  0.0|STATS |Branching Catcher(TeeFactory): Cloned 3213 input feature(s) into 3213 output feature(s)
2014-09-23 19:58:11|   7.7|  0.0|STATS |ESRIMSD_1 Merger(TeeFactory): Cloned 3213 input feature(s) into 3213 output feature(s)
2014-09-23 19:58:11|   7.7|  0.0|STATS |Unexpected Input Remover(TestFactory): Tested 3213 input feature(s) -- 3213 feature(s) passed and 0 feature(s) failed
2014-09-23 19:58:11|   7.7|  0.0|STATS |Source -> Generic(TeeFactory): Cloned 3213 input feature(s) into 3213 output feature(s)
2014-09-23 19:58:11|   7.7|  0.0|STATS |Tester(TestFactory): Tested 3213 input feature(s) -- 3213 feature(s) passed and 0 feature(s) failed
2014-09-23 19:58:11|   7.7|  0.0|STATS |AttributeExposer(TeeFactory): Cloned 3213 input feature(s) into 3213 output feature(s)
2014-09-23 19:58:11|   7.7|  0.0|STATS |AttributeCopier(TeeFactory): Cloned 3213 input feature(s) into 3213 output feature(s)
2014-09-23 19:58:11|   7.7|  0.0|STATS |Reprojector(TeeFactory): Cloned 3213 input feature(s) into 3213 output feature(s)
2014-09-23 19:58:11|   7.7|  0.0|STATS |ArcSDEGridSnapper(TeeFactory): Cloned 3213 input feature(s) into 3213 output feature(s)
2014-09-23 19:58:11|   7.7|  0.0|STATS |gzFieldCalculator AddFieldsValues_Input_1 Input Collector(TeeFactory): Cloned 3213 input feature(s) into 3213 output feature(s)
2014-09-23 19:58:11|   7.7|  0.0|STATS |gzFieldCalculator_AddFieldsValues_Input_11396906109 Input Splitter(TeeFactory): Cloned 3213 input feature(s) into 3213 output feature(s)
2014-09-23 19:58:11|   7.7|  0.0|STATS |gzFieldCalculator_AddFieldsValues_Output_11396906109 Output Collector(TeeFactory): Cloned 3213 input feature(s) into 3213 output feature(s)
2014-09-23 19:58:11|   7.7|  0.0|STATS |gzFieldCalculator AddFieldsValues_Output_1 Output Renamer/Nuker(TeeFactory): Cloned 3213 input feature(s) into 3213 output feature(s)
2014-09-23 19:58:11|   7.7|  0.0|STATS |gzFixCatwalks INPUT Input Collector(TeeFactory): Cloned 3213 input feature(s) into 3213 output feature(s)
2014-09-23 19:58:11|   7.7|  0.0|STATS |gzFixCatwalks_INPUT1411516536 Input Splitter(TeeFactory): Cloned 3213 input feature(s) into 3213 output feature(s)
2014-09-23 19:58:11|   7.7|  0.0|STATS |gzFixCatwalks_AttributeExposer(TeeFactory): Cloned 3213 input feature(s) into 3213 output feature(s)
2014-09-23 19:58:11|   7.7|  0.0|STATS |gzFixCatwalks_Tester(TestFactory): Tested 3213 input feature(s) -- 61 feature(s) passed and 3152 feature(s) failed
2014-09-23 19:58:11|   7.7|  0.0|STATS |gzFixCatwalks_Generalizer_GeneralizeAll(TeeFactory): Cloned 61 input feature(s) into 61 output feature(s)
2014-09-23 19:58:11|   7.7|  0.0|STATS |gzFixCatwalks_Generalizer_SendOut(TeeFactory): Cloned 61 input feature(s) into 61 output feature(s)
2014-09-23 19:58:11|   7.7|  0.0|STATS |gzFixCatwalks_SelfIntersectChecker Input Input Collector(TeeFactory): Cloned 61 input feature(s) into 61 output feature(s)
2014-09-23 19:58:11|   7.7|  0.0|STATS |gzFixCatwalks_SelfIntersectChecker_Input1411516536 Input Splitter(TeeFactory): Cloned 61 input feature(s) into 61 output feature(s)
2014-09-23 19:58:11|   7.7|  0.0|STATS |gzFixCatwalks_SelfIntersectChecker_PartCounter(TeeFactory): Cloned 61 input feature(s) into 61 output feature(s)
2014-09-23 19:58:11|   7.7|  0.0|STATS |gzFixCatwalks_SelfIntersectChecker_COUNTER(TeeFactory): Cloned 61 input feature(s) into 61 output feature(s)
2014-09-23 19:58:11|   7.7|  0.0|STATS |gzFixCatwalks_SelfIntersectChecker_GeometryExtractor(TeeFactory): Cloned 61 input feature(s) into 61 output feature(s)
2014-09-23 19:58:11|   7.7|  0.0|STATS |gzFixCatwalks_SelfIntersectChecker_SelfIntersector(IntersectionFactory): Processed 61 input feature(s) in COMPLETE mode, resulting in 61 segment(s) and 0 point(s) output (0 overlapping segment(s) merged)
2014-09-23 19:58:11|   7.7|  0.0|STATS |gzFixCatwalks_SelfIntersectChecker_DuplicateRemover(TestFactory): Tested 61 input feature(s) -- 0 feature(s) passed and 61 feature(s) failed
2014-09-23 19:58:11|   7.7|  0.0|STATS |gzFixCatwalks_SelfIntersectChecker_TESTER(TestFactory): Tested 61 input feature(s) -- 0 feature(s) passed and 61 feature(s) failed
2014-09-23 19:58:11|   7.7|  0.0|STATS |gzFixCatwalks_SelfIntersectChecker_PartCounter_2(TeeFactory): Cloned 61 input feature(s) into 61 output feature(s)
2014-09-23 19:58:11|   7.7|  0.0|STATS |gzFixCatwalks_SelfIntersectChecker_TESTER_2(TestFactory): Tested 61 input feature(s) -- 61 feature(s) passed and 0 feature(s) failed
2014-09-23 19:58:11|   7.7|  0.0|STATS |gzFixCatwalks_SelfIntersectChecker_ATTRIBUTEREMOVER(TeeFactory): Cloned 61 input feature(s) into 61 output feature(s)
2014-09-23 19:58:11|   7.7|  0.0|STATS |gzFixCatwalks_SelfIntersectChecker_GeometryReplacer(TeeFactory): Cloned 0 input feature(s) into 0 output feature(s)
2014-09-23 19:58:11|   7.7|  0.0|STATS |gzFixCatwalks_SelfIntersectChecker_ATTRIBUTEREMOVER_2(TeeFactory): Cloned 0 input feature(s) into 0 output feature(s)
2014-09-23 19:58:11|   7.7|  0.0|STATS |gzFixCatwalks_SelfIntersectChecker_NotSelfIntersecting1411516536 Output Collector(TeeFactory): Cloned 61 input feature(s) into 61 output feature(s)
2014-09-23 19:58:11|   7.7|  0.0|STATS |gzFixCatwalks_SelfIntersectChecker_SelfIntersecting1411516536 Output Collector(TeeFactory): Cloned 0 input feature(s) into 0 output feature(s)
2014-09-23 19:58:11|   7.7|  0.0|STATS |gzFixCatwalks_SelfIntersectChecker NotSelfIntersecting Output Renamer/Nuker(TeeFactory): Cloned 61 input feature(s) into 61 output feature(s)
2014-09-23 19:58:11|   7.7|  0.0|STATS |gzFixCatwalks_SelfIntersectChecker SelfIntersecting Output Renamer/Nuker(TeeFactory): Cloned 0 input feature(s) into 0 output feature(s)
2014-09-23 19:58:11|   7.7|  0.0|STATS |gzFixCatwalks_DonutHoleExtractor(DonutHoleFactory): Split 0 hole(s) from 0 input feature(s)
2014-09-23 19:58:11|   7.7|  0.0|STATS |gzFixCatwalks_GeometryCoercer_2_Renamer(TeeFactory): Cloned 61 input feature(s) into 61 output feature(s)
2014-09-23 19:58:11|   7.7|  0.0|STATS |gzFixCatwalks_SelfIntersectChecker_2 Input Input Collector(TeeFactory): Cloned 61 input feature(s) into 61 output feature(s)
2014-09-23 19:58:11|   7.7|  0.0|STATS |gzFixCatwalks_SelfIntersectChecker_2_Input1411516536 Input Splitter(TeeFactory): Cloned 61 input feature(s) into 61 output feature(s)
2014-09-23 19:58:11|   7.7|  0.0|STATS |gzFixCatwalks_SelfIntersectChecker_2_PartCounter(TeeFactory): Cloned 61 input feature(s) into 61 output feature(s)
2014-09-23 19:58:11|   7.7|  0.0|STATS |gzFixCatwalks_SelfIntersectChecker_2_COUNTER(TeeFactory): Cloned 61 input feature(s) into 61 output feature(s)
2014-09-23 19:58:11|   7.7|  0.0|STATS |gzFixCatwalks_SelfIntersectChecker_2_GeometryExtractor(TeeFactory): Cloned 61 input feature(s) into 61 output feature(s)
2014-09-23 19:58:11|   7.7|  0.0|STATS |gzFixCatwalks_SelfIntersectChecker_2_SelfIntersector(IntersectionFactory): Processed 61 input feature(s) in COMPLETE mode, resulting in 61 segment(s) and 0 point(s) output (0 overlapping segment(s) merged)
2014-09-23 19:58:11|   7.7|  0.0|STATS |gzFixCatwalks_SelfIntersectChecker_2_DuplicateRemover(TestFactory): Tested 61 input feature(s) -- 0 feature(s) passed and 61 feature(s) failed
2014-09-23 19:58:11|   7.7|  0.0|STATS |gzFixCatwalks_SelfIntersectChecker_2_TESTER(TestFactory): Tested 61 input feature(s) -- 0 feature(s) passed and 61 feature(s) failed
2014-09-23 19:58:11|   7.7|  0.0|STATS |gzFixCatwalks_SelfIntersectChecker_2_PartCounter_2(TeeFactory): Cloned 61 input feature(s) into 61 output feature(s)
2014-09-23 19:58:11|   7.7|  0.0|STATS |gzFixCatwalks_SelfIntersectChecker_2_TESTER_2(TestFactory): Tested 61 input feature(s) -- 61 feature(s) passed and 0 feature(s) failed
2014-09-23 19:58:11|   7.7|  0.0|STATS |gzFixCatwalks_SelfIntersectChecker_2_ATTRIBUTEREMOVER(TeeFactory): Cloned 61 input feature(s) into 61 output feature(s)
2014-09-23 19:58:11|   7.7|  0.0|STATS |gzFixCatwalks_SelfIntersectChecker_2_GeometryReplacer(TeeFactory): Cloned 0 input feature(s) into 0 output feature(s)
2014-09-23 19:58:11|   7.7|  0.0|STATS |gzFixCatwalks_SelfIntersectChecker_2_ATTRIBUTEREMOVER_2(TeeFactory): Cloned 0 input feature(s) into 0 output feature(s)
2014-09-23 19:58:11|   7.7|  0.0|STATS |gzFixCatwalks_SelfIntersectChecker_2_NotSelfIntersecting1411516536 Output Collector(TeeFactory): Cloned 61 input feature(s) into 61 output feature(s)
2014-09-23 19:58:11|   7.7|  0.0|STATS |gzFixCatwalks_SelfIntersectChecker_2_SelfIntersecting1411516536 Output Collector(TeeFactory): Cloned 0 input feature(s) into 0 output feature(s)
2014-09-23 19:58:11|   7.7|  0.0|STATS |gzFixCatwalks_SelfIntersectChecker_2 NotSelfIntersecting Output Renamer/Nuker(TeeFactory): Cloned 61 input feature(s) into 61 output feature(s)
2014-09-23 19:58:11|   7.7|  0.0|STATS |gzFixCatwalks_SelfIntersectChecker_2 SelfIntersecting Output Renamer/Nuker(TeeFactory): Cloned 0 input feature(s) into 0 output feature(s)
2014-09-23 19:58:11|   7.7|  0.0|STATS |gzFixCatwalks_SelfIntersectChecker_2 SelfIntersecting Splitter(TeeFactory): Cloned 0 input feature(s) into 0 output feature(s)
2014-09-23 19:58:11|   7.7|  0.0|STATS |gzFixCatwalks_Logger_SelfIntersecting_Logger(TeeFactory): Cloned 0 input feature(s) into 0 output feature(s)
2014-09-23 19:58:11|   7.7|  0.0|STATS |gzFixCatwalks_Logger_SelfIntersecting LOGGED Output Nuker(TeeFactory): Cloned 0 input feature(s) into 0 output feature(s)
2014-09-23 19:58:11|   7.7|  0.0|STATS |gzFixCatwalks_OUTPUT1411516536 Output Collector(TeeFactory): Cloned 3213 input feature(s) into 3213 output feature(s)
2014-09-23 19:58:11|   7.7|  0.0|STATS |gzFixCatwalks OUTPUT Output Renamer/Nuker(TeeFactory): Cloned 3213 input feature(s) into 3213 output feature(s)
2014-09-23 19:58:11|   7.7|  0.0|STATS |FloorPolygons(TestFactory): Tested 3213 input feature(s) -- 1 feature(s) passed and 3212 feature(s) failed
2014-09-23 19:58:11|   7.7|  0.0|STATS |gseFloorArea Aggregator_INPUT_53 Input Collector(TeeFactory): Cloned 1 input feature(s) into 1 output feature(s)
2014-09-23 19:58:11|   7.7|  0.0|STATS |gseFloorArea_Aggregator_INPUT_531411516536 Input Splitter(TeeFactory): Cloned 1 input feature(s) into 1 output feature(s)
2014-09-23 19:58:11|   7.7|  0.0|STATS |gseFloorArea_AttributeExposer(TeeFactory): Cloned 1 input feature(s) into 1 output feature(s)
2014-09-23 19:58:11|   7.7|  0.0|STATS |gseFloorArea_gzFixCatwalks_2 INPUT Input Collector(TeeFactory): Cloned 1 input feature(s) into 1 output feature(s)
2014-09-23 19:58:11|   7.7|  0.0|STATS |gseFloorArea_gzFixCatwalks_2_INPUT1411516536 Input Splitter(TeeFactory): Cloned 1 input feature(s) into 1 output feature(s)
2014-09-23 19:58:11|   7.7|  0.0|STATS |gseFloorArea_gzFixCatwalks_2_AttributeExposer(TeeFactory): Cloned 1 input feature(s) into 1 output feature(s)
2014-09-23 19:58:11|   7.7|  0.0|STATS |gseFloorArea_gzFixCatwalks_2_Tester(TestFactory): Tested 1 input feature(s) -- 1 feature(s) passed and 0 feature(s) failed
2014-09-23 19:58:11|   7.7|  0.0|STATS |gseFloorArea_gzFixCatwalks_2_Generalizer_GeneralizeAll(TeeFactory): Cloned 1 input feature(s) into 1 output feature(s)
2014-09-23 19:58:11|   7.7|  0.0|STATS |gseFloorArea_gzFixCatwalks_2_Generalizer_SendOut(TeeFactory): Cloned 1 input feature(s) into 1 output feature(s)
2014-09-23 19:58:11|   7.7|  0.0|STATS |gseFloorArea_gzFixCatwalks_2_SelfIntersectChecker Input Input Collector(TeeFactory): Cloned 1 input feature(s) into 1 output feature(s)
2014-09-23 19:58:11|   7.7|  0.0|STATS |gseFloorArea_gzFixCatwalks_2_SelfIntersectChecker_Input1411516536 Input Splitter(TeeFactory): Cloned 1 input feature(s) into 1 output feature(s)
2014-09-23 19:58:11|   7.7|  0.0|STATS |gseFloorArea_gzFixCatwalks_2_SelfIntersectChecker_PartCounter(TeeFactory): Cloned 1 input feature(s) into 1 output feature(s)
2014-09-23 19:58:11|   7.7|  0.0|STATS |gseFloorArea_gzFixCatwalks_2_SelfIntersectChecker_COUNTER(TeeFactory): Cloned 1 input feature(s) into 1 output feature(s)
2014-09-23 19:58:11|   7.7|  0.0|STATS |gseFloorArea_gzFixCatwalks_2_SelfIntersectChecker_GeometryExtractor(TeeFactory): Cloned 1 input feature(s) into 1 output feature(s)
2014-09-23 19:58:11|   7.7|  0.0|STATS |gseFloorArea_gzFixCatwalks_2_SelfIntersectChecker_SelfIntersector(IntersectionFactory): Processed 1 input feature(s) in COMPLETE mode, resulting in 1 segment(s) and 0 point(s) output (0 overlapping segment(s) merged)
2014-09-23 19:58:11|   7.7|  0.0|STATS |gseFloorArea_gzFixCatwalks_2_SelfIntersectChecker_DuplicateRemover(TestFactory): Tested 1 input feature(s) -- 0 feature(s) passed and 1 feature(s) failed
2014-09-23 19:58:11|   7.7|  0.0|STATS |gseFloorArea_gzFixCatwalks_2_SelfIntersectChecker_TESTER(TestFactory): Tested 1 input feature(s) -- 0 feature(s) passed and 1 feature(s) failed
2014-09-23 19:58:11|   7.7|  0.0|STATS |gseFloorArea_gzFixCatwalks_2_SelfIntersectChecker_PartCounter_2(TeeFactory): Cloned 1 input feature(s) into 1 output feature(s)
2014-09-23 19:58:11|   7.7|  0.0|STATS |gseFloorArea_gzFixCatwalks_2_SelfIntersectChecker_TESTER_2(TestFactory): Tested 1 input feature(s) -- 1 feature(s) passed and 0 feature(s) failed
2014-09-23 19:58:11|   7.8|  0.0|STATS |gseFloorArea_gzFixCatwalks_2_SelfIntersectChecker_ATTRIBUTEREMOVER(TeeFactory): Cloned 1 input feature(s) into 1 output feature(s)
2014-09-23 19:58:11|   7.8|  0.0|STATS |gseFloorArea_gzFixCatwalks_2_SelfIntersectChecker_GeometryReplacer(TeeFactory): Cloned 0 input feature(s) into 0 output feature(s)
2014-09-23 19:58:11|   7.8|  0.0|STATS |gseFloorArea_gzFixCatwalks_2_SelfIntersectChecker_ATTRIBUTEREMOVER_2(TeeFactory): Cloned 0 input feature(s) into 0 output feature(s)
2014-09-23 19:58:11|   7.8|  0.0|STATS |gseFloorArea_gzFixCatwalks_2_SelfIntersectChecker_NotSelfIntersecting1411516536 Output Collector(TeeFactory): Cloned 1 input feature(s) into 1 output feature(s)
2014-09-23 19:58:11|   7.8|  0.0|STATS |gseFloorArea_gzFixCatwalks_2_SelfIntersectChecker_SelfIntersecting1411516536 Output Collector(TeeFactory): Cloned 0 input feature(s) into 0 output feature(s)
2014-09-23 19:58:11|   7.8|  0.0|STATS |gseFloorArea_gzFixCatwalks_2_SelfIntersectChecker NotSelfIntersecting Output Renamer/Nuker(TeeFactory): Cloned 1 input feature(s) into 1 output feature(s)
2014-09-23 19:58:11|   7.8|  0.0|STATS |gseFloorArea_gzFixCatwalks_2_SelfIntersectChecker SelfIntersecting Output Renamer/Nuker(TeeFactory): Cloned 0 input feature(s) into 0 output feature(s)
2014-09-23 19:58:11|   7.8|  0.0|STATS |gseFloorArea_gzFixCatwalks_2_DonutHoleExtractor(DonutHoleFactory): Split 0 hole(s) from 0 input feature(s)
2014-09-23 19:58:11|   7.8|  0.0|STATS |gseFloorArea_gzFixCatwalks_2_GeometryCoercer_2_Renamer(TeeFactory): Cloned 1 input feature(s) into 1 output feature(s)
2014-09-23 19:58:11|   7.8|  0.0|STATS |gseFloorArea_gzFixCatwalks_2_SelfIntersectChecker_2 Input Input Collector(TeeFactory): Cloned 1 input feature(s) into 1 output feature(s)
2014-09-23 19:58:11|   7.8|  0.0|STATS |gseFloorArea_gzFixCatwalks_2_SelfIntersectChecker_2_Input1411516536 Input Splitter(TeeFactory): Cloned 1 input feature(s) into 1 output feature(s)
2014-09-23 19:58:11|   7.8|  0.0|STATS |gseFloorArea_gzFixCatwalks_2_SelfIntersectChecker_2_PartCounter(TeeFactory): Cloned 1 input feature(s) into 1 output feature(s)
2014-09-23 19:58:11|   7.8|  0.0|STATS |gseFloorArea_gzFixCatwalks_2_SelfIntersectChecker_2_COUNTER(TeeFactory): Cloned 1 input feature(s) into 1 output feature(s)
2014-09-23 19:58:11|   7.8|  0.0|STATS |gseFloorArea_gzFixCatwalks_2_SelfIntersectChecker_2_GeometryExtractor(TeeFactory): Cloned 1 input feature(s) into 1 output feature(s)
2014-09-23 19:58:11|   7.8|  0.0|STATS |gseFloorArea_gzFixCatwalks_2_SelfIntersectChecker_2_SelfIntersector(IntersectionFactory): Processed 1 input feature(s) in COMPLETE mode, resulting in 1 segment(s) and 0 point(s) output (0 overlapping segment(s) merged)
2014-09-23 19:58:11|   7.8|  0.0|STATS |gseFloorArea_gzFixCatwalks_2_SelfIntersectChecker_2_DuplicateRemover(TestFactory): Tested 1 input feature(s) -- 0 feature(s) passed and 1 feature(s) failed
2014-09-23 19:58:11|   7.8|  0.0|STATS |gseFloorArea_gzFixCatwalks_2_SelfIntersectChecker_2_TESTER(TestFactory): Tested 1 input feature(s) -- 0 feature(s) passed and 1 feature(s) failed
2014-09-23 19:58:11|   7.8|  0.0|STATS |gseFloorArea_gzFixCatwalks_2_SelfIntersectChecker_2_PartCounter_2(TeeFactory): Cloned 1 input feature(s) into 1 output feature(s)
2014-09-23 19:58:11|   7.8|  0.0|STATS |gseFloorArea_gzFixCatwalks_2_SelfIntersectChecker_2_TESTER_2(TestFactory): Tested 1 input feature(s) -- 1 feature(s) passed and 0 feature(s) failed
2014-09-23 19:58:11|   7.8|  0.0|STATS |gseFloorArea_gzFixCatwalks_2_SelfIntersectChecker_2_ATTRIBUTEREMOVER(TeeFactory): Cloned 1 input feature(s) into 1 output feature(s)
2014-09-23 19:58:11|   7.8|  0.0|STATS |gseFloorArea_gzFixCatwalks_2_SelfIntersectChecker_2_GeometryReplacer(TeeFactory): Cloned 0 input feature(s) into 0 output feature(s)
2014-09-23 19:58:11|   7.8|  0.0|STATS |gseFloorArea_gzFixCatwalks_2_SelfIntersectChecker_2_ATTRIBUTEREMOVER_2(TeeFactory): Cloned 0 input feature(s) into 0 output feature(s)
2014-09-23 19:58:11|   7.8|  0.0|STATS |gseFloorArea_gzFixCatwalks_2_SelfIntersectChecker_2_NotSelfIntersecting1411516536 Output Collector(TeeFactory): Cloned 1 input feature(s) into 1 output feature(s)
2014-09-23 19:58:11|   7.8|  0.0|STATS |gseFloorArea_gzFixCatwalks_2_SelfIntersectChecker_2_SelfIntersecting1411516536 Output Collector(TeeFactory): Cloned 0 input feature(s) into 0 output feature(s)
2014-09-23 19:58:11|   7.8|  0.0|STATS |gseFloorArea_gzFixCatwalks_2_SelfIntersectChecker_2 NotSelfIntersecting Output Renamer/Nuker(TeeFactory): Cloned 1 input feature(s) into 1 output feature(s)
2014-09-23 19:58:11|   7.8|  0.0|STATS |gseFloorArea_gzFixCatwalks_2_SelfIntersectChecker_2 SelfIntersecting Output Renamer/Nuker(TeeFactory): Cloned 0 input feature(s) into 0 output feature(s)
2014-09-23 19:58:11|   7.8|  0.0|STATS |gseFloorArea_gzFixCatwalks_2_SelfIntersectChecker_2 SelfIntersecting Splitter(TeeFactory): Cloned 0 input feature(s) into 0 output feature(s)
2014-09-23 19:58:11|   7.8|  0.0|STATS |gseFloorArea_gzFixCatwalks_2_Logger_SelfIntersecting_Logger(TeeFactory): Cloned 0 input feature(s) into 0 output feature(s)
2014-09-23 19:58:11|   7.8|  0.0|STATS |gseFloorArea_gzFixCatwalks_2_Logger_SelfIntersecting LOGGED Output Nuker(TeeFactory): Cloned 0 input feature(s) into 0 output feature(s)
2014-09-23 19:58:11|   7.8|  0.0|STATS |gseFloorArea_gzFixCatwalks_2_OUTPUT1411516536 Output Collector(TeeFactory): Cloned 1 input feature(s) into 1 output feature(s)
2014-09-23 19:58:11|   7.8|  0.0|STATS |gseFloorArea_gzFixCatwalks_2 OUTPUT Output Renamer/Nuker(TeeFactory): Cloned 1 input feature(s) into 1 output feature(s)
2014-09-23 19:58:11|   7.8|  0.0|STATS |gseFloorArea_gzFixCatwalks_2 OUTPUT Splitter(TeeFactory): Cloned 1 input feature(s) into 2 output feature(s)
2014-09-23 19:58:11|   7.8|  0.0|STATS |gseFloorArea_FloorsReader_GeometryRemover(TeeFactory): Cloned 1 input feature(s) into 1 output feature(s)
2014-09-23 19:58:11|   7.8|  0.0|INFORM|Closing the Geodatabase reader
2014-09-23 19:58:11|   7.8|  0.0|STATS |gseFloorArea_FloorsReader <OTHER> Output Nuker(TeeFactory): Cloned 0 input feature(s) into 0 output feature(s)
2014-09-23 19:58:11|   7.8|  0.0|STATS |gseFloorArea_FloorsReader INITIATOR Output Nuker(TeeFactory): Cloned 1 input feature(s) into 0 output feature(s)
2014-09-23 19:58:11|   7.8|  0.0|STATS |gseFloorArea_BulkAttributeRenamer(TeeFactory): Cloned 14 input feature(s) into 14 output feature(s)
2014-09-23 19:58:12|   7.8|  0.0|STATS |gseFloorArea_FeatureMerger(ReferenceFactory): Total Results: 1 Complete Feature(s), 0 Incomplete Feature(s), 1 Referenced Feature(s), 13 Unreferenced Feature(s), 0 Referencer Feature(s) (NO REFERENCES), 0 Referencee Feature(s) (NO Referencee fields defined), and 0 Duplicate Referencee Feature(s)
2014-09-23 19:58:12|   7.8|  0.0|STATS |gseFloorArea_AttributeCreator OUTPUT Splitter(TeeFactory): Cloned 1 input feature(s) into 2 output feature(s)
2014-09-23 19:58:12|   7.8|  0.0|STATS |gseFloorArea_Aggregator(AggregateFactory): Combined 1 input feature(s) into 1 output feature(s), including 0 singleton(s)
2014-09-23 19:58:12|   7.8|  0.0|STATS |gseFloorArea_AttributeCreator_OUTPUT_821411516536 Output Collector(TeeFactory): Cloned 2 input feature(s) into 2 output feature(s)
2014-09-23 19:58:12|   7.8|  0.0|STATS |gseFloorArea AttributeCreator_OUTPUT_82 Output Renamer/Nuker(TeeFactory): Cloned 2 input feature(s) into 2 output feature(s)
2014-09-23 19:58:12|   7.8|  0.0|STATS |gzSourceTargetQA SourceTargetQA_Input_1 Input Collector(TeeFactory): Cloned 3214 input feature(s) into 3214 output feature(s)
2014-09-23 19:58:12|   7.8|  0.0|STATS |gzSourceTargetQA_SourceTargetQA_Input_11396906235 Input Splitter(TeeFactory): Cloned 3214 input feature(s) into 3214 output feature(s)
2014-09-23 19:58:12|   7.8|  0.0|STATS |gzSourceTargetQA_AttributeExposer(TeeFactory): Cloned 3214 input feature(s) into 3214 output feature(s)
2014-09-23 19:58:12|   7.8|  0.0|STATS |gzSourceTargetQA_AttributeFilter(TestFactory): Tested 4 input feature(s) -- 0 feature(s) passed and 4 feature(s) failed
2014-09-23 19:58:12|   7.8|  0.0|STATS |gzSourceTargetQA_AttributeFilter_BlankFilter(TestFactory): Tested 4 input feature(s) -- 0 feature(s) passed and 4 feature(s) failed
2014-09-23 19:58:12|   7.8|  0.0|STATS |gzSourceTargetQA_AttributeFilter <BLANK> Output Nuker(TeeFactory): Cloned 0 input feature(s) into 0 output feature(s)
2014-09-23 19:58:12|   7.8|  0.0|STATS |gzSourceTargetQA_LengthCalculator(TeeFactory): Cloned 4 input feature(s) into 4 output feature(s)
2014-09-23 19:58:12|   7.8|  0.0|STATS |gzSourceTargetQA_Tester(TestFactory): Tested 4 input feature(s) -- 4 feature(s) passed and 0 feature(s) failed
2014-09-23 19:58:12|   7.8|  0.0|STATS |gzSourceTargetQA_Logger_FAILED_Logger(TeeFactory): Cloned 0 input feature(s) into 0 output feature(s)
2014-09-23 19:58:12|   7.8|  0.0|STATS |gzSourceTargetQA_Logger_FAILED LOGGED Output Nuker(TeeFactory): Cloned 0 input feature(s) into 0 output feature(s)
2014-09-23 19:58:12|   7.8|  0.0|STATS |gzSourceTargetQA_Skip_fpLines(TestFactory): Tested 3214 input feature(s) -- 3214 feature(s) passed and 0 feature(s) failed
2014-09-23 19:58:12|   7.8|  0.0|INFORM|gzSourceTargetQA_Sorter_SRCVAL(SortFactory): Starting sorting 3214 feature(s)
2014-09-23 19:58:12|   7.8|  0.0|INFORM|gzSourceTargetQA_Sorter_SRCVAL(SortFactory): Done sorting 3214 feature(s)
2014-09-23 19:58:12|   7.8|  0.0|INFORM|gz starting sourceTargetQA
2014-09-23 19:58:12|   7.8|  0.0|INFORM|gz len(datasets)=4
2014-09-23 19:58:43|  39.3| 31.5|INFORM|... Last line repeated 3213 times ...
2014-09-23 19:58:43|  39.3|  0.0|STATS |gzSourceTargetQA_Sorter_SRCVAL(SortFactory): Sorted 3214 feature(s)
2014-09-23 19:58:43|  39.3|  0.0|STATS |gzSourceTargetQA_SourceTargetQA_Output_11396906235 Output Collector(TeeFactory): Cloned 3214 input feature(s) into 3214 output feature(s)
2014-09-23 19:58:43|  39.3|  0.0|STATS |gzSourceTargetQA SourceTargetQA_Output_1 Output Renamer/Nuker(TeeFactory): Cloned 3214 input feature(s) into 3214 output feature(s)
2014-09-23 19:58:43|  39.3|  0.0|STATS |gzWriteData gzFeatures Input Collector(TeeFactory): Cloned 3214 input feature(s) into 3214 output feature(s)
2014-09-23 19:58:43|  39.3|  0.0|STATS |gzWriteData_gzFeatures1396906261 Input Splitter(TeeFactory): Cloned 3214 input feature(s) into 9642 output feature(s)
2014-09-23 19:58:43|  39.3|  0.0|STATS |gzWriteData_StatisticsCalculator_InputProcessor(TeeFactory): Cloned 3214 input feature(s) into 3214 output feature(s)
2014-09-23 19:58:43|  39.3|  0.0|STATS |gzWriteData_StatisticsCalculator_UnneededInputNuker(TeeFactory): Cloned 3214 input feature(s) into 3214 output feature(s)
2014-09-23 19:58:43|  39.6|  0.3|STATS |gzWriteData_StatisticsCalculator_CompleteOutputter(SortFactory): Output 3214 feature(s) without doing any sorting
2014-09-23 19:58:43|  39.6|  0.0|STATS |gzWriteData_StatisticsCalculator_SummaryCreator(CreationFactory): Created 1 features
2014-09-23 19:58:43|  39.6|  0.0|STATS |gzWriteData_StatisticsCalculator_SummaryExploder(ElementFactory): Split out 1 list elements from 1 input features, using mode LEAN_AND_MEAN
2014-09-23 19:58:43|  39.6|  0.0|STATS |gzWriteData_TestHasErrors(TeeFactory): Cloned 3215 input feature(s) into 3215 output feature(s)
2014-09-23 19:58:43|  39.6|  0.0|STATS |gzWriteData_TestHasErrors_TestFactory_0(TestFactory): Tested 3215 input feature(s) -- 3215 feature(s) passed and 0 feature(s) failed
2014-09-23 19:58:43|  39.6|  0.0|STATS |gzWriteData_TestHasErrors_<lt>UNFILTERED<gt>(TeeFactory): Cloned 0 input feature(s) into 0 output feature(s)
2014-09-23 19:58:43|  39.6|  0.0|STATS |gzWriteData_TestHasErrors <lt>UNFILTERED<gt> Output Nuker(TeeFactory): Cloned 0 input feature(s) into 0 output feature(s)
2014-09-23 19:58:43|  39.6|  0.0|STATS |gzWriteData_TestHasErrors_2(TeeFactory): Cloned 3214 input feature(s) into 3214 output feature(s)
2014-09-23 19:58:43|  39.6|  0.0|STATS |gzWriteData_TestHasErrors_2_TestFactory_0(TestFactory): Tested 3214 input feature(s) -- 0 feature(s) passed and 3214 feature(s) failed
2014-09-23 19:58:43|  39.6|  0.0|STATS |gzWriteData_TestHasErrors_2_<lt>UNFILTERED<gt>(TeeFactory): Cloned 3214 input feature(s) into 3214 output feature(s)
2014-09-23 19:58:43|  39.6|  0.0|STATS |gzWriteData_TestHasErrors_2 <lt>UNFILTERED<gt> Output Nuker(TeeFactory): Cloned 3214 input feature(s) into 0 output feature(s)
2014-09-23 19:58:43|  39.6|  0.0|STATS |gzWriteData_gzGetErrorInfo INPUT Input Collector(TeeFactory): Cloned 0 input feature(s) into 0 output feature(s)
2014-09-23 19:58:43|  39.6|  0.0|STATS |gzWriteData_gzGetErrorInfo_INPUT1396906154 Input Splitter(TeeFactory): Cloned 0 input feature(s) into 0 output feature(s)
2014-09-23 19:58:43|  39.6|  0.0|STATS |gzWriteData_gzGetErrorInfo_AttributeExposer(TeeFactory): Cloned 0 input feature(s) into 0 output feature(s)
2014-09-23 19:58:43|  39.6|  0.0|STATS |gzWriteData_gzGetErrorInfo_TestFilter(TeeFactory): Cloned 0 input feature(s) into 0 output feature(s)
2014-09-23 19:58:43|  39.6|  0.0|STATS |gzWriteData_gzGetErrorInfo_TestFilter_TestFactory_0(TestFactory): Tested 0 input feature(s) -- 0 feature(s) passed and 0 feature(s) failed
2014-09-23 19:58:43|  39.6|  0.0|STATS |gzWriteData_gzGetErrorInfo_TestFilter_TestFactory_1(TestFactory): Tested 0 input feature(s) -- 0 feature(s) passed and 0 feature(s) failed
2014-09-23 19:58:43|  39.6|  0.0|STATS |gzWriteData_gzGetErrorInfo_TestFilter_TestFactory_2(TestFactory): Tested 0 input feature(s) -- 0 feature(s) passed and 0 feature(s) failed
2014-09-23 19:58:43|  39.6|  0.0|STATS |gzWriteData_gzGetErrorInfo_TestFilter_TestFactory_3(TestFactory): Tested 0 input feature(s) -- 0 feature(s) passed and 0 feature(s) failed
2014-09-23 19:58:43|  39.6|  0.0|STATS |gzWriteData_gzGetErrorInfo_TestFilter_<lt>UNFILTERED<gt>(TeeFactory): Cloned 0 input feature(s) into 0 output feature(s)
2014-09-23 19:58:43|  39.6|  0.0|STATS |gzWriteData_gzGetErrorInfo_TestFilter <lt>UNFILTERED<gt> Output Nuker(TeeFactory): Cloned 0 input feature(s) into 0 output feature(s)
2014-09-23 19:58:43|  39.6|  0.0|STATS |gzWriteData_gzGetErrorInfo_TimeStamper(TeeFactory): Cloned 0 input feature(s) into 0 output feature(s)
2014-09-23 19:58:43|  39.6|  0.0|STATS |gzWriteData_gzGetErrorInfo_VariableSetter(TeeFactory): Cloned 0 input feature(s) into 0 output feature(s)
2014-09-23 19:58:43|  39.6|  0.0|STATS |gzWriteData_gzGetErrorInfo_OUTPUT1396906154 Output Collector(TeeFactory): Cloned 0 input feature(s) into 0 output feature(s)
2014-09-23 19:58:43|  39.6|  0.0|STATS |gzWriteData_gzGetErrorInfo OUTPUT Output Renamer/Nuker(TeeFactory): Cloned 0 input feature(s) into 0 output feature(s)
2014-09-23 19:58:45|  40.7|  1.2|INFORM|Trying to find a DYNAMIC plugin for reader named `GEODATABASE_SDE'
2014-09-23 19:58:45|  40.7|  0.0|INFORM|FME API version of module 'GEODATABASE_SDE' matches current internal version (3.7 20140327)
2014-09-23 19:58:45|  40.7|  0.0|INFORM|Trying to find a DYNAMIC plugin for reader named `GEODATABASE_SDE'
2014-09-23 19:58:45|  40.7|  0.0|INFORM|FME API version of module 'GEODATABASE_SDE' matches current internal version (3.7 20140327)
2014-09-23 19:58:45|  40.7|  0.0|INFORM|Opening the Geodatabase reader
2014-09-23 19:58:45|  40.7|  0.0|INFORM|An ArcGIS license is already checked out. The product checked out is 'Advanced'
2014-09-23 19:58:45|  40.7|  0.0|INFORM|Installed ArcGIS version is '10.1'
2014-09-23 19:58:46|  40.8|  0.0|INFORM|Connection made to server 'prawn' for dataset 'UWGISStaging' (transactional version 'dbo.DEFAULT') using Operating System's current user
2014-09-23 19:58:46|  40.8|  0.0|INFORM|ArcSDE release: '10.0'. Underlying database: 'SQL Server'
2014-09-23 19:58:46|  40.9|  0.1|INFORM|The OGC definition of the FME coordinate system '_SPHERICAL_MERCATOR_0' is 'PROJCS["WGS_1984_Web_Mercator_Auxiliary_Sphere",GEOGCS["GCS_WGS_1984",DATUM["D_WGS_1984",SPHEROID["WGS_1984",6378137.0,298.257223563]],PRIMEM["Greenwich",0.0],UNIT["Degree",0.0174532925199433]],PROJECTION["Mercator_Auxiliary_Sphere"],PARAMETER["False_Easting",0.0],PARAMETER["False_Northing",0.0],PARAMETER["Central_Meridian",0.0],PARAMETER["Standard_Parallel_1",0.0],PARAMETER["Auxiliary_Sphere_Type",0.0],UNIT["Meter",1.0]]'
2014-09-23 19:58:46|  41.1|  0.1|INFORM|Closing the Geodatabase reader
2014-09-23 19:58:47|  41.1|  0.0|INFORM|Reader `GEODATABASE_SDE_1' of type `GEODATABASE_SDE' provided schema for types: Floor_Poly,FloorplanLine,InteriorSpace,Floor_Area,Floor_Outline
2014-09-23 19:58:47|  41.2|  0.1|INFORM|Trying to find a DYNAMIC plugin for writer named `GEODATABASE_SDE'
2014-09-23 19:58:47|  41.2|  0.0|INFORM|FME API version of module 'GEODATABASE_SDE' matches current internal version (3.7 20140327)
2014-09-23 19:58:47|  41.2|  0.0|INFORM|FME Configuration: No destination coordinate system set
2014-09-23 19:58:47|  41.2|  0.0|INFORM|FME API version of module 'GEODATABASE_SDE' matches current internal version (3.7 20140327)
2014-09-23 19:58:47|  41.2|  0.0|INFORM|Writer `GEODATABASE_SDE_2' of type `GEODATABASE_SDE' using group definition keyword `GEODATABASE_SDE_2_DEF'
2014-09-23 19:58:47|  41.2|  0.0|INFORM|FME API version of module 'GEODATABASE_SDE' matches current internal version (3.7 20140327)
2014-09-23 19:58:47|  41.2|  0.0|INFORM|An ArcGIS license is already checked out. The product checked out is 'Advanced'
2014-09-23 19:58:47|  41.2|  0.0|INFORM|Installed ArcGIS version is '10.1'
2014-09-23 19:58:48|  41.2|  0.0|INFORM|Connection made to server 'prawn' for dataset 'UWGISStaging' (transactional version 'dbo.DEFAULT') using Operating System's current user
2014-09-23 19:58:48|  41.2|  0.0|INFORM|ArcSDE release: '10.0'. Underlying database: 'SQL Server'
2014-09-23 19:58:48|  41.2|  0.0|WARN  |Value of feature type parameter 'GEODB_OBJECT_ID_NAME' for table/feature class 'gzError' has been changed from 'OBJECTID' to 'OBJECTID_1' as it conflicted with user field name
2014-09-23 19:58:48|  41.2|  0.0|WARN  |Value of feature type parameter 'GEODB_OBJECT_ID_NAME' for table/feature class 'gzLog' has been changed from 'OBJECTID' to 'OBJECTID_1' as it conflicted with user field name
2014-09-23 19:58:49|  42.1|  0.9|WARN  |Value of feature type parameter 'GEODB_OBJECT_ID_NAME' for table/feature class 'd_y_n' has been changed from 'OBJECTID' to 'OBJECTID_1' as it conflicted with user field name
2014-09-23 19:58:49|  42.1|  0.0|WARN  |Value of feature type parameter 'GEODB_OBJECT_ID_NAME' for table/feature class 'd_y_n00' has been changed from 'OBJECTID' to 'OBJECTID_1' as it conflicted with user field name
2014-09-23 19:58:49|  42.2|  0.0|WARN  |Value of feature type parameter 'GEODB_OBJECT_ID_NAME' for table/feature class 'd_y_n01' has been changed from 'OBJECTID' to 'OBJECTID_1' as it conflicted with user field name
2014-09-23 19:58:49|  42.2|  0.0|WARN  |Value of feature type parameter 'GEODB_OBJECT_ID_NAME' for table/feature class 'd_y_n02' has been changed from 'OBJECTID' to 'OBJECTID_1' as it conflicted with user field name
2014-09-23 19:58:49|  42.2|  0.0|WARN  |Value of feature type parameter 'GEODB_OBJECT_ID_NAME' for table/feature class 'd_y_n03' has been changed from 'OBJECTID' to 'OBJECTID_1' as it conflicted with user field name
2014-09-23 19:58:49|  42.2|  0.0|INFORM|The 'HAS_Z_VALUES' keyword is set to 'AUTO_DETECT'. With the exception of MultiPatch feature classes, the dimensionality of new feature classes will be based on the first feature written to the feature class. (Features with no geometry are considered 2D)
2014-09-23 19:58:49|  42.2|  0.0|INFORM|A default z-value of '0' will be used for all 3D features where z-values are not provided
2014-09-23 19:58:49|  42.2|  0.0|INFORM|Geodatabase Writer: Not simplifying geometries being written to the Geodatabase
2014-09-23 19:58:49|  42.2|  0.0|INFORM|Writer mode is 'INSERT'
2014-09-23 19:58:50|  42.4|  0.2|INFORM|Geodatabase Writer: Truncating table/feature class `Floor_Area'
2014-09-23 19:58:50|  42.4|  0.0|INFORM|Geodatabase Writer: The field 'OBJECTID' in table 'Floor_Area' will not be updated since it is not editable
2014-09-23 19:58:50|  42.4|  0.0|INFORM|Geodatabase Writer: The field 'GlobalID' in table 'Floor_Area' will not be updated since it is not editable
2014-09-23 19:58:50|  42.4|  0.0|INFORM|Geodatabase Writer: The field 'SHAPE.STArea()' in table 'Floor_Area' will not be updated since it is not editable
2014-09-23 19:58:50|  42.4|  0.0|INFORM|Geodatabase Writer: The field 'SHAPE.STLength()' in table 'Floor_Area' will not be updated since it is not editable
2014-09-23 19:58:50|  42.4|  0.0|INFORM|Starting an edit session
2014-09-23 19:58:50|  42.4|  0.0|INFORM|Geodatabase Writer: Truncating table/feature class `Floor_Poly'
2014-09-23 19:58:50|  42.4|  0.0|INFORM|Geodatabase Writer: The field 'OBJECTID' in table 'Floor_Poly' will not be updated since it is not editable
2014-09-23 19:58:50|  42.4|  0.0|INFORM|Geodatabase Writer: The field 'GlobalID' in table 'Floor_Poly' will not be updated since it is not editable
2014-09-23 19:58:50|  42.4|  0.0|INFORM|Geodatabase Writer: The field 'SHAPE.STArea()' in table 'Floor_Poly' will not be updated since it is not editable
2014-09-23 19:58:50|  42.4|  0.0|INFORM|Geodatabase Writer: The field 'SHAPE.STLength()' in table 'Floor_Poly' will not be updated since it is not editable
2014-09-23 19:58:50|  42.4|  0.0|INFORM|Geodatabase Writer: Truncating table/feature class `FloorplanLine'
2014-09-23 19:58:54|  44.0|  1.7|INFORM|Geodatabase Writer: The field 'OBJECTID' in table 'FloorplanLine' will not be updated since it is not editable
2014-09-23 19:58:54|  44.0|  0.0|INFORM|Geodatabase Writer: The field 'GlobalID' in table 'FloorplanLine' will not be updated since it is not editable
2014-09-23 19:58:54|  44.0|  0.0|INFORM|Geodatabase Writer: The field 'SHAPE.STLength()' in table 'FloorplanLine' will not be updated since it is not editable
2014-09-23 19:58:54|  44.0|  0.0|WARN  |A 3D feature was encountered in the feature class 'FloorplanLine', which is defined as containing 2D features. The feature, and any other applicable features in the same feature class, will be modified so that it has the same dimension as the feature class
2014-09-23 19:58:54|  44.1|  0.0|INFORM|gzWriteData_FeatureMerger(ReferenceFactory): Completed 51.32% of intermediate processing
2014-09-23 19:58:57|  46.1|  2.1|INFORM|Geodatabase Writer: Truncating table/feature class `InteriorSpace'
2014-09-23 19:58:57|  46.1|  0.0|INFORM|Geodatabase Writer: The field 'OBJECTID' in table 'InteriorSpace' will not be updated since it is not editable
2014-09-23 19:58:57|  46.1|  0.0|INFORM|Geodatabase Writer: The field 'GlobalID' in table 'InteriorSpace' will not be updated since it is not editable
2014-09-23 19:58:57|  46.1|  0.0|INFORM|Geodatabase Writer: The field 'SHAPE.STArea()' in table 'InteriorSpace' will not be updated since it is not editable
2014-09-23 19:58:57|  46.1|  0.0|INFORM|Geodatabase Writer: The field 'SHAPE.STLength()' in table 'InteriorSpace' will not be updated since it is not editable
2014-09-23 19:58:57|  46.2|  0.0|INFORM|gzWriteData_FeatureMerger(ReferenceFactory): Completed 100% of intermediate processing
2014-09-23 19:58:57|  46.2|  0.0|STATS |gzWriteData_FeatureMerger(ReferenceFactory): Total Results: 3215 Complete Feature(s), 0 Incomplete Feature(s), 3214 Referenced Feature(s), 0 Unreferenced Feature(s), 0 Referencer Feature(s) (NO REFERENCES), 0 Referencee Feature(s) (NO Referencee fields defined), and 0 Duplicate Referencee Feature(s)
2014-09-23 19:58:57|  46.2|  0.0|STATS |gzWriteData_FeatureMerger REFERENCED Splitter(TeeFactory): Cloned 3214 input feature(s) into 6428 output feature(s)
2014-09-23 19:58:57|  46.2|  0.0|STATS |gzWriteData_FeatureMerger DUPLICATE_SUPPLIER Splitter(TeeFactory): Cloned 0 input feature(s) into 0 output feature(s)
2014-09-23 19:58:57|  46.2|  0.0|STATS |gzWriteData_gzGetLogInfo StatisticsCalculator_INPUT_55 Input Collector(TeeFactory): Cloned 3214 input feature(s) into 3214 output feature(s)
2014-09-23 19:58:57|  46.2|  0.0|STATS |gzWriteData_gzGetLogInfo_StatisticsCalculator_INPUT_551396906184 Input Splitter(TeeFactory): Cloned 3214 input feature(s) into 3214 output feature(s)
2014-09-23 19:58:57|  46.2|  0.0|STATS |gzWriteData_gzGetLogInfo_AttributeExposer(TeeFactory): Cloned 3214 input feature(s) into 3214 output feature(s)
2014-09-23 19:58:57|  46.2|  0.0|STATS |gzWriteData_gzGetLogInfo_StatisticsCalculator_InputProcessor(TeeFactory): Cloned 3214 input feature(s) into 3214 output feature(s)
2014-09-23 19:58:57|  46.2|  0.0|STATS |gzWriteData_gzGetLogInfo_StatisticsCalculator_UnneededInputNuker(TeeFactory): Cloned 3214 input feature(s) into 0 output feature(s)
2014-09-23 19:58:57|  46.2|  0.0|STATS |gzWriteData_gzGetLogInfo_StatisticsCalculator_CompleteOutputter(SortFactory): Output 0 feature(s) without doing any sorting
2014-09-23 19:58:57|  46.2|  0.0|INFORM|Geodatabase Writer: The field 'OBJECTID' in table 'gzLog' will not be updated since it is not editable
2014-09-23 19:58:57|  46.2|  0.0|STATS |gzWriteData_gzGetLogInfo_StatisticsCalculator_SummaryCreator(CreationFactory): Created 1 features
2014-09-23 19:58:57|  46.2|  0.0|STATS |gzWriteData_gzGetLogInfo_StatisticsCalculator_SummaryExploder(ElementFactory): Split out 4 list elements from 1 input features, using mode LEAN_AND_MEAN
2014-09-23 19:58:57|  46.2|  0.0|STATS |gzWriteData_gzGetLogInfo_AttributeExposer_2(TeeFactory): Cloned 4 input feature(s) into 4 output feature(s)
2014-09-23 19:58:57|  46.2|  0.0|STATS |gzWriteData_gzGetLogInfo_LOADTIME(TeeFactory): Cloned 4 input feature(s) into 4 output feature(s)
2014-09-23 19:58:57|  46.2|  0.0|STATS |gzWriteData_gzGetLogInfo_DATASET(TeeFactory): Cloned 4 input feature(s) into 4 output feature(s)
2014-09-23 19:58:57|  46.2|  0.0|STATS |gzWriteData_gzGetLogInfo_TestFilter(TeeFactory): Cloned 4 input feature(s) into 4 output feature(s)
2014-09-23 19:58:57|  46.2|  0.0|STATS |gzWriteData_gzGetLogInfo_TestFilter_TestFactory_0(TestFactory): Tested 4 input feature(s) -- 4 feature(s) passed and 0 feature(s) failed
2014-09-23 19:58:57|  46.2|  0.0|STATS |gzWriteData_gzGetLogInfo_TestFilter_<lt>UNFILTERED<gt>(TeeFactory): Cloned 0 input feature(s) into 0 output feature(s)
2014-09-23 19:58:57|  46.2|  0.0|STATS |gzWriteData_gzGetLogInfo_StatisticsCalculator_SUMMARY_551396906184 Output Collector(TeeFactory): Cloned 4 input feature(s) into 4 output feature(s)
2014-09-23 19:58:57|  46.2|  0.0|STATS |gzWriteData_gzGetLogInfo StatisticsCalculator_SUMMARY_55 Output Renamer/Nuker(TeeFactory): Cloned 4 input feature(s) into 4 output feature(s)
2014-09-23 19:58:57|  46.2|  0.0|STATS |gzWriteData_gzFeatureWriter1396906261 Output Collector(TeeFactory): Cloned 3214 input feature(s) into 3214 output feature(s)
2014-09-23 19:58:57|  46.2|  0.0|STATS |gzWriteData_gzLogWriter1396906261 Output Collector(TeeFactory): Cloned 4 input feature(s) into 4 output feature(s)
2014-09-23 19:58:57|  46.2|  0.0|STATS |gzWriteData_gzErrorWriter1396906261 Output Collector(TeeFactory): Cloned 0 input feature(s) into 0 output feature(s)
2014-09-23 19:58:57|  46.2|  0.0|STATS |gzWriteData gzLogWriter Output Renamer/Nuker(TeeFactory): Cloned 4 input feature(s) into 4 output feature(s)
2014-09-23 19:58:57|  46.2|  0.0|STATS |gzWriteData gzFeatureWriter Output Renamer/Nuker(TeeFactory): Cloned 3214 input feature(s) into 3214 output feature(s)
2014-09-23 19:58:57|  46.2|  0.0|STATS |gzWriteData gzErrorWriter Output Renamer/Nuker(TeeFactory): Cloned 0 input feature(s) into 0 output feature(s)
2014-09-23 19:58:57|  46.2|  0.0|STATS |gzWriteData_gzFeatureWriter -> Features Correlator(TeeFactory): Cloned 3214 input feature(s) into 3214 output feature(s)
2014-09-23 19:58:57|  46.2|  0.0|STATS |gzWriteData_gzErrorWriter -> gzError Correlator(TeeFactory): Cloned 0 input feature(s) into 0 output feature(s)
2014-09-23 19:58:57|  46.2|  0.0|STATS |gzWriteData_gzLogWriter -> gzLog Correlator(TeeFactory): Cloned 4 input feature(s) into 4 output feature(s)
2014-09-23 19:58:57|  46.2|  0.0|STATS |Final Output Feature Type Router(TestFactory): Tested 3218 input feature(s) -- 3218 feature(s) passed and 0 feature(s) failed
2014-09-23 19:58:57|  46.2|  0.0|STATS |Final Output Nuker(TeeFactory): Cloned 0 input feature(s) into 0 output feature(s)
2014-09-23 19:58:57|  46.2|  0.0|STATS |=-=-=-=-=-=-=-=-=-=-=-=-=-=-=-=-=-=-=-=-=-=-=-=-=-=-=-=-=-=-=-=-=-=-=-=-=-=-=-
2014-09-23 19:58:57|  46.2|  0.0|STATS |                            `Count' Domain Summary
2014-09-23 19:58:57|  46.2|  0.0|STATS |=-=-=-=-=-=-=-=-=-=-=-=-=-=-=-=-=-=-=-=-=-=-=-=-=-=-=-=-=-=-=-=-=-=-=-=-=-=-=-
2014-09-23 19:58:57|  46.2|  0.0|STATS |gseFloorArea_gzFixCatwalks_2_SelfIntersectChecker_2_COUNTER_counter          1
2014-09-23 19:58:57|  46.2|  0.0|STATS |gseFloorArea_gzFixCatwalks_2_SelfIntersectChecker_COUNTER_counter            1
2014-09-23 19:58:57|  46.2|  0.0|STATS |gzFixCatwalks_SelfIntersectChecker_2_COUNTER_counter                        61
2014-09-23 19:58:57|  46.2|  0.0|STATS |gzFixCatwalks_SelfIntersectChecker_COUNTER_counter                          61
2014-09-23 19:58:57|  46.2|  0.0|STATS |==============================================================================
2014-09-23 19:58:57|  46.2|  0.0|STATS |Total `@Count' Invocations:                                                124
2014-09-23 19:58:57|  46.2|  0.0|STATS |=-=-=-=-=-=-=-=-=-=-=-=-=-=-=-=-=-=-=-=-=-=-=-=-=-=-=-=-=-=-=-=-=-=-=-=-=-=-=-
2014-09-23 19:58:57|  46.2|  0.0|STATS |Generalize: Generalized 62 feature(s) using Douglas, removing 542 of 1532 verticies (35% reduction)
2014-09-23 19:58:57|  46.2|  0.0|STATS |GeodatabaseRelationshipFeaturesPipeline::GeodatabaseRelationshipFeatures(SortFactory): Sorted 0 feature(s)
2014-09-23 19:58:58|  46.3|  0.1|INFORM|All edits made during the edit session were saved
2014-09-23 19:58:58|  46.3|  0.0|INFORM|Closing the Geodatabase writer
2014-09-23 19:58:59|  46.3|  0.0|INFORM|=-=-=-=-=-=-=-=-=-=-=-=-=-=-=-=-=-=-=-=-=-=-=-=-=-=-=-=-=-=-=-=-=-=-=-=-=-=-=-
2014-09-23 19:58:59|  46.3|  0.0|INFORM|Feature output statistics for `GEODATABASE_SDE' writer using keyword `GEODATABASE_SDE_2':
2014-09-23 19:58:59|  46.4|  0.0|STATS |=-=-=-=-=-=-=-=-=-=-=-=-=-=-=-=-=-=-=-=-=-=-=-=-=-=-=-=-=-=-=-=-=-=-=-=-=-=-=-
2014-09-23 19:58:59|  46.4|  0.0|STATS |                               Features Written
2014-09-23 19:58:59|  46.4|  0.0|STATS |=-=-=-=-=-=-=-=-=-=-=-=-=-=-=-=-=-=-=-=-=-=-=-=-=-=-=-=-=-=-=-=-=-=-=-=-=-=-=-
2014-09-23 19:58:59|  46.4|  0.0|STATS |Floor_Area                                                                   1
2014-09-23 19:58:59|  46.4|  0.0|STATS |Floor_Poly                                                                   1
2014-09-23 19:58:59|  46.4|  0.0|STATS |FloorplanLine                                                             3151
2014-09-23 19:58:59|  46.4|  0.0|STATS |InteriorSpace                                                               61
2014-09-23 19:58:59|  46.4|  0.0|STATS |gzLog                                                                        4
2014-09-23 19:58:59|  46.4|  0.0|STATS |==============================================================================
2014-09-23 19:58:59|  46.4|  0.0|STATS |Total Features Written                                                    3218
2014-09-23 19:58:59|  46.4|  0.0|STATS |=-=-=-=-=-=-=-=-=-=-=-=-=-=-=-=-=-=-=-=-=-=-=-=-=-=-=-=-=-=-=-=-=-=-=-=-=-=-=-
2014-09-23 19:58:59|  46.4|  0.0|STATS |=-=-=-=-=-=-=-=-=-=-=-=-=-=-=-=-=-=-=-=-=-=-=-=-=-=-=-=-=-=-=-=-=-=-=-=-=-=-=-
2014-09-23 19:58:59|  46.4|  0.0|STATS |                            Features Read Summary
2014-09-23 19:58:59|  46.4|  0.0|STATS |=-=-=-=-=-=-=-=-=-=-=-=-=-=-=-=-=-=-=-=-=-=-=-=-=-=-=-=-=-=-=-=-=-=-=-=-=-=-=-
2014-09-23 19:58:59|  46.4|  0.0|STATS |BSE                                                                       3151
2014-09-23 19:58:59|  46.4|  0.0|STATS |GSF                                                                          1
2014-09-23 19:58:59|  46.4|  0.0|STATS |RMS                                                                         61
2014-09-23 19:58:59|  46.4|  0.0|STATS |==============================================================================
2014-09-23 19:58:59|  46.4|  0.0|STATS |Total Features Read                                                       3213
2014-09-23 19:58:59|  46.4|  0.0|STATS |=-=-=-=-=-=-=-=-=-=-=-=-=-=-=-=-=-=-=-=-=-=-=-=-=-=-=-=-=-=-=-=-=-=-=-=-=-=-=-
2014-09-23 19:58:59|  46.4|  0.0|STATS |=-=-=-=-=-=-=-=-=-=-=-=-=-=-=-=-=-=-=-=-=-=-=-=-=-=-=-=-=-=-=-=-=-=-=-=-=-=-=-
2014-09-23 19:58:59|  46.4|  0.0|STATS |                           Features Written Summary
2014-09-23 19:58:59|  46.4|  0.0|STATS |=-=-=-=-=-=-=-=-=-=-=-=-=-=-=-=-=-=-=-=-=-=-=-=-=-=-=-=-=-=-=-=-=-=-=-=-=-=-=-
2014-09-23 19:58:59|  46.4|  0.0|STATS |Floor_Area                                                                   1
2014-09-23 19:58:59|  46.4|  0.0|STATS |Floor_Poly                                                                   1
2014-09-23 19:58:59|  46.4|  0.0|STATS |FloorplanLine                                                             3151
2014-09-23 19:58:59|  46.4|  0.0|STATS |InteriorSpace                                                               61
2014-09-23 19:58:59|  46.4|  0.0|STATS |gzLog                                                                        4
2014-09-23 19:58:59|  46.4|  0.0|STATS |==============================================================================
2014-09-23 19:58:59|  46.4|  0.0|STATS |Total Features Written                                                    3218
2014-09-23 19:58:59|  46.4|  0.0|STATS |=-=-=-=-=-=-=-=-=-=-=-=-=-=-=-=-=-=-=-=-=-=-=-=-=-=-=-=-=-=-=-=-=-=-=-=-=-=-=-
2014-09-23 19:58:59|  46.4|  0.0|INFORM|Translation was SUCCESSFUL with 8 warning(s) (3218 feature(s) output)
2014-09-23 19:58:59|  46.4|  0.0|INFORM|FME Session Duration: 56.8 seconds. (CPU: 43.4s user, 2.5s system)
2014-09-23 19:58:59|  46.4|  0.0|INFORM|END - ProcessID: 12896, peak process memory usage: 438744 kB, current process memory usage: 433952 kB
