2014-09-23 19:59:03|   0.4|  0.4|INFORM|FME 2014 SP2 (20140606 - Build 14338 - WIN32)
2014-09-23 19:59:03|   0.4|  0.0|INFORM|FME_HOME is 'c:\apps\FME\'
2014-09-23 19:59:03|   0.4|  0.0|INFORM|FME Oracle Edition (node locked-crc)
2014-09-23 19:59:03|   0.4|  0.0|INFORM|Serial Number: Steve_Grise
2014-09-23 19:59:03|   0.4|  0.0|INFORM|Temporary License: 65 days left.
2014-09-23 19:59:03|   0.4|  0.0|INFORM|Machine host name is: Prawn
2014-09-23 19:59:03|   0.4|  0.0|INFORM|START - ProcessID: 11808, peak process memory usage: 48416 kB, current process memory usage: 48416 kB
2014-09-23 19:59:03|   0.4|  0.0|INFORM|FME Configuration: Command line arguments are `c:\apps\FME\fme.exe' `C:\Users\Steve\Documents\GitHub\gseUW\ETL\fme\gseFloorplanDerive.fmw' `--DestDataset_GEODATABASE_SDE' `sde' `--SCHEMA_IN_REAL_FORMAT_SCHEMA' `Esri Geodatabase (ArcSDE Geodatabase)' `--OUT_CONNECTION_FILE_GEODATABASE_SDE' `C:\Users\Steve\Documents\GitHub\gseUW\ETL\serverConfig\GIS Staging.sde' `--ProductionConnectionFile' `C:\Users\Steve\Documents\GitHub\gseUW\ETL\serverConfig\GIS Production.sde' `--GizintaProject' `C:\Users\Steve\Documents\GitHub\gseUW\ETL\config\fpDerivePlaylist.xml' `--SourceFieldQA' `False' `--TargetFieldQA' `True' `--IgnoreErrors' `False' `--SourceDatasetTypes' `GDBDataset' `--pFLOORID' `UWS_1327_01' `--SourceCoordinateSystem' `EPSG:2285' `--gzDebug' `False' `--FEATURE_TYPES' `Floor_Poly Floor_Area Floor_Outline Floor_Point FloorplanLine_Publish InteriorSpace_Tilt InteriorSpace_Point' `--FEATURE_TYPES_READ' `GSF Floor_Poly Floor_Poly Building_Outline_Point FloorplanLine InteriorSpace InteriorSpace' `--LOG_FILE' `C:\Users\Steve\Documents\GitHub\gseUW\ETL\fme\log\gseFloorplanDerive.log'
2014-09-23 19:59:03|   0.5|  0.0|INFORM|Using FME's provided Python interpreter from c:\apps\FME\fmepython27\python27.dll
2014-09-23 19:59:03|   0.5|  0.0|INFORM|Python version 2.7 successfully loaded
2014-09-23 19:59:03|   0.5|  0.0|INFORM|Adding directory `c:\apps\FME\transformers\' to the python path
2014-09-23 19:59:03|   0.5|  0.0|INFORM|FME_BEGIN_PYTHON: evaluating python script from string...
2014-09-23 19:59:03|   0.5|  0.0|INFORM|FME_BEGIN_PYTHON: python script execution complete.
2014-09-23 19:59:03|   0.5|  0.0|INFORM|Shared directories for formats are : C:\Users\Steve\Documents\FME\Formats;c:\apps\FME\datasources
2014-09-23 19:59:03|   0.5|  0.0|INFORM|Shared directories for transformers are : C:\Users\Steve\Documents\FME\Transformers;c:\apps\FME\transformers;C:\Users\Steve\AppData\Roaming\Safe Software\FME\FME Store\Transformers
2014-09-23 19:59:03|   0.5|  0.0|INFORM|Shared directories for coordinate systems are : C:\Users\Steve\Documents\FME\CoordinateSystems
2014-09-23 19:59:03|   0.5|  0.0|INFORM|Shared directories for coordinate system exceptions are : C:\Users\Steve\Documents\FME\CoordinateSystemExceptions
2014-09-23 19:59:03|   0.5|  0.0|INFORM|Shared directories for coordinate system grid overrides are : C:\Users\Steve\Documents\FME\CoordinateSystemGridOverrides
2014-09-23 19:59:03|   0.5|  0.0|INFORM|Shared directories for CS-MAP transformation exceptions are : C:\Users\Steve\Documents\FME\CsmapTransformationExceptions
2014-09-23 19:59:03|   0.5|  0.0|INFORM|Shared directories for transformer categories are : C:\Users\Steve\Documents\FME\TransformerCategories
2014-09-23 19:59:03|   0.5|  0.0|INFORM|Mapping File Identifier is: GizintaLoader
2014-09-23 19:59:03|   0.5|  0.0|INFORM|FME Configuration: Reader Keyword is `MULTI_READER'
2014-09-23 19:59:03|   0.5|  0.0|INFORM|FME Configuration: Writer Keyword is `MULTI_WRITER'
2014-09-23 19:59:03|   0.5|  0.0|INFORM|FME Configuration: Writer Group Definition Keyword is `MULTI_WRITER_DEF'
2014-09-23 19:59:03|   0.5|  0.0|INFORM|FME Configuration: Reader type is `MULTI_READER'
2014-09-23 19:59:03|   0.5|  0.0|INFORM|FME Configuration: Writer type is `MULTI_WRITER'
2014-09-23 19:59:03|   0.5|  0.0|INFORM|FME Configuration: No destination coordinate system set
2014-09-23 19:59:03|   0.5|  0.0|INFORM|FME Configuration: Current working directory is `C:\Users\Steve\Documents\GitHub\gseUW\ETL'
2014-09-23 19:59:03|   0.5|  0.0|INFORM|FME Configuration: Temporary directory is `C:\Users\Steve\AppData\Local\Temp'
2014-09-23 19:59:03|   0.5|  0.0|INFORM|FME Configuration: FME_HOME is `c:\apps\FME\'
2014-09-23 19:59:03|   0.5|  0.0|INFORM|FME Configuration: FME_BASE is 'no'
2014-09-23 19:59:03|   0.5|  0.0|INFORM|FME Configuration: FME_MF_DIR is 'C:\Users\Steve\Documents\GitHub\gseUW\ETL\fme/'
2014-09-23 19:59:03|   0.5|  0.0|INFORM|FME Configuration: FME_MF_NAME is 'gseFloorplanDerive.fmw'
2014-09-23 19:59:03|   0.5|  0.0|INFORM|FME Configuration: FME_PRODUCT_NAME is 'FME(R) 2014 SP2'
2014-09-23 19:59:03|   0.5|  0.0|INFORM|System Status: 95669MB of disk space available in the FME temporary directory (C:\Users\Steve\AppData\Local\Temp\)
2014-09-23 19:59:03|   0.5|  0.0|INFORM|System Status: 3898MB of virtual memory available
2014-09-23 19:59:03|   0.5|  0.0|INFORM|Operating System: Microsoft Windows 7 64-bit Service Pack 1 (Build 7601)
2014-09-23 19:59:03|   0.5|  0.0|INFORM|FME Platform: WIN32
2014-09-23 19:59:03|   0.5|  0.0|INFORM|Locale: en_CA
2014-09-23 19:59:03|   0.5|  0.0|INFORM|Code Page: 1252  (ANSI - Latin I)
2014-09-23 19:59:03|   0.5|  0.0|INFORM|FME Configuration: Process limit is 4095 MB (out of 12170 MB physical memory and 4095 MB address space)
2014-09-23 19:59:03|   0.5|  0.0|INFORM|FME Configuration: Start freeing memory when process usage exceeds 2895 MB of memory or 3495 MB of address space
2014-09-23 19:59:03|   0.5|  0.0|INFORM|FME Configuration: Stop freeing memory when process usage is below 2171 MB of memory and 2621 MB of address space
2014-09-23 19:59:03|   0.5|  0.0|INFORM|FME Configuration: Autodetermining optimal maximum number of objects in memory
2014-09-23 19:59:03|   0.5|  0.0|INFORM|MULTI_READER(MULTI_READER): Will fail with first member reader failure
2014-09-23 19:59:03|   0.5|  0.0|INFORM|MULTI_READER(MULTI_READER): Adding NULL Reader with keyword GEODATABASE_SDE_1
2014-09-23 19:59:03|   0.5|  0.0|INFORM|MULTI_READER(MULTI_READER): Adding GEODATABASE_SDE Reader with keyword GEODATABASE_SDE_2
2014-09-23 19:59:03|   0.5|  0.0|INFORM|Using Multi Reader $Revision: 114961 $ ( $Date: 2014-01-08 16:53:06 -0800 (Wed, 08 Jan 2014) $ ) with keyword `MULTI_READER' to read multiple datasets
2014-09-23 19:59:03|   0.5|  0.0|INFORM|Trying to find a DYNAMIC plugin for reader named `NULL'
2014-09-23 19:59:03|   0.5|  0.0|INFORM|Loaded module 'NULL' from file 'c:\apps\FME\plugins/NULL.dll'
2014-09-23 19:59:03|   0.5|  0.0|INFORM|FME API version of module 'NULL' matches current internal version (3.7 20140327)
2014-09-23 19:59:03|   0.5|  0.0|INFORM|Using MultiWriter $Revision: 59162 $ ( $Date: 2009-04-07 10:04:59 -0700 (Tue, 07 Apr 2009) $ ) with keyword `MULTI_WRITER' to output data (ID_ATTRIBUTE is `multi_writer_id')
2014-09-23 19:59:03|   0.5|  0.0|INFORM|Writer output will be ordered by value of multi_writer_id
2014-09-23 19:59:03|   0.6|  0.0|INFORM|Loaded module 'Python_func' from file 'c:\apps\FME\plugins/Python_func.dll'
2014-09-23 19:59:03|   0.6|  0.0|INFORM|FME API version of module 'Python_func' matches current internal version (3.7 20140327)
2014-09-23 19:59:03|   0.6|  0.0|INFORM|Using FME's provided Python interpreter from c:\apps\FME\fmepython27\python27.dll
2014-09-23 19:59:03|   0.6|  0.0|INFORM|Python version 2.7 successfully loaded
2014-09-23 19:59:03|   0.6|  0.0|INFORM|Loaded module 'EvaluateExpression_func' from file 'c:\apps\FME\plugins/EvaluateExpression_func.dll'
2014-09-23 19:59:03|   0.6|  0.0|INFORM|FME API version of module 'EvaluateExpression_func' matches current internal version (3.7 20140327)
2014-09-23 19:59:03|   0.6|  0.0|INFORM|Loaded module 'QueryFactory' from file 'c:\apps\FME\plugins/QueryFactory.dll'
2014-09-23 19:59:03|   0.6|  0.0|INFORM|FME API version of module 'QueryFactory' matches current internal version (3.7 20140327)
2014-09-23 19:59:03|   0.6|  0.0|INFORM|FME API version of module 'QueryFactory' matches current internal version (3.7 20140327)
2014-09-23 19:59:03|   0.6|  0.0|INFORM|Loaded module 'Geometry_func' from file 'c:\apps\FME\plugins/Geometry_func.dll'
2014-09-23 19:59:03|   0.6|  0.0|INFORM|FME API version of module 'Geometry_func' matches current internal version (3.7 20140327)
2014-09-23 19:59:03|   0.6|  0.0|INFORM|Loaded module 'OGCGeometry_func' from file 'c:\apps\FME\plugins/OGCGeometry_func.dll'
2014-09-23 19:59:03|   0.6|  0.0|INFORM|FME API version of module 'OGCGeometry_func' matches current internal version (3.7 20140327)
2014-09-23 19:59:03|   0.6|  0.0|INFORM|Loaded module 'GeometryValidationFactory' from file 'c:\apps\FME\plugins/GeometryValidationFactory.dll'
2014-09-23 19:59:03|   0.6|  0.0|INFORM|FME API version of module 'GeometryValidationFactory' matches current internal version (3.7 20140327)
2014-09-23 19:59:03|   0.6|  0.0|INFORM|FME API version of module 'QueryFactory' matches current internal version (3.7 20140327)
2014-09-23 19:59:03|   0.6|  0.0|INFORM|FME API version of module 'QueryFactory' matches current internal version (3.7 20140327)
2014-09-23 19:59:03|   0.6|  0.0|INFORM|gseOutlineFloorPoint_StatisticsCalculator_3_SummaryExploder(ElementFactory): LEAN_AND_MEAN processing enabled
2014-09-23 19:59:03|   0.6|  0.0|INFORM|FME API version of module 'QueryFactory' matches current internal version (3.7 20140327)
2014-09-23 19:59:03|   0.6|  0.0|INFORM|gseOutlineFloorPoint_StatisticsCalculator_2_SummaryExploder(ElementFactory): LEAN_AND_MEAN processing enabled
2014-09-23 19:59:03|   0.6|  0.0|INFORM|gseOutlineFloorPoint_StatisticsCalculator_SummaryExploder(ElementFactory): LEAN_AND_MEAN processing enabled
2014-09-23 19:59:03|   0.6|  0.0|INFORM|Loaded module 'PythonFactory' from file 'c:\apps\FME\plugins/PythonFactory.dll'
2014-09-23 19:59:03|   0.6|  0.0|INFORM|FME API version of module 'PythonFactory' matches current internal version (3.7 20140327)
2014-09-23 19:59:03|   0.6|  0.0|INFORM|Using FME's provided Python interpreter from c:\apps\FME\fmepython27\python27.dll
2014-09-23 19:59:03|   0.6|  0.0|INFORM|Python version 2.7 successfully loaded
2014-09-23 19:59:03|   0.6|  0.0|INFORM|FME API version of module 'GeometryValidationFactory' matches current internal version (3.7 20140327)
2014-09-23 19:59:03|   0.6|  0.0|INFORM|FME API version of module 'PythonFactory' matches current internal version (3.7 20140327)
2014-09-23 19:59:03|   0.6|  0.0|INFORM|gzWriteData_StatisticsCalculator_SummaryExploder(ElementFactory): LEAN_AND_MEAN processing enabled
2014-09-23 19:59:03|   0.6|  0.0|INFORM|gzWriteData_gzGetLogInfo_StatisticsCalculator_SummaryExploder(ElementFactory): LEAN_AND_MEAN processing enabled
2014-09-23 19:59:03|   0.7|  0.0|INFORM|Trying to find a DYNAMIC plugin for reader named `GEODATABASE_SDE'
2014-09-23 19:59:03|   0.7|  0.0|INFORM|Loaded module 'GEODATABASE_SDE' from file 'c:\apps\FME\GEODATABASE9.dll'
2014-09-23 19:59:03|   0.7|  0.0|INFORM|FME API version of module 'GEODATABASE_SDE' matches current internal version (3.7 20140327)
2014-09-23 19:59:03|   0.7|  0.0|INFORM|Opening the Geodatabase reader
2014-09-23 19:59:04|   1.7|  1.0|INFORM|FME has checked out an Esri license. The product checked out is 'ArcInfo'
2014-09-23 19:59:04|   1.7|  0.0|INFORM|Installed ArcGIS version is '10.1'
2014-09-23 19:59:05|   1.9|  0.2|INFORM|Connection made to server 'prawn' for dataset 'UWGISStaging' (transactional version 'dbo.DEFAULT') using Operating System's current user
2014-09-23 19:59:05|   1.9|  0.0|INFORM|ArcSDE release: '10.0'. Underlying database: 'SQL Server'
2014-09-23 19:59:05|   1.9|  0.0|INFORM|GEODATABASE_SDE_2 Reader: Using Enhanced geometry
2014-09-23 19:59:05|   1.9|  0.0|INFORM|All network information will be ignored. As a result, edges will be treated as polyline features and junctions will be treated as point features
2014-09-23 19:59:05|   1.9|  0.0|INFORM|All relationship information will be ignored. As a result, simple relationships will not be read, and attributed relationships will be read as tables
2014-09-23 19:59:06|   2.8|  0.9|WARN  |The table name 'GSF' could not be found in the Geodatabase as either a feature class or a table. This may be because the current user does not have permission to see 'GSF'
2014-09-23 19:59:07|   3.0|  0.2|INFORM|The OGC definition of the FME coordinate system '_SPHERICAL_MERCATOR_0' is 'PROJCS["WGS_1984_Web_Mercator_Auxiliary_Sphere",GEOGCS["GCS_WGS_1984",DATUM["D_WGS_1984",SPHEROID["WGS_1984",6378137.0,298.257223563]],PRIMEM["Greenwich",0.0],UNIT["Degree",0.0174532925199433]],PROJECTION["Mercator_Auxiliary_Sphere"],PARAMETER["False_Easting",0.0],PARAMETER["False_Northing",0.0],PARAMETER["Central_Meridian",0.0],PARAMETER["Standard_Parallel_1",0.0],PARAMETER["Auxiliary_Sphere_Type",0.0],UNIT["Meter",1.0]]'
2014-09-23 19:59:07|   3.0|  0.0|INFORM|Reading table/feature class 'Floor_Poly'
2014-09-23 19:59:07|   3.0|  0.0|INFORM|FME Configuration: Source coordinate system for reader GEODATABASE_SDE_2[GEODATABASE_SDE] set to `_SPHERICAL_MERCATOR_0' as read from input data
2014-09-23 19:59:07|   3.0|  0.0|INFORM|Coordinate System `_SPHERICAL_MERCATOR_0' parameters: CS_NAME=`_SPHERICAL_MERCATOR_0' DESC_NM=`Spherical Mercator' DT_NAME=`WGS84_SPHERICAL' ESRI_WKT=`PROJCS["WGS_1984_Web_Mercator_Auxiliary_Sphere",GEOGCS["GCS_WGS_1984",DATUM["D_WGS_1984",SPHEROID["WGS_1984",6378137.0,298.257223563]],PRIMEM["Greenwich",0.0],UNIT["Degree",0.0174532925199433]],PROJECTION["Mercator_Auxiliary_Sphere"],PARAMETER["False_Easting",0.0],PARAMETER["False_Northing",0.0],PARAMETER["Central_Meridian",0.0],PARAMETER["Standard_Parallel_1",0.0],PARAMETER["Auxiliary_Sphere_Type",0.0],UNIT["Meter",1.0]]' GROUP=`WORLD' MAP_SCL=`1' MAX_LAT=`85' MAX_LNG=`180' MIN_LAT=`-85' MIN_LNG=`-180' PROJ=`MRCAT' QUAD=`1' SCL_RED=`1' SOURCE=`Safe Software' UNIT=`METER' 
2014-09-23 19:59:07|   3.1|  0.1|INFORM|Reading table/feature class 'Building_Outline_Point'
2014-09-23 19:59:07|   3.2|  0.0|INFORM|Reading table/feature class 'FloorplanLine'
2014-09-23 19:59:09|   4.4|  1.3|INFORM|Reading source feature # 2500
2014-09-23 19:59:09|   4.8|  0.4|INFORM|Reading table/feature class 'InteriorSpace'
2014-09-23 19:59:09|   4.9|  0.0|INFORM|Trying to find a DYNAMIC plugin for reader named `GEODATABASE_SDE'
2014-09-23 19:59:09|   4.9|  0.0|INFORM|FME API version of module 'GEODATABASE_SDE' matches current internal version (3.7 20140327)
2014-09-23 19:59:09|   4.9|  0.0|INFORM|gzTiltRooms_FloorsReader(QueryFactory): Performing query against GEODATABASE_SDE dataset `sde'
2014-09-23 19:59:09|   4.9|  0.0|INFORM|Trying to find a DYNAMIC plugin for reader named `GEODATABASE_SDE'
2014-09-23 19:59:09|   4.9|  0.0|INFORM|FME API version of module 'GEODATABASE_SDE' matches current internal version (3.7 20140327)
2014-09-23 19:59:09|   4.9|  0.0|INFORM|Opening the Geodatabase reader
2014-09-23 19:59:09|   4.9|  0.0|INFORM|An ArcGIS license is already checked out. The product checked out is 'Advanced'
2014-09-23 19:59:09|   4.9|  0.0|INFORM|Installed ArcGIS version is '10.1'
2014-09-23 19:59:10|   4.9|  0.1|INFORM|Connection made to server 'prawn' for dataset 'UW' (transactional version 'dbo.DEFAULT') using Operating System's current user
2014-09-23 19:59:10|   4.9|  0.0|INFORM|ArcSDE release: '10.0'. Underlying database: 'SQL Server'
2014-09-23 19:59:10|   4.9|  0.0|INFORM|R_2 Reader: Using Enhanced geometry
2014-09-23 19:59:10|   4.9|  0.0|INFORM|Using WHERE clause 'buildingid=buildingid'
2014-09-23 19:59:10|   4.9|  0.0|INFORM|All network information will be ignored. As a result, edges will be treated as polyline features and junctions will be treated as point features
2014-09-23 19:59:10|   4.9|  0.0|INFORM|All relationship information will be ignored. As a result, simple relationships will not be read, and attributed relationships will be read as tables
2014-09-23 19:59:10|   4.9|  0.0|INFORM|Reading table/feature class 'Active_Floor'
2014-09-23 19:59:10|   5.0|  0.0|INFORM|Trying to find a DYNAMIC plugin for reader named `GEODATABASE_SDE'
2014-09-23 19:59:10|   5.0|  0.0|INFORM|FME API version of module 'GEODATABASE_SDE' matches current internal version (3.7 20140327)
2014-09-23 19:59:10|   5.0|  0.0|INFORM|gzTiltRooms_BldgReader(QueryFactory): Performing query against GEODATABASE_SDE dataset `sde'
2014-09-23 19:59:10|   5.0|  0.0|INFORM|Trying to find a DYNAMIC plugin for reader named `GEODATABASE_SDE'
2014-09-23 19:59:10|   5.0|  0.0|INFORM|FME API version of module 'GEODATABASE_SDE' matches current internal version (3.7 20140327)
2014-09-23 19:59:10|   5.0|  0.0|INFORM|Opening the Geodatabase reader
2014-09-23 19:59:10|   5.0|  0.0|INFORM|An ArcGIS license is already checked out. The product checked out is 'Advanced'
2014-09-23 19:59:10|   5.0|  0.0|INFORM|Installed ArcGIS version is '10.1'
2014-09-23 19:59:10|   5.0|  0.0|INFORM|Connection made to server 'prawn' for dataset 'UW' (transactional version 'dbo.DEFAULT') using Operating System's current user
2014-09-23 19:59:10|   5.0|  0.0|INFORM|ArcSDE release: '10.0'. Underlying database: 'SQL Server'
2014-09-23 19:59:10|   5.0|  0.0|INFORM|R_4 Reader: Using Enhanced geometry
2014-09-23 19:59:10|   5.0|  0.0|INFORM|Using WHERE clause 'buildingid=buildingid'
2014-09-23 19:59:10|   5.0|  0.0|INFORM|All network information will be ignored. As a result, edges will be treated as polyline features and junctions will be treated as point features
2014-09-23 19:59:10|   5.0|  0.0|INFORM|All relationship information will be ignored. As a result, simple relationships will not be read, and attributed relationships will be read as tables
2014-09-23 19:59:11|   5.0|  0.1|INFORM|Reading table/feature class 'Building_Outline_Tilt'
2014-09-23 19:59:11|   5.0|  0.0|INFORM|FME Configuration: Source coordinate system for reader R_4[GEODATABASE_SDE] set to `_SPHERICAL_MERCATOR_0' as read from input data
2014-09-23 19:59:11|   5.0|  0.0|INFORM|Coordinate System `_SPHERICAL_MERCATOR_0' parameters: CS_NAME=`_SPHERICAL_MERCATOR_0' DESC_NM=`Spherical Mercator' DT_NAME=`WGS84_SPHERICAL' ESRI_WKT=`PROJCS["WGS_1984_Web_Mercator_Auxiliary_Sphere",GEOGCS["GCS_WGS_1984",DATUM["D_WGS_1984",SPHEROID["WGS_1984",6378137.0,298.257223563]],PRIMEM["Greenwich",0.0],UNIT["Degree",0.0174532925199433]],PROJECTION["Mercator_Auxiliary_Sphere"],PARAMETER["False_Easting",0.0],PARAMETER["False_Northing",0.0],PARAMETER["Central_Meridian",0.0],PARAMETER["Standard_Parallel_1",0.0],PARAMETER["Auxiliary_Sphere_Type",0.0],UNIT["Meter",1.0]]' GROUP=`WORLD' MAP_SCL=`1' MAX_LAT=`85' MAX_LNG=`180' MIN_LAT=`-85' MIN_LNG=`-180' PROJ=`MRCAT' QUAD=`1' SCL_RED=`1' SOURCE=`Safe Software' UNIT=`METER' 
2014-09-23 19:59:11|   5.0|  0.0|INFORM|gz starting fieldCalculator, fme Folder=
2014-09-23 19:59:11|   5.1|  0.0|INFORM|gz len(valueMaps)=0
2014-09-23 19:59:11|   5.1|  0.0|INFORM|gz len(datasets)=6
2014-09-23 19:59:11|   5.1|  0.0|INFORM|Closing the Geodatabase reader
2014-09-23 19:59:11|   5.1|  0.0|INFORM|MULTI_READER(MULTI_READER): Done reading 3214 features from 2 readers
2014-09-23 19:59:11|   5.1|  0.0|INFORM|Emptying factory pipeline
2014-09-23 19:59:11|   5.1|  0.0|STATS |GEODATABASE_SDE_2 Merger(TeeFactory): Cloned 3214 input feature(s) into 3214 output feature(s)
2014-09-23 19:59:11|   5.1|  0.0|STATS |Unexpected Input Remover(TestFactory): Tested 3214 input feature(s) -- 3214 feature(s) passed and 0 feature(s) failed
2014-09-23 19:59:11|   5.1|  0.0|STATS |Source -> Generic(TeeFactory): Cloned 3214 input feature(s) into 3214 output feature(s)
2014-09-23 19:59:11|   5.1|  0.0|STATS |AttributeExposer_2(TeeFactory): Cloned 3214 input feature(s) into 3214 output feature(s)
2014-09-23 19:59:11|   5.1|  0.0|STATS |TestIDs(TestFactory): Tested 3214 input feature(s) -- 3214 feature(s) passed and 0 feature(s) failed
2014-09-23 19:59:11|   5.1|  0.0|STATS |AttributeCopier(TeeFactory): Cloned 3214 input feature(s) into 3214 output feature(s)
2014-09-23 19:59:11|   5.1|  0.0|STATS |TestFeatureTypes(TestFactory): Tested 3214 input feature(s) -- 3214 feature(s) passed and 0 feature(s) failed
2014-09-23 19:59:11|   5.1|  0.0|STATS |TestFLOORID(TestFactory): Tested 3214 input feature(s) -- 3213 feature(s) passed and 1 feature(s) failed
2014-09-23 19:59:11|   5.1|  0.0|STATS |TestFilter(TeeFactory): Cloned 3213 input feature(s) into 3213 output feature(s)
2014-09-23 19:59:11|   5.1|  0.0|STATS |TestFilter_TestFactory_0(TestFactory): Tested 3213 input feature(s) -- 3151 feature(s) passed and 62 feature(s) failed
2014-09-23 19:59:11|   5.1|  0.0|STATS |TestFilter_TestFactory_1(TestFactory): Tested 62 input feature(s) -- 61 feature(s) passed and 1 feature(s) failed
2014-09-23 19:59:11|   5.1|  0.0|STATS |TestFilter_TestFactory_2(TestFactory): Tested 1 input feature(s) -- 0 feature(s) passed and 1 feature(s) failed
2014-09-23 19:59:11|   5.1|  0.0|STATS |TestFilter_<lt>UNFILTERED<gt>(TeeFactory): Cloned 1 input feature(s) into 1 output feature(s)
2014-09-23 19:59:11|   5.1|  0.0|STATS |TestFilter FloorplanLine Splitter(TeeFactory): Cloned 3151 input feature(s) into 6302 output feature(s)
2014-09-23 19:59:11|   5.1|  0.0|STATS |TestFilter InteriorSpace Splitter(TeeFactory): Cloned 61 input feature(s) into 183 output feature(s)
2014-09-23 19:59:11|   5.1|  0.0|STATS |TestFilter <lt>UNFILTERED<gt> Output Nuker(TeeFactory): Cloned 1 input feature(s) into 0 output feature(s)
2014-09-23 19:59:11|   5.1|  0.0|STATS |InsidePointReplacer_generator(TeeFactory): Cloned 61 input feature(s) into 61 output feature(s)
2014-09-23 19:59:11|   5.1|  0.0|STATS |InsidePointReplacer_router(TestFactory): Tested 61 input feature(s) -- 0 feature(s) passed and 61 feature(s) failed
2014-09-23 19:59:11|   5.1|  0.0|STATS |gzTiltRooms INPUT Input Collector(TeeFactory): Cloned 61 input feature(s) into 61 output feature(s)
2014-09-23 19:59:11|   5.1|  0.0|STATS |gzTiltRooms_INPUT1411515884 Input Splitter(TeeFactory): Cloned 61 input feature(s) into 122 output feature(s)
2014-09-23 19:59:11|   5.1|  0.0|STATS |gzTiltRooms_DuplicateRemover_2(TestFactory): Tested 61 input feature(s) -- 60 feature(s) passed and 1 feature(s) failed
2014-09-23 19:59:11|   5.1|  0.0|STATS |gzTiltRooms_DuplicateRemover_2 UNIQUE Splitter(TeeFactory): Cloned 1 input feature(s) into 2 output feature(s)
2014-09-23 19:59:11|   5.1|  0.0|STATS |gzTiltRooms_FloorsReader_GeometryRemover(TeeFactory): Cloned 1 input feature(s) into 1 output feature(s)
2014-09-23 19:59:11|   5.1|  0.0|INFORM|Closing the Geodatabase reader
2014-09-23 19:59:11|   5.1|  0.0|STATS |gzTiltRooms_FloorsReader <OTHER> Output Nuker(TeeFactory): Cloned 0 input feature(s) into 0 output feature(s)
2014-09-23 19:59:11|   5.1|  0.0|STATS |gzTiltRooms_FloorsReader INITIATOR Output Nuker(TeeFactory): Cloned 1 input feature(s) into 0 output feature(s)
2014-09-23 19:59:11|   5.1|  0.0|STATS |gzTiltRooms_BulkAttributeRenamer_2(TeeFactory): Cloned 14 input feature(s) into 14 output feature(s)
2014-09-23 19:59:11|   5.1|  0.0|STATS |gzTiltRooms_AttributeCopier_3(TeeFactory): Cloned 14 input feature(s) into 14 output feature(s)
2014-09-23 19:59:11|   5.1|  0.0|STATS |gzTiltRooms_BldgReader_GeometryRemover(TeeFactory): Cloned 1 input feature(s) into 1 output feature(s)
2014-09-23 19:59:11|   5.1|  0.0|INFORM|Closing the Geodatabase reader
2014-09-23 19:59:12|   5.1|  0.0|STATS |gzTiltRooms_BldgReader <OTHER> Output Nuker(TeeFactory): Cloned 0 input feature(s) into 0 output feature(s)
2014-09-23 19:59:12|   5.1|  0.0|STATS |gzTiltRooms_BldgReader INITIATOR Output Nuker(TeeFactory): Cloned 1 input feature(s) into 0 output feature(s)
2014-09-23 19:59:12|   5.1|  0.0|STATS |gzTiltRooms_BulkAttributeRenamer(TeeFactory): Cloned 1 input feature(s) into 1 output feature(s)
2014-09-23 19:59:12|   5.1|  0.0|STATS |gzTiltRooms_BoundsExtractor_2(TeeFactory): Cloned 1 input feature(s) into 1 output feature(s)
2014-09-23 19:59:12|   5.1|  0.0|STATS |gzTiltRooms_FeatureMerger_2(ReferenceFactory): Total Results: 61 Complete Feature(s), 0 Incomplete Feature(s), 1 Referenced Feature(s), 0 Unreferenced Feature(s), 0 Referencer Feature(s) (NO REFERENCES), 0 Referencee Feature(s) (NO Referencee fields defined), and 0 Duplicate Referencee Feature(s)
2014-09-23 19:59:12|   5.4|  0.3|STATS |gzTiltRooms_FeatureMerger_3(ReferenceFactory): Total Results: 61 Complete Feature(s), 0 Incomplete Feature(s), 1 Referenced Feature(s), 13 Unreferenced Feature(s), 0 Referencer Feature(s) (NO REFERENCES), 0 Referencee Feature(s) (NO Referencee fields defined), and 0 Duplicate Referencee Feature(s)
2014-09-23 19:59:12|   5.4|  0.0|STATS |gzTiltRooms_ExpressionEvaluator_2(TeeFactory): Cloned 61 input feature(s) into 61 output feature(s)
2014-09-23 19:59:12|   5.4|  0.0|STATS |gzTiltRooms_Rotator(TeeFactory): Cloned 61 input feature(s) into 61 output feature(s)
2014-09-23 19:59:12|   5.4|  0.0|STATS |gzTiltRooms_Y_Base(TeeFactory): Cloned 61 input feature(s) into 61 output feature(s)
2014-09-23 19:59:12|   5.4|  0.0|STATS |gzTiltRooms_tilt_Space(TeeFactory): Cloned 61 input feature(s) into 61 output feature(s)
2014-09-23 19:59:12|   5.4|  0.0|STATS |gzTiltRooms_Chopper_Areas(ChoppingFactory): Processed 61 input feature(s), of which 61 feature(s) were chopped up into 828 piece(s)
2014-09-23 19:59:12|   5.4|  0.0|STATS |gzTiltRooms_CoordinateExtractor(TestFactory): Tested 828 input feature(s) -- 828 feature(s) passed and 0 feature(s) failed
2014-09-23 19:59:12|   5.4|  0.0|STATS |gzTiltRooms_tilt_y(TeeFactory): Cloned 828 input feature(s) into 828 output feature(s)
2014-09-23 19:59:12|   5.4|  0.0|STATS |gzTiltRooms_2DPointReplacer(TestFactory): Tested 828 input feature(s) -- 0 feature(s) passed and 828 feature(s) failed
2014-09-23 19:59:12|   5.4|  0.0|STATS |gzTiltRooms_PointConnector(ConnectionFactory): Processed 828 input feature(s). Output 61 feature(s) consisting of 61 polygonal feature(s), 0 linear feature(s), and 0 point feature(s)
2014-09-23 19:59:12|   5.4|  0.0|STATS |gzTiltRooms_GeometryCoercer_2_Renamer(TeeFactory): Cloned 61 input feature(s) into 61 output feature(s)
2014-09-23 19:59:12|   5.4|  0.0|STATS |gzTiltRooms_SelfIntersectChecker_2 Input Input Collector(TeeFactory): Cloned 61 input feature(s) into 61 output feature(s)
2014-09-23 19:59:12|   5.4|  0.0|STATS |gzTiltRooms_SelfIntersectChecker_2_Input1411515884 Input Splitter(TeeFactory): Cloned 61 input feature(s) into 61 output feature(s)
2014-09-23 19:59:12|   5.4|  0.0|STATS |gzTiltRooms_SelfIntersectChecker_2_PartCounter(TeeFactory): Cloned 61 input feature(s) into 61 output feature(s)
2014-09-23 19:59:12|   5.4|  0.0|STATS |gzTiltRooms_SelfIntersectChecker_2_COUNTER(TeeFactory): Cloned 61 input feature(s) into 61 output feature(s)
2014-09-23 19:59:12|   5.4|  0.0|STATS |gzTiltRooms_SelfIntersectChecker_2_GeometryExtractor(TeeFactory): Cloned 61 input feature(s) into 61 output feature(s)
2014-09-23 19:59:12|   5.4|  0.0|STATS |gzTiltRooms_SelfIntersectChecker_2_SelfIntersector(IntersectionFactory): Processed 61 input feature(s) in COMPLETE mode, resulting in 61 segment(s) and 0 point(s) output (0 overlapping segment(s) merged)
2014-09-23 19:59:12|   5.4|  0.0|STATS |gzTiltRooms_SelfIntersectChecker_2_DuplicateRemover(TestFactory): Tested 61 input feature(s) -- 0 feature(s) passed and 61 feature(s) failed
2014-09-23 19:59:12|   5.4|  0.0|STATS |gzTiltRooms_SelfIntersectChecker_2_TESTER(TestFactory): Tested 61 input feature(s) -- 0 feature(s) passed and 61 feature(s) failed
2014-09-23 19:59:12|   5.4|  0.0|STATS |gzTiltRooms_SelfIntersectChecker_2_PartCounter_2(TeeFactory): Cloned 61 input feature(s) into 61 output feature(s)
2014-09-23 19:59:12|   5.4|  0.0|STATS |gzTiltRooms_SelfIntersectChecker_2_TESTER_2(TestFactory): Tested 61 input feature(s) -- 61 feature(s) passed and 0 feature(s) failed
2014-09-23 19:59:12|   5.4|  0.0|STATS |gzTiltRooms_SelfIntersectChecker_2_ATTRIBUTEREMOVER(TeeFactory): Cloned 61 input feature(s) into 61 output feature(s)
2014-09-23 19:59:12|   5.4|  0.0|STATS |gzTiltRooms_SelfIntersectChecker_2_GeometryReplacer(TeeFactory): Cloned 0 input feature(s) into 0 output feature(s)
2014-09-23 19:59:12|   5.4|  0.0|STATS |gzTiltRooms_SelfIntersectChecker_2_ATTRIBUTEREMOVER_2(TeeFactory): Cloned 0 input feature(s) into 0 output feature(s)
2014-09-23 19:59:12|   5.4|  0.0|STATS |gzTiltRooms_SelfIntersectChecker_2_NotSelfIntersecting1411515884 Output Collector(TeeFactory): Cloned 61 input feature(s) into 61 output feature(s)
2014-09-23 19:59:12|   5.4|  0.0|STATS |gzTiltRooms_SelfIntersectChecker_2_SelfIntersecting1411515884 Output Collector(TeeFactory): Cloned 0 input feature(s) into 0 output feature(s)
2014-09-23 19:59:12|   5.4|  0.0|STATS |gzTiltRooms_SelfIntersectChecker_2 NotSelfIntersecting Output Renamer/Nuker(TeeFactory): Cloned 61 input feature(s) into 61 output feature(s)
2014-09-23 19:59:12|   5.4|  0.0|STATS |gzTiltRooms_SelfIntersectChecker_2 SelfIntersecting Output Renamer/Nuker(TeeFactory): Cloned 0 input feature(s) into 0 output feature(s)
2014-09-23 19:59:12|   5.4|  0.0|STATS |gzTiltRooms_Logger_SelfIntersecting_Logger(TeeFactory): Cloned 0 input feature(s) into 0 output feature(s)
2014-09-23 19:59:12|   5.4|  0.0|STATS |gzTiltRooms_Logger_SelfIntersecting LOGGED Output Nuker(TeeFactory): Cloned 0 input feature(s) into 0 output feature(s)
2014-09-23 19:59:12|   5.4|  0.0|STATS |gzTiltRooms_OUTPUT1411515884 Output Collector(TeeFactory): Cloned 61 input feature(s) into 61 output feature(s)
2014-09-23 19:59:12|   5.4|  0.0|STATS |gzTiltRooms OUTPUT Output Renamer/Nuker(TeeFactory): Cloned 61 input feature(s) into 61 output feature(s)
2014-09-23 19:59:12|   5.4|  0.0|STATS |gzFixIntersections INPUT Input Collector(TeeFactory): Cloned 61 input feature(s) into 61 output feature(s)
2014-09-23 19:59:12|   5.4|  0.0|STATS |gzFixIntersections_INPUT1411515884 Input Splitter(TeeFactory): Cloned 61 input feature(s) into 61 output feature(s)
2014-09-23 19:59:12|   5.4|  0.0|STATS |gzFixIntersections_AttributeExposer(TeeFactory): Cloned 61 input feature(s) into 61 output feature(s)
2014-09-23 19:59:12|   5.4|  0.0|STATS |gzFixIntersections_StringReplacer(TeeFactory): Cloned 61 input feature(s) into 61 output feature(s)
2014-09-23 19:59:12|   5.4|  0.0|STATS |gzFixIntersections_Tester(TestFactory): Tested 61 input feature(s) -- 61 feature(s) passed and 0 feature(s) failed
2014-09-23 19:59:12|   5.4|  0.0|STATS |gzFixIntersections_Generalizer_GeneralizeAll(TeeFactory): Cloned 61 input feature(s) into 61 output feature(s)
2014-09-23 19:59:12|   5.4|  0.0|STATS |gzFixIntersections_Generalizer_SendOut(TeeFactory): Cloned 61 input feature(s) into 61 output feature(s)
2014-09-23 19:59:12|   5.4|  0.0|STATS |gzFixIntersections_GeometryCoercer_2_Renamer(TeeFactory): Cloned 61 input feature(s) into 61 output feature(s)
2014-09-23 19:59:12|   5.4|  0.0|STATS |gzFixIntersections_SelfIntersectChecker_2 Input Input Collector(TeeFactory): Cloned 61 input feature(s) into 61 output feature(s)
2014-09-23 19:59:12|   5.4|  0.0|STATS |gzFixIntersections_SelfIntersectChecker_2_Input1411515884 Input Splitter(TeeFactory): Cloned 61 input feature(s) into 61 output feature(s)
2014-09-23 19:59:12|   5.4|  0.0|STATS |gzFixIntersections_SelfIntersectChecker_2_PartCounter(TeeFactory): Cloned 61 input feature(s) into 61 output feature(s)
2014-09-23 19:59:12|   5.4|  0.0|STATS |gzFixIntersections_SelfIntersectChecker_2_COUNTER(TeeFactory): Cloned 61 input feature(s) into 61 output feature(s)
2014-09-23 19:59:12|   5.4|  0.0|STATS |gzFixIntersections_SelfIntersectChecker_2_GeometryExtractor(TeeFactory): Cloned 61 input feature(s) into 61 output feature(s)
2014-09-23 19:59:12|   5.4|  0.0|STATS |gzFixIntersections_SelfIntersectChecker_2_SelfIntersector(IntersectionFactory): Processed 61 input feature(s) in COMPLETE mode, resulting in 61 segment(s) and 0 point(s) output (0 overlapping segment(s) merged)
2014-09-23 19:59:12|   5.4|  0.0|STATS |gzFixIntersections_SelfIntersectChecker_2_DuplicateRemover(TestFactory): Tested 61 input feature(s) -- 0 feature(s) passed and 61 feature(s) failed
2014-09-23 19:59:12|   5.4|  0.0|STATS |gzFixIntersections_SelfIntersectChecker_2_TESTER(TestFactory): Tested 61 input feature(s) -- 0 feature(s) passed and 61 feature(s) failed
2014-09-23 19:59:12|   5.4|  0.0|STATS |gzFixIntersections_SelfIntersectChecker_2_PartCounter_2(TeeFactory): Cloned 61 input feature(s) into 61 output feature(s)
2014-09-23 19:59:12|   5.4|  0.0|STATS |gzFixIntersections_SelfIntersectChecker_2_TESTER_2(TestFactory): Tested 61 input feature(s) -- 61 feature(s) passed and 0 feature(s) failed
2014-09-23 19:59:12|   5.4|  0.0|STATS |gzFixIntersections_SelfIntersectChecker_2_ATTRIBUTEREMOVER(TeeFactory): Cloned 61 input feature(s) into 61 output feature(s)
2014-09-23 19:59:12|   5.4|  0.0|STATS |gzFixIntersections_SelfIntersectChecker_2_GeometryReplacer(TeeFactory): Cloned 0 input feature(s) into 0 output feature(s)
2014-09-23 19:59:12|   5.4|  0.0|STATS |gzFixIntersections_SelfIntersectChecker_2_ATTRIBUTEREMOVER_2(TeeFactory): Cloned 0 input feature(s) into 0 output feature(s)
2014-09-23 19:59:12|   5.4|  0.0|STATS |gzFixIntersections_SelfIntersectChecker_2_NotSelfIntersecting1411515884 Output Collector(TeeFactory): Cloned 61 input feature(s) into 61 output feature(s)
2014-09-23 19:59:12|   5.4|  0.0|STATS |gzFixIntersections_SelfIntersectChecker_2_SelfIntersecting1411515884 Output Collector(TeeFactory): Cloned 0 input feature(s) into 0 output feature(s)
2014-09-23 19:59:12|   5.4|  0.0|STATS |gzFixIntersections_SelfIntersectChecker_2 NotSelfIntersecting Output Renamer/Nuker(TeeFactory): Cloned 61 input feature(s) into 61 output feature(s)
2014-09-23 19:59:12|   5.4|  0.0|STATS |gzFixIntersections_SelfIntersectChecker_2 SelfIntersecting Output Renamer/Nuker(TeeFactory): Cloned 0 input feature(s) into 0 output feature(s)
2014-09-23 19:59:12|   5.4|  0.0|STATS |gzFixIntersections_Logger_SelfIntersecting_Logger(TeeFactory): Cloned 0 input feature(s) into 0 output feature(s)
2014-09-23 19:59:12|   5.4|  0.0|STATS |gzFixIntersections_Logger_SelfIntersecting LOGGED Output Nuker(TeeFactory): Cloned 0 input feature(s) into 0 output feature(s)
2014-09-23 19:59:12|   5.4|  0.0|STATS |gzFixIntersections_OUTPUT1411515884 Output Collector(TeeFactory): Cloned 61 input feature(s) into 61 output feature(s)
2014-09-23 19:59:12|   5.4|  0.0|STATS |gzFixIntersections OUTPUT Output Renamer/Nuker(TeeFactory): Cloned 61 input feature(s) into 61 output feature(s)
2014-09-23 19:59:12|   5.4|  0.0|STATS |gseOutlineFloorPoint INPUT Input Collector(TeeFactory): Cloned 3212 input feature(s) into 3212 output feature(s)
2014-09-23 19:59:12|   5.4|  0.0|STATS |gseOutlineFloorPoint_INPUT1411515884 Input Splitter(TeeFactory): Cloned 3212 input feature(s) into 3212 output feature(s)
2014-09-23 19:59:12|   5.4|  0.0|STATS |gseOutlineFloorPoint_TestFilter(TeeFactory): Cloned 3212 input feature(s) into 3212 output feature(s)
2014-09-23 19:59:12|   5.4|  0.0|STATS |gseOutlineFloorPoint_TestFilter_TestFactory_0(TestFactory): Tested 3212 input feature(s) -- 3151 feature(s) passed and 61 feature(s) failed
2014-09-23 19:59:12|   5.4|  0.0|STATS |gseOutlineFloorPoint_TestFilter_TestFactory_1(TestFactory): Tested 61 input feature(s) -- 61 feature(s) passed and 0 feature(s) failed
2014-09-23 19:59:12|   5.4|  0.0|STATS |gseOutlineFloorPoint_TestFilter_TestFactory_2(TestFactory): Tested 0 input feature(s) -- 0 feature(s) passed and 0 feature(s) failed
2014-09-23 19:59:12|   5.4|  0.0|STATS |gseOutlineFloorPoint_TestFilter_<lt>UNFILTERED<gt>(TeeFactory): Cloned 0 input feature(s) into 0 output feature(s)
2014-09-23 19:59:12|   5.4|  0.0|STATS |gseOutlineFloorPoint_TestFilter Floor_Area Splitter(TeeFactory): Cloned 0 input feature(s) into 0 output feature(s)
2014-09-23 19:59:12|   5.4|  0.0|STATS |gseOutlineFloorPoint_TestFilter <lt>UNFILTERED<gt> Output Nuker(TeeFactory): Cloned 0 input feature(s) into 0 output feature(s)
2014-09-23 19:59:12|   5.4|  0.0|STATS |gseOutlineFloorPoint_FeatureReader_4_GeometryRemover(TeeFactory): Cloned 0 input feature(s) into 0 output feature(s)
2014-09-23 19:59:12|   5.4|  0.0|STATS |gseOutlineFloorPoint_FeatureReader_4 <OTHER> Output Nuker(TeeFactory): Cloned 0 input feature(s) into 0 output feature(s)
2014-09-23 19:59:12|   5.4|  0.0|STATS |gseOutlineFloorPoint_FeatureReader_4 INITIATOR Output Nuker(TeeFactory): Cloned 0 input feature(s) into 0 output feature(s)
2014-09-23 19:59:12|   5.4|  0.0|STATS |gseOutlineFloorPoint_BulkAttributeRenamer_2(TeeFactory): Cloned 0 input feature(s) into 0 output feature(s)
2014-09-23 19:59:12|   5.4|  0.0|STATS |gseOutlineFloorPoint_FeatureReader_3_GeometryRemover(TeeFactory): Cloned 0 input feature(s) into 0 output feature(s)
2014-09-23 19:59:12|   5.4|  0.0|STATS |gseOutlineFloorPoint_FeatureReader_3 <OTHER> Output Nuker(TeeFactory): Cloned 0 input feature(s) into 0 output feature(s)
2014-09-23 19:59:12|   5.4|  0.0|STATS |gseOutlineFloorPoint_FeatureReader_3 INITIATOR Output Nuker(TeeFactory): Cloned 0 input feature(s) into 0 output feature(s)
2014-09-23 19:59:12|   5.4|  0.0|STATS |gseOutlineFloorPoint_GeometryExtractor(TeeFactory): Cloned 0 input feature(s) into 0 output feature(s)
2014-09-23 19:59:12|   5.4|  0.0|STATS |gseOutlineFloorPoint_BulkAttributeRenamer_4(TeeFactory): Cloned 0 input feature(s) into 0 output feature(s)
2014-09-23 19:59:12|   5.4|  0.0|STATS |gseOutlineFloorPoint_BulkAttributeRenamer_3(TeeFactory): Cloned 0 input feature(s) into 0 output feature(s)
2014-09-23 19:59:12|   5.4|  0.0|STATS |gseOutlineFloorPoint_StatisticsCalculator_3_InputProcessor(TeeFactory): Cloned 0 input feature(s) into 0 output feature(s)
2014-09-23 19:59:12|   5.4|  0.0|STATS |gseOutlineFloorPoint_StatisticsCalculator_3_UnneededInputNuker(TeeFactory): Cloned 0 input feature(s) into 0 output feature(s)
2014-09-23 19:59:12|   5.4|  0.0|STATS |gseOutlineFloorPoint_StatisticsCalculator_3_CompleteOutputter(SortFactory): Output 0 feature(s) without doing any sorting
2014-09-23 19:59:12|   5.4|  0.0|STATS |gseOutlineFloorPoint_StatisticsCalculator_3_SummaryCreator(CreationFactory): Created 1 features
2014-09-23 19:59:12|   5.4|  0.0|STATS |gseOutlineFloorPoint_StatisticsCalculator_3_SummaryExploder(ElementFactory): Split out 0 list elements from 1 input features, using mode LEAN_AND_MEAN
2014-09-23 19:59:12|   5.4|  0.0|STATS |gseOutlineFloorPoint_FeatureReader_2_GeometryRemover(TeeFactory): Cloned 0 input feature(s) into 0 output feature(s)
2014-09-23 19:59:12|   5.4|  0.0|STATS |gseOutlineFloorPoint_FeatureReader_2 <OTHER> Output Nuker(TeeFactory): Cloned 0 input feature(s) into 0 output feature(s)
2014-09-23 19:59:12|   5.4|  0.0|STATS |gseOutlineFloorPoint_FeatureReader_2 INITIATOR Output Nuker(TeeFactory): Cloned 0 input feature(s) into 0 output feature(s)
2014-09-23 19:59:12|   5.4|  0.0|STATS |gseOutlineFloorPoint_BulkAttributeRenamer(TeeFactory): Cloned 0 input feature(s) into 0 output feature(s)
2014-09-23 19:59:12|   5.4|  0.0|STATS |gseOutlineFloorPoint_FeatureMerger_3(ReferenceFactory): Total Results: 0 Complete Feature(s), 0 Incomplete Feature(s), 0 Referenced Feature(s), 0 Unreferenced Feature(s), 0 Referencer Feature(s) (NO REFERENCES), 0 Referencee Feature(s) (NO Referencee fields defined), and 0 Duplicate Referencee Feature(s)
2014-09-23 19:59:12|   5.4|  0.0|STATS |gseOutlineFloorPoint_FeatureMerger(ReferenceFactory): Total Results: 0 Complete Feature(s), 0 Incomplete Feature(s), 0 Referenced Feature(s), 0 Unreferenced Feature(s), 0 Referencer Feature(s) (NO REFERENCES), 0 Referencee Feature(s) (NO Referencee fields defined), and 0 Duplicate Referencee Feature(s)
2014-09-23 19:59:12|   5.4|  0.0|STATS |gseOutlineFloorPoint_FeatureMerger_7(ReferenceFactory): Total Results: 0 Complete Feature(s), 0 Incomplete Feature(s), 0 Referenced Feature(s), 0 Unreferenced Feature(s), 0 Referencer Feature(s) (NO REFERENCES), 0 Referencee Feature(s) (NO Referencee fields defined), and 0 Duplicate Referencee Feature(s)
2014-09-23 19:59:12|   5.4|  0.0|STATS |gseOutlineFloorPoint_FeatureMerger_2(ReferenceFactory): Total Results: 0 Complete Feature(s), 0 Incomplete Feature(s), 0 Referenced Feature(s), 0 Unreferenced Feature(s), 0 Referencer Feature(s) (NO REFERENCES), 0 Referencee Feature(s) (NO Referencee fields defined), and 0 Duplicate Referencee Feature(s)
2014-09-23 19:59:12|   5.4|  0.0|STATS |gseOutlineFloorPoint_StatisticsCalculator_2_InputProcessor(TeeFactory): Cloned 61 input feature(s) into 61 output feature(s)
2014-09-23 19:59:12|   5.4|  0.0|STATS |gseOutlineFloorPoint_StatisticsCalculator_2_UnneededInputNuker(TeeFactory): Cloned 61 input feature(s) into 0 output feature(s)
2014-09-23 19:59:12|   5.4|  0.0|STATS |gseOutlineFloorPoint_StatisticsCalculator_2_CompleteOutputter(SortFactory): Output 0 feature(s) without doing any sorting
2014-09-23 19:59:12|   5.4|  0.0|STATS |gseOutlineFloorPoint_StatisticsCalculator_2_SummaryCreator(CreationFactory): Created 1 features
2014-09-23 19:59:12|   5.4|  0.0|STATS |gseOutlineFloorPoint_StatisticsCalculator_2_SummaryExploder(ElementFactory): Split out 1 list elements from 1 input features, using mode LEAN_AND_MEAN
2014-09-23 19:59:12|   5.4|  0.0|STATS |gseOutlineFloorPoint_AttributeCreator_3 OUTPUT Splitter(TeeFactory): Cloned 1 input feature(s) into 2 output feature(s)
2014-09-23 19:59:12|   5.4|  0.0|STATS |gseOutlineFloorPoint_StatisticsCalculator_InputProcessor(TeeFactory): Cloned 3151 input feature(s) into 3151 output feature(s)
2014-09-23 19:59:12|   5.4|  0.0|STATS |gseOutlineFloorPoint_StatisticsCalculator_UnneededInputNuker(TeeFactory): Cloned 3151 input feature(s) into 0 output feature(s)
2014-09-23 19:59:12|   5.4|  0.0|STATS |gseOutlineFloorPoint_StatisticsCalculator_CompleteOutputter(SortFactory): Output 0 feature(s) without doing any sorting
2014-09-23 19:59:12|   5.4|  0.0|STATS |gseOutlineFloorPoint_StatisticsCalculator_SummaryCreator(CreationFactory): Created 1 features
2014-09-23 19:59:12|   5.4|  0.0|STATS |gseOutlineFloorPoint_StatisticsCalculator_SummaryExploder(ElementFactory): Split out 1 list elements from 1 input features, using mode LEAN_AND_MEAN
2014-09-23 19:59:12|   5.4|  0.0|STATS |gseOutlineFloorPoint_FeatureMerger_6(ReferenceFactory): Total Results: 1 Complete Feature(s), 0 Incomplete Feature(s), 1 Referenced Feature(s), 0 Unreferenced Feature(s), 0 Referencer Feature(s) (NO REFERENCES), 0 Referencee Feature(s) (NO Referencee fields defined), and 0 Duplicate Referencee Feature(s)
2014-09-23 19:59:12|   5.4|  0.0|STATS |gseOutlineFloorPoint_FeatureMerger_5(ReferenceFactory): Total Results: 0 Complete Feature(s), 2 Incomplete Feature(s), 0 Referenced Feature(s), 0 Unreferenced Feature(s), 0 Referencer Feature(s) (NO REFERENCES), 0 Referencee Feature(s) (NO Referencee fields defined), and 0 Duplicate Referencee Feature(s)
2014-09-23 19:59:12|   5.4|  0.0|STATS |gseOutlineFloorPoint_FeatureMerger_4(ReferenceFactory): Total Results: 0 Complete Feature(s), 0 Incomplete Feature(s), 0 Referenced Feature(s), 1 Unreferenced Feature(s), 0 Referencer Feature(s) (NO REFERENCES), 0 Referencee Feature(s) (NO Referencee fields defined), and 1 Duplicate Referencee Feature(s)
2014-09-23 19:59:12|   5.4|  0.0|STATS |gseOutlineFloorPoint_GeometryReplacer(TeeFactory): Cloned 0 input feature(s) into 0 output feature(s)
2014-09-23 19:59:12|   5.4|  0.0|STATS |gseOutlineFloorPoint_OUTPUT1411515884 Output Collector(TeeFactory): Cloned 0 input feature(s) into 0 output feature(s)
2014-09-23 19:59:12|   5.4|  0.0|STATS |gseOutlineFloorPoint OUTPUT Output Renamer/Nuker(TeeFactory): Cloned 0 input feature(s) into 0 output feature(s)
2014-09-23 19:59:12|   5.4|  0.0|STATS |gzAggregateLines INPUT Input Collector(TeeFactory): Cloned 3151 input feature(s) into 3151 output feature(s)
2014-09-23 19:59:12|   5.4|  0.0|STATS |gzAggregateLines_INPUT1411515884 Input Splitter(TeeFactory): Cloned 3151 input feature(s) into 3151 output feature(s)
2014-09-23 19:59:12|   5.4|  0.0|STATS |gzAggregateLines_CoordinateCounter(TeeFactory): Cloned 3151 input feature(s) into 3151 output feature(s)
2014-09-23 19:59:12|   5.4|  0.0|STATS |gzAggregateLines_LengthCalculator_2(TeeFactory): Cloned 3151 input feature(s) into 3151 output feature(s)
2014-09-23 19:59:12|   5.4|  0.0|STATS |gzAggregateLines_TestFilter_6(TeeFactory): Cloned 3151 input feature(s) into 3151 output feature(s)
2014-09-23 19:59:12|   5.4|  0.0|STATS |gzAggregateLines_TestFilter_6_TestFactory_0(TestFactory): Tested 3151 input feature(s) -- 3151 feature(s) passed and 0 feature(s) failed
2014-09-23 19:59:12|   5.4|  0.0|STATS |gzAggregateLines_TestFilter_6_<lt>UNFILTERED<gt>(TeeFactory): Cloned 0 input feature(s) into 0 output feature(s)
2014-09-23 19:59:12|   5.4|  0.0|STATS |gzAggregateLines_TestFilter_6 <lt>UNFILTERED<gt> Output Nuker(TeeFactory): Cloned 0 input feature(s) into 0 output feature(s)
2014-09-23 19:59:12|   5.4|  0.0|STATS |gzAggregateLines_GeometryCoercer_2_Renamer(TeeFactory): Cloned 3151 input feature(s) into 3151 output feature(s)
2014-09-23 19:59:12|   5.4|  0.0|STATS |gzAggregateLines_GeometryFilter_InputPassThrough(TeeFactory): Cloned 3151 input feature(s) into 3151 output feature(s)
2014-09-23 19:59:12|   5.4|  0.0|STATS |gzAggregateLines_GeometryFilter_InstanceTest(TestFactory): Tested 3151 input feature(s) -- 0 feature(s) passed and 3151 feature(s) failed
2014-09-23 19:59:12|   5.4|  0.0|STATS |gzAggregateLines_GeometryFilter_RouterPrepper(TeeFactory): Cloned 3151 input feature(s) into 3151 output feature(s)
2014-09-23 19:59:12|   5.4|  0.0|STATS |gzAggregateLines_GeometryFilter_Router(TestFactory): Tested 3151 input feature(s) -- 3151 feature(s) passed and 0 feature(s) failed
2014-09-23 19:59:12|   5.4|  0.0|STATS |gzAggregateLines_SelfIntersector(IntersectionFactory): Processed 3151 input feature(s) in COMPLETE mode, resulting in 3157 segment(s) and 0 point(s) output (0 overlapping segment(s) merged)
2014-09-23 19:59:12|   5.4|  0.0|STATS |gzAggregateLines_GeometryCoercer_Renamer(TeeFactory): Cloned 3157 input feature(s) into 3157 output feature(s)
2014-09-23 19:59:12|   5.4|  0.0|STATS |gzAggregateLines_LengthCalculator(TeeFactory): Cloned 3157 input feature(s) into 3157 output feature(s)
2014-09-23 19:59:12|   5.4|  0.0|STATS |gzAggregateLines_Tester(TestFactory): Tested 3157 input feature(s) -- 2954 feature(s) passed and 203 feature(s) failed
2014-09-23 19:59:12|   5.4|  0.0|STATS |gzAggregateLines_GeometryFilter_2_InputPassThrough(TeeFactory): Cloned 2954 input feature(s) into 2954 output feature(s)
2014-09-23 19:59:12|   5.4|  0.0|STATS |gzAggregateLines_GeometryFilter_2_InstanceTest(TestFactory): Tested 2954 input feature(s) -- 0 feature(s) passed and 2954 feature(s) failed
2014-09-23 19:59:12|   5.4|  0.0|STATS |gzAggregateLines_GeometryFilter_2_RouterPrepper(TeeFactory): Cloned 2954 input feature(s) into 2954 output feature(s)
2014-09-23 19:59:12|   5.4|  0.0|STATS |gzAggregateLines_GeometryFilter_2_Router(TestFactory): Tested 2954 input feature(s) -- 2954 feature(s) passed and 0 feature(s) failed
2014-09-23 19:59:12|   5.4|  0.0|STATS |gzAggregateLines_SelfIntersector_2(IntersectionFactory): Processed 2954 input feature(s) in COMPLETE mode, resulting in 2954 segment(s) and 0 point(s) output (0 overlapping segment(s) merged)
2014-09-23 19:59:12|   5.4|  0.0|STATS |gzAggregateLines_GeometryCoercer_3_Renamer(TeeFactory): Cloned 2954 input feature(s) into 2954 output feature(s)
2014-09-23 19:59:12|   5.4|  0.0|STATS |gzAggregateLines_LengthCalculator_3(TeeFactory): Cloned 2954 input feature(s) into 2954 output feature(s)
2014-09-23 19:59:12|   5.4|  0.0|STATS |gzAggregateLines_Tester_2(TestFactory): Tested 2954 input feature(s) -- 2954 feature(s) passed and 0 feature(s) failed
2014-09-23 19:59:14|   7.6|  2.2|STATS |gzAggregateLines_Aggregator_2(AggregateFactory): Combined 2954 input feature(s) into 1 output feature(s), including 0 singleton(s)
2014-09-23 19:59:14|   7.6|  0.0|STATS |gzAggregateLines_OUTPUT1411515884 Output Collector(TeeFactory): Cloned 1 input feature(s) into 1 output feature(s)
2014-09-23 19:59:14|   7.6|  0.0|STATS |gzAggregateLines OUTPUT Output Renamer/Nuker(TeeFactory): Cloned 1 input feature(s) into 1 output feature(s)
2014-09-23 19:59:14|   7.6|  0.0|STATS |gzAggregateLines OUTPUT Splitter(TeeFactory): Cloned 1 input feature(s) into 2 output feature(s)
2014-09-23 19:59:14|   7.6|  0.0|STATS |HullReplacer(TeeFactory): Cloned 1 input feature(s) into 1 output feature(s)
2014-09-23 19:59:14|   7.6|  0.0|STATS |gzFieldCalculator AddFieldsValues_Input_1 Input Collector(TeeFactory): Cloned 124 input feature(s) into 124 output feature(s)
2014-09-23 19:59:14|   7.6|  0.0|STATS |gzFieldCalculator_AddFieldsValues_Input_11396906109 Input Splitter(TeeFactory): Cloned 124 input feature(s) into 124 output feature(s)
2014-09-23 19:59:14|   7.6|  0.0|STATS |gzFieldCalculator_AddFieldsValues_Output_11396906109 Output Collector(TeeFactory): Cloned 124 input feature(s) into 124 output feature(s)
2014-09-23 19:59:14|   7.6|  0.0|STATS |gzFieldCalculator AddFieldsValues_Output_1 Output Renamer/Nuker(TeeFactory): Cloned 124 input feature(s) into 124 output feature(s)
2014-09-23 19:59:14|   7.6|  0.0|STATS |gzSourceTargetQA SourceTargetQA_Input_1 Input Collector(TeeFactory): Cloned 124 input feature(s) into 124 output feature(s)
2014-09-23 19:59:14|   7.6|  0.0|STATS |gzSourceTargetQA_SourceTargetQA_Input_11396906235 Input Splitter(TeeFactory): Cloned 124 input feature(s) into 124 output feature(s)
2014-09-23 19:59:14|   7.6|  0.0|STATS |gzSourceTargetQA_AttributeExposer(TeeFactory): Cloned 124 input feature(s) into 124 output feature(s)
2014-09-23 19:59:14|   7.6|  0.0|STATS |gzSourceTargetQA_AttributeFilter(TestFactory): Tested 0 input feature(s) -- 0 feature(s) passed and 0 feature(s) failed
2014-09-23 19:59:14|   7.6|  0.0|STATS |gzSourceTargetQA_AttributeFilter_BlankFilter(TestFactory): Tested 0 input feature(s) -- 0 feature(s) passed and 0 feature(s) failed
2014-09-23 19:59:14|   7.6|  0.0|STATS |gzSourceTargetQA_AttributeFilter <BLANK> Output Nuker(TeeFactory): Cloned 0 input feature(s) into 0 output feature(s)
2014-09-23 19:59:14|   7.6|  0.0|STATS |gzSourceTargetQA_LengthCalculator(TeeFactory): Cloned 0 input feature(s) into 0 output feature(s)
2014-09-23 19:59:14|   7.6|  0.0|STATS |gzSourceTargetQA_Tester(TestFactory): Tested 0 input feature(s) -- 0 feature(s) passed and 0 feature(s) failed
2014-09-23 19:59:14|   7.6|  0.0|STATS |gzSourceTargetQA_Logger_FAILED_Logger(TeeFactory): Cloned 0 input feature(s) into 0 output feature(s)
2014-09-23 19:59:14|   7.6|  0.0|STATS |gzSourceTargetQA_Logger_FAILED LOGGED Output Nuker(TeeFactory): Cloned 0 input feature(s) into 0 output feature(s)
2014-09-23 19:59:14|   7.6|  0.0|STATS |gzSourceTargetQA_Skip_fpLines(TestFactory): Tested 124 input feature(s) -- 124 feature(s) passed and 0 feature(s) failed
2014-09-23 19:59:14|   7.6|  0.0|INFORM|gzSourceTargetQA_Sorter_SRCVAL(SortFactory): Starting sorting 124 feature(s)
2014-09-23 19:59:14|   7.6|  0.0|INFORM|gzSourceTargetQA_Sorter_SRCVAL(SortFactory): Done sorting 124 feature(s)
2014-09-23 19:59:14|   7.6|  0.0|INFORM|gz starting sourceTargetQA
2014-09-23 19:59:14|   7.6|  0.0|INFORM|gz len(datasets)=6
2014-09-23 19:59:14|   7.6|  0.0|WARN  |gz QA no dataset object found for Floor_Outline
2014-09-23 19:59:14|   7.6|  0.0|INFORM|gz len(datasets)=6
2014-09-23 19:59:16|   9.1|  1.5|INFORM|... Last line repeated 122 times ...
2014-09-23 19:59:16|   9.1|  0.0|STATS |gzSourceTargetQA_Sorter_SRCVAL(SortFactory): Sorted 124 feature(s)
2014-09-23 19:59:16|   9.1|  0.0|STATS |gzSourceTargetQA_SourceTargetQA_Output_11396906235 Output Collector(TeeFactory): Cloned 124 input feature(s) into 124 output feature(s)
2014-09-23 19:59:16|   9.1|  0.0|STATS |gzSourceTargetQA SourceTargetQA_Output_1 Output Renamer/Nuker(TeeFactory): Cloned 124 input feature(s) into 124 output feature(s)
2014-09-23 19:59:16|   9.1|  0.0|STATS |gzWriteData gzFeatures Input Collector(TeeFactory): Cloned 124 input feature(s) into 124 output feature(s)
2014-09-23 19:59:16|   9.1|  0.0|STATS |gzWriteData_gzFeatures1396906261 Input Splitter(TeeFactory): Cloned 124 input feature(s) into 372 output feature(s)
2014-09-23 19:59:16|   9.1|  0.0|STATS |gzWriteData_StatisticsCalculator_InputProcessor(TeeFactory): Cloned 124 input feature(s) into 124 output feature(s)
2014-09-23 19:59:16|   9.1|  0.0|STATS |gzWriteData_StatisticsCalculator_UnneededInputNuker(TeeFactory): Cloned 124 input feature(s) into 124 output feature(s)
2014-09-23 19:59:16|   9.2|  0.0|STATS |gzWriteData_StatisticsCalculator_CompleteOutputter(SortFactory): Output 124 feature(s) without doing any sorting
2014-09-23 19:59:16|   9.2|  0.0|STATS |gzWriteData_StatisticsCalculator_SummaryCreator(CreationFactory): Created 1 features
2014-09-23 19:59:16|   9.2|  0.0|STATS |gzWriteData_StatisticsCalculator_SummaryExploder(ElementFactory): Split out 1 list elements from 1 input features, using mode LEAN_AND_MEAN
2014-09-23 19:59:16|   9.2|  0.0|STATS |gzWriteData_TestHasErrors(TeeFactory): Cloned 125 input feature(s) into 125 output feature(s)
2014-09-23 19:59:16|   9.2|  0.0|STATS |gzWriteData_TestHasErrors_TestFactory_0(TestFactory): Tested 125 input feature(s) -- 125 feature(s) passed and 0 feature(s) failed
2014-09-23 19:59:16|   9.2|  0.0|STATS |gzWriteData_TestHasErrors_<lt>UNFILTERED<gt>(TeeFactory): Cloned 0 input feature(s) into 0 output feature(s)
2014-09-23 19:59:16|   9.2|  0.0|STATS |gzWriteData_TestHasErrors <lt>UNFILTERED<gt> Output Nuker(TeeFactory): Cloned 0 input feature(s) into 0 output feature(s)
2014-09-23 19:59:16|   9.2|  0.0|STATS |gzWriteData_TestHasErrors_2(TeeFactory): Cloned 124 input feature(s) into 124 output feature(s)
2014-09-23 19:59:16|   9.2|  0.0|STATS |gzWriteData_TestHasErrors_2_TestFactory_0(TestFactory): Tested 124 input feature(s) -- 0 feature(s) passed and 124 feature(s) failed
2014-09-23 19:59:16|   9.2|  0.0|STATS |gzWriteData_TestHasErrors_2_<lt>UNFILTERED<gt>(TeeFactory): Cloned 124 input feature(s) into 124 output feature(s)
2014-09-23 19:59:16|   9.2|  0.0|STATS |gzWriteData_TestHasErrors_2 <lt>UNFILTERED<gt> Output Nuker(TeeFactory): Cloned 124 input feature(s) into 0 output feature(s)
2014-09-23 19:59:16|   9.2|  0.0|STATS |gzWriteData_gzGetErrorInfo INPUT Input Collector(TeeFactory): Cloned 0 input feature(s) into 0 output feature(s)
2014-09-23 19:59:16|   9.2|  0.0|STATS |gzWriteData_gzGetErrorInfo_INPUT1396906154 Input Splitter(TeeFactory): Cloned 0 input feature(s) into 0 output feature(s)
2014-09-23 19:59:16|   9.2|  0.0|STATS |gzWriteData_gzGetErrorInfo_AttributeExposer(TeeFactory): Cloned 0 input feature(s) into 0 output feature(s)
2014-09-23 19:59:16|   9.2|  0.0|STATS |gzWriteData_gzGetErrorInfo_TestFilter(TeeFactory): Cloned 0 input feature(s) into 0 output feature(s)
2014-09-23 19:59:16|   9.2|  0.0|STATS |gzWriteData_gzGetErrorInfo_TestFilter_TestFactory_0(TestFactory): Tested 0 input feature(s) -- 0 feature(s) passed and 0 feature(s) failed
2014-09-23 19:59:16|   9.2|  0.0|STATS |gzWriteData_gzGetErrorInfo_TestFilter_TestFactory_1(TestFactory): Tested 0 input feature(s) -- 0 feature(s) passed and 0 feature(s) failed
2014-09-23 19:59:16|   9.2|  0.0|STATS |gzWriteData_gzGetErrorInfo_TestFilter_TestFactory_2(TestFactory): Tested 0 input feature(s) -- 0 feature(s) passed and 0 feature(s) failed
2014-09-23 19:59:16|   9.2|  0.0|STATS |gzWriteData_gzGetErrorInfo_TestFilter_TestFactory_3(TestFactory): Tested 0 input feature(s) -- 0 feature(s) passed and 0 feature(s) failed
2014-09-23 19:59:16|   9.2|  0.0|STATS |gzWriteData_gzGetErrorInfo_TestFilter_<lt>UNFILTERED<gt>(TeeFactory): Cloned 0 input feature(s) into 0 output feature(s)
2014-09-23 19:59:16|   9.2|  0.0|STATS |gzWriteData_gzGetErrorInfo_TestFilter <lt>UNFILTERED<gt> Output Nuker(TeeFactory): Cloned 0 input feature(s) into 0 output feature(s)
2014-09-23 19:59:16|   9.2|  0.0|STATS |gzWriteData_gzGetErrorInfo_TimeStamper(TeeFactory): Cloned 0 input feature(s) into 0 output feature(s)
2014-09-23 19:59:16|   9.2|  0.0|STATS |gzWriteData_gzGetErrorInfo_VariableSetter(TeeFactory): Cloned 0 input feature(s) into 0 output feature(s)
2014-09-23 19:59:16|   9.2|  0.0|STATS |gzWriteData_gzGetErrorInfo_OUTPUT1396906154 Output Collector(TeeFactory): Cloned 0 input feature(s) into 0 output feature(s)
2014-09-23 19:59:16|   9.2|  0.0|STATS |gzWriteData_gzGetErrorInfo OUTPUT Output Renamer/Nuker(TeeFactory): Cloned 0 input feature(s) into 0 output feature(s)
2014-09-23 19:59:16|   9.2|  0.0|INFORM|Trying to find a DYNAMIC plugin for reader named `GEODATABASE_SDE'
2014-09-23 19:59:16|   9.2|  0.0|INFORM|FME API version of module 'GEODATABASE_SDE' matches current internal version (3.7 20140327)
2014-09-23 19:59:16|   9.2|  0.0|INFORM|Trying to find a DYNAMIC plugin for reader named `GEODATABASE_SDE'
2014-09-23 19:59:16|   9.2|  0.0|INFORM|FME API version of module 'GEODATABASE_SDE' matches current internal version (3.7 20140327)
2014-09-23 19:59:16|   9.2|  0.0|INFORM|Opening the Geodatabase reader
2014-09-23 19:59:16|   9.2|  0.0|INFORM|An ArcGIS license is already checked out. The product checked out is 'Advanced'
2014-09-23 19:59:16|   9.2|  0.0|INFORM|Installed ArcGIS version is '10.1'
2014-09-23 19:59:16|   9.2|  0.0|INFORM|Connection made to server 'prawn' for dataset 'UWGISStaging' (transactional version 'dbo.DEFAULT') using Operating System's current user
2014-09-23 19:59:16|   9.2|  0.0|INFORM|ArcSDE release: '10.0'. Underlying database: 'SQL Server'
2014-09-23 19:59:17|   9.6|  0.4|INFORM|Closing the Geodatabase reader
2014-09-23 19:59:18|   9.6|  0.0|INFORM|Reader `GEODATABASE_SDE_1' of type `GEODATABASE_SDE' provided schema for types: Floor_Poly,Floor_Area,Floor_Outline,Floor_Point,FloorplanLine_Publish,InteriorSpace_Tilt,InteriorSpace_Point
2014-09-23 19:59:18|   9.6|  0.0|INFORM|Trying to find a DYNAMIC plugin for reader named `GEODATABASE_SDE'
2014-09-23 19:59:18|   9.6|  0.0|INFORM|FME API version of module 'GEODATABASE_SDE' matches current internal version (3.7 20140327)
2014-09-23 19:59:18|   9.6|  0.0|INFORM|Trying to find a DYNAMIC plugin for reader named `GEODATABASE_SDE'
2014-09-23 19:59:18|   9.6|  0.0|INFORM|FME API version of module 'GEODATABASE_SDE' matches current internal version (3.7 20140327)
2014-09-23 19:59:18|   9.6|  0.0|INFORM|Opening the Geodatabase reader
2014-09-23 19:59:18|   9.6|  0.0|INFORM|An ArcGIS license is already checked out. The product checked out is 'Advanced'
2014-09-23 19:59:18|   9.6|  0.0|INFORM|Installed ArcGIS version is '10.1'
2014-09-23 19:59:18|   9.7|  0.0|INFORM|Connection made to server 'prawn' for dataset 'UWGISStaging' (transactional version 'dbo.DEFAULT') using Operating System's current user
2014-09-23 19:59:18|   9.7|  0.0|INFORM|ArcSDE release: '10.0'. Underlying database: 'SQL Server'
2014-09-23 19:59:18|   9.7|  0.0|WARN  |The table name 'GSF' could not be found in the Geodatabase as either a feature class or a table. This may be because the current user does not have permission to see 'GSF'
2014-09-23 19:59:19|   9.9|  0.2|INFORM|Closing the Geodatabase reader
2014-09-23 19:59:19|   9.9|  0.0|INFORM|Reader `GEODATABASE_SDE_2' of type `GEODATABASE_SDE' provided schema for types: Floor_Poly,Building_Outline_Point,FloorplanLine,InteriorSpace
2014-09-23 19:59:19|  10.0|  0.1|INFORM|Trying to find a DYNAMIC plugin for writer named `GEODATABASE_SDE'
2014-09-23 19:59:19|  10.0|  0.0|INFORM|FME API version of module 'GEODATABASE_SDE' matches current internal version (3.7 20140327)
2014-09-23 19:59:19|  10.0|  0.0|INFORM|FME Configuration: No destination coordinate system set
2014-09-23 19:59:19|  10.0|  0.0|INFORM|FME API version of module 'GEODATABASE_SDE' matches current internal version (3.7 20140327)
2014-09-23 19:59:19|  10.0|  0.0|INFORM|Writer `GEODATABASE_SDE_3' of type `GEODATABASE_SDE' using group definition keyword `GEODATABASE_SDE_3_DEF'
2014-09-23 19:59:19|  10.0|  0.0|INFORM|FME API version of module 'GEODATABASE_SDE' matches current internal version (3.7 20140327)
2014-09-23 19:59:19|  10.0|  0.0|INFORM|An ArcGIS license is already checked out. The product checked out is 'Advanced'
2014-09-23 19:59:19|  10.0|  0.0|INFORM|Installed ArcGIS version is '10.1'
2014-09-23 19:59:20|  10.0|  0.0|INFORM|Connection made to server 'prawn' for dataset 'UWGISStaging' (transactional version 'dbo.DEFAULT') using Operating System's current user
2014-09-23 19:59:20|  10.0|  0.0|INFORM|ArcSDE release: '10.0'. Underlying database: 'SQL Server'
2014-09-23 19:59:20|  10.1|  0.1|WARN  |Value of feature type parameter 'GEODB_OBJECT_ID_NAME' for table/feature class 'd_y_n' has been changed from 'OBJECTID' to 'OBJECTID_1' as it conflicted with user field name
2014-09-23 19:59:20|  10.1|  0.0|WARN  |Value of feature type parameter 'GEODB_OBJECT_ID_NAME' for table/feature class 'd_y_n00' has been changed from 'OBJECTID' to 'OBJECTID_1' as it conflicted with user field name
2014-09-23 19:59:20|  10.1|  0.0|WARN  |Value of feature type parameter 'GEODB_OBJECT_ID_NAME' for table/feature class 'd_y_n01' has been changed from 'OBJECTID' to 'OBJECTID_1' as it conflicted with user field name
2014-09-23 19:59:20|  10.2|  0.0|WARN  |Value of feature type parameter 'GEODB_OBJECT_ID_NAME' for table/feature class 'd_y_n02' has been changed from 'OBJECTID' to 'OBJECTID_1' as it conflicted with user field name
2014-09-23 19:59:20|  10.2|  0.0|WARN  |Value of feature type parameter 'GEODB_OBJECT_ID_NAME' for table/feature class 'd_y_n03' has been changed from 'OBJECTID' to 'OBJECTID_1' as it conflicted with user field name
2014-09-23 19:59:20|  10.2|  0.0|WARN  |Value of feature type parameter 'GEODB_OBJECT_ID_NAME' for table/feature class 'd_y_n04' has been changed from 'OBJECTID' to 'OBJECTID_1' as it conflicted with user field name
2014-09-23 19:59:20|  10.2|  0.0|WARN  |Value of feature type parameter 'GEODB_OBJECT_ID_NAME' for table/feature class 'd_y_n05' has been changed from 'OBJECTID' to 'OBJECTID_1' as it conflicted with user field name
2014-09-23 19:59:20|  10.2|  0.0|WARN  |Value of feature type parameter 'GEODB_OBJECT_ID_NAME' for table/feature class 'd_y_n06' has been changed from 'OBJECTID' to 'OBJECTID_1' as it conflicted with user field name
2014-09-23 19:59:20|  10.2|  0.0|WARN  |Value of feature type parameter 'GEODB_OBJECT_ID_NAME' for table/feature class 'd_y_n07' has been changed from 'OBJECTID' to 'OBJECTID_1' as it conflicted with user field name
2014-09-23 19:59:20|  10.2|  0.0|WARN  |Value of feature type parameter 'GEODB_OBJECT_ID_NAME' for table/feature class 'd_y_n08' has been changed from 'OBJECTID' to 'OBJECTID_1' as it conflicted with user field name
2014-09-23 19:59:20|  10.2|  0.0|INFORM|The 'HAS_Z_VALUES' keyword is set to 'AUTO_DETECT'. With the exception of MultiPatch feature classes, the dimensionality of new feature classes will be based on the first feature written to the feature class. (Features with no geometry are considered 2D)
2014-09-23 19:59:20|  10.2|  0.0|INFORM|A default z-value of '0' will be used for all 3D features where z-values are not provided
2014-09-23 19:59:20|  10.2|  0.0|INFORM|Geodatabase Writer: Not simplifying geometries being written to the Geodatabase
2014-09-23 19:59:20|  10.2|  0.0|INFORM|Writer mode is 'INSERT'
2014-09-23 19:59:20|  10.4|  0.2|INFORM|Geodatabase Writer: Truncating table/feature class `Floor_Outline'
2014-09-23 19:59:21|  10.4|  0.0|INFORM|Geodatabase Writer: The field 'OBJECTID' in table 'Floor_Outline' will not be updated since it is not editable
2014-09-23 19:59:21|  10.4|  0.0|INFORM|Geodatabase Writer: The field 'GlobalID' in table 'Floor_Outline' will not be updated since it is not editable
2014-09-23 19:59:21|  10.4|  0.0|INFORM|Geodatabase Writer: The field 'SHAPE.STArea()' in table 'Floor_Outline' will not be updated since it is not editable
2014-09-23 19:59:21|  10.4|  0.0|INFORM|Geodatabase Writer: The field 'SHAPE.STLength()' in table 'Floor_Outline' will not be updated since it is not editable
2014-09-23 19:59:21|  10.4|  0.0|INFORM|Starting an edit session
2014-09-23 19:59:21|  10.4|  0.0|INFORM|Geodatabase Writer: Truncating table/feature class `FloorplanLine_Publish'
2014-09-23 19:59:21|  10.4|  0.0|INFORM|Geodatabase Writer: The field 'OBJECTID' in table 'FloorplanLine_Publish' will not be updated since it is not editable
2014-09-23 19:59:21|  10.4|  0.0|INFORM|Geodatabase Writer: The field 'GlobalID' in table 'FloorplanLine_Publish' will not be updated since it is not editable
2014-09-23 19:59:21|  10.4|  0.0|INFORM|Geodatabase Writer: The field 'SHAPE.STLength()' in table 'FloorplanLine_Publish' will not be updated since it is not editable
2014-09-23 19:59:21|  10.5|  0.1|INFORM|Geodatabase Writer: Truncating table/feature class `InteriorSpace_Point'
2014-09-23 19:59:21|  10.5|  0.0|INFORM|Geodatabase Writer: The field 'OBJECTID' in table 'InteriorSpace_Point' will not be updated since it is not editable
2014-09-23 19:59:21|  10.5|  0.0|INFORM|Geodatabase Writer: The field 'GlobalID' in table 'InteriorSpace_Point' will not be updated since it is not editable
2014-09-23 19:59:21|  10.5|  0.0|WARN  |A 2D feature was encountered in the feature class 'InteriorSpace_Point', which is defined as containing 3D features. The feature, and any other applicable features in the same feature class, will be modified so that it has the same dimension as the feature class
2014-09-23 19:59:21|  10.5|  0.0|INFORM|Geodatabase Writer: Truncating table/feature class `InteriorSpace_Tilt'
2014-09-23 19:59:21|  10.6|  0.0|INFORM|Geodatabase Writer: The field 'OBJECTID' in table 'InteriorSpace_Tilt' will not be updated since it is not editable
2014-09-23 19:59:21|  10.6|  0.0|INFORM|Geodatabase Writer: The field 'GlobalID' in table 'InteriorSpace_Tilt' will not be updated since it is not editable
2014-09-23 19:59:21|  10.6|  0.0|INFORM|Geodatabase Writer: The field 'SHAPE.STArea()' in table 'InteriorSpace_Tilt' will not be updated since it is not editable
2014-09-23 19:59:21|  10.6|  0.0|INFORM|Geodatabase Writer: The field 'SHAPE.STLength()' in table 'InteriorSpace_Tilt' will not be updated since it is not editable
2014-09-23 19:59:21|  10.6|  0.0|INFORM|gzWriteData_FeatureMerger(ReferenceFactory): Completed 80.32% of intermediate processing
2014-09-23 19:59:21|  10.6|  0.0|INFORM|gzWriteData_FeatureMerger(ReferenceFactory): Completed 100% of intermediate processing
2014-09-23 19:59:21|  10.6|  0.0|STATS |gzWriteData_FeatureMerger(ReferenceFactory): Total Results: 125 Complete Feature(s), 0 Incomplete Feature(s), 124 Referenced Feature(s), 0 Unreferenced Feature(s), 0 Referencer Feature(s) (NO REFERENCES), 0 Referencee Feature(s) (NO Referencee fields defined), and 0 Duplicate Referencee Feature(s)
2014-09-23 19:59:21|  10.6|  0.0|STATS |gzWriteData_FeatureMerger REFERENCED Splitter(TeeFactory): Cloned 124 input feature(s) into 248 output feature(s)
2014-09-23 19:59:21|  10.6|  0.0|STATS |gzWriteData_FeatureMerger DUPLICATE_SUPPLIER Splitter(TeeFactory): Cloned 0 input feature(s) into 0 output feature(s)
2014-09-23 19:59:21|  10.6|  0.0|STATS |gzWriteData_gzGetLogInfo StatisticsCalculator_INPUT_55 Input Collector(TeeFactory): Cloned 124 input feature(s) into 124 output feature(s)
2014-09-23 19:59:21|  10.6|  0.0|STATS |gzWriteData_gzGetLogInfo_StatisticsCalculator_INPUT_551396906184 Input Splitter(TeeFactory): Cloned 124 input feature(s) into 124 output feature(s)
2014-09-23 19:59:21|  10.6|  0.0|STATS |gzWriteData_gzGetLogInfo_AttributeExposer(TeeFactory): Cloned 124 input feature(s) into 124 output feature(s)
2014-09-23 19:59:21|  10.6|  0.0|STATS |gzWriteData_gzGetLogInfo_StatisticsCalculator_InputProcessor(TeeFactory): Cloned 124 input feature(s) into 124 output feature(s)
2014-09-23 19:59:21|  10.6|  0.0|STATS |gzWriteData_gzGetLogInfo_StatisticsCalculator_UnneededInputNuker(TeeFactory): Cloned 124 input feature(s) into 0 output feature(s)
2014-09-23 19:59:21|  10.6|  0.0|STATS |gzWriteData_gzGetLogInfo_StatisticsCalculator_CompleteOutputter(SortFactory): Output 0 feature(s) without doing any sorting
2014-09-23 19:59:21|  10.6|  0.0|INFORM|Geodatabase Writer: The field 'OBJECTID' in table 'gzLog' will not be updated since it is not editable
2014-09-23 19:59:21|  10.6|  0.0|STATS |gzWriteData_gzGetLogInfo_StatisticsCalculator_SummaryCreator(CreationFactory): Created 1 features
2014-09-23 19:59:21|  10.6|  0.0|STATS |gzWriteData_gzGetLogInfo_StatisticsCalculator_SummaryExploder(ElementFactory): Split out 4 list elements from 1 input features, using mode LEAN_AND_MEAN
2014-09-23 19:59:21|  10.6|  0.0|STATS |gzWriteData_gzGetLogInfo_AttributeExposer_2(TeeFactory): Cloned 4 input feature(s) into 4 output feature(s)
2014-09-23 19:59:21|  10.6|  0.0|STATS |gzWriteData_gzGetLogInfo_LOADTIME(TeeFactory): Cloned 4 input feature(s) into 4 output feature(s)
2014-09-23 19:59:21|  10.6|  0.0|STATS |gzWriteData_gzGetLogInfo_DATASET(TeeFactory): Cloned 4 input feature(s) into 4 output feature(s)
2014-09-23 19:59:21|  10.6|  0.0|STATS |gzWriteData_gzGetLogInfo_TestFilter(TeeFactory): Cloned 4 input feature(s) into 4 output feature(s)
2014-09-23 19:59:21|  10.6|  0.0|STATS |gzWriteData_gzGetLogInfo_TestFilter_TestFactory_0(TestFactory): Tested 4 input feature(s) -- 4 feature(s) passed and 0 feature(s) failed
2014-09-23 19:59:21|  10.6|  0.0|STATS |gzWriteData_gzGetLogInfo_TestFilter_<lt>UNFILTERED<gt>(TeeFactory): Cloned 0 input feature(s) into 0 output feature(s)
2014-09-23 19:59:21|  10.6|  0.0|STATS |gzWriteData_gzGetLogInfo_StatisticsCalculator_SUMMARY_551396906184 Output Collector(TeeFactory): Cloned 4 input feature(s) into 4 output feature(s)
2014-09-23 19:59:21|  10.6|  0.0|STATS |gzWriteData_gzGetLogInfo StatisticsCalculator_SUMMARY_55 Output Renamer/Nuker(TeeFactory): Cloned 4 input feature(s) into 4 output feature(s)
2014-09-23 19:59:21|  10.6|  0.0|STATS |gzWriteData_gzFeatureWriter1396906261 Output Collector(TeeFactory): Cloned 124 input feature(s) into 124 output feature(s)
2014-09-23 19:59:21|  10.6|  0.0|STATS |gzWriteData_gzLogWriter1396906261 Output Collector(TeeFactory): Cloned 4 input feature(s) into 4 output feature(s)
2014-09-23 19:59:21|  10.6|  0.0|STATS |gzWriteData_gzErrorWriter1396906261 Output Collector(TeeFactory): Cloned 0 input feature(s) into 0 output feature(s)
2014-09-23 19:59:21|  10.6|  0.0|STATS |gzWriteData gzLogWriter Output Renamer/Nuker(TeeFactory): Cloned 4 input feature(s) into 4 output feature(s)
2014-09-23 19:59:21|  10.6|  0.0|STATS |gzWriteData gzFeatureWriter Output Renamer/Nuker(TeeFactory): Cloned 124 input feature(s) into 124 output feature(s)
2014-09-23 19:59:21|  10.6|  0.0|STATS |gzWriteData gzErrorWriter Output Renamer/Nuker(TeeFactory): Cloned 0 input feature(s) into 0 output feature(s)
2014-09-23 19:59:21|  10.6|  0.0|STATS |gzWriteData_gzFeatureWriter -> NewFeatureType Correlator(TeeFactory): Cloned 124 input feature(s) into 124 output feature(s)
2014-09-23 19:59:21|  10.6|  0.0|STATS |gzWriteData_gzErrorWriter -> gzError Correlator(TeeFactory): Cloned 0 input feature(s) into 0 output feature(s)
2014-09-23 19:59:21|  10.6|  0.0|STATS |gzWriteData_gzLogWriter -> gzLog Correlator(TeeFactory): Cloned 4 input feature(s) into 4 output feature(s)
2014-09-23 19:59:21|  10.6|  0.0|STATS |Final Output Feature Type Router(TestFactory): Tested 128 input feature(s) -- 128 feature(s) passed and 0 feature(s) failed
2014-09-23 19:59:21|  10.6|  0.0|STATS |Final Output Nuker(TeeFactory): Cloned 0 input feature(s) into 0 output feature(s)
2014-09-23 19:59:21|  10.6|  0.0|STATS |=-=-=-=-=-=-=-=-=-=-=-=-=-=-=-=-=-=-=-=-=-=-=-=-=-=-=-=-=-=-=-=-=-=-=-=-=-=-=-
2014-09-23 19:59:21|  10.6|  0.0|STATS |                            `Count' Domain Summary
2014-09-23 19:59:21|  10.6|  0.0|STATS |=-=-=-=-=-=-=-=-=-=-=-=-=-=-=-=-=-=-=-=-=-=-=-=-=-=-=-=-=-=-=-=-=-=-=-=-=-=-=-
2014-09-23 19:59:21|  10.6|  0.0|STATS |gzFixIntersections_SelfIntersectChecker_2_COUNTER_counter                   61
2014-09-23 19:59:21|  10.6|  0.0|STATS |gzTiltRooms_SelfIntersectChecker_2_COUNTER_counter                          61
2014-09-23 19:59:21|  10.6|  0.0|STATS |==============================================================================
2014-09-23 19:59:21|  10.6|  0.0|STATS |Total `@Count' Invocations:                                                122
2014-09-23 19:59:21|  10.6|  0.0|STATS |=-=-=-=-=-=-=-=-=-=-=-=-=-=-=-=-=-=-=-=-=-=-=-=-=-=-=-=-=-=-=-=-=-=-=-=-=-=-=-
2014-09-23 19:59:21|  10.6|  0.0|STATS |Generalize: Generalized 61 feature(s) using Douglas, removing 8 of 828 verticies (0% reduction)
2014-09-23 19:59:21|  10.6|  0.0|STATS |GeodatabaseRelationshipFeaturesPipeline::GeodatabaseRelationshipFeatures(SortFactory): Sorted 0 feature(s)
2014-09-23 19:59:21|  10.7|  0.0|INFORM|All edits made during the edit session were saved
2014-09-23 19:59:21|  10.7|  0.0|INFORM|Closing the Geodatabase writer
2014-09-23 19:59:22|  10.7|  0.0|INFORM|=-=-=-=-=-=-=-=-=-=-=-=-=-=-=-=-=-=-=-=-=-=-=-=-=-=-=-=-=-=-=-=-=-=-=-=-=-=-=-
2014-09-23 19:59:22|  10.7|  0.0|INFORM|Feature output statistics for `GEODATABASE_SDE' writer using keyword `GEODATABASE_SDE_3':
2014-09-23 19:59:22|  10.7|  0.0|STATS |=-=-=-=-=-=-=-=-=-=-=-=-=-=-=-=-=-=-=-=-=-=-=-=-=-=-=-=-=-=-=-=-=-=-=-=-=-=-=-
2014-09-23 19:59:22|  10.7|  0.0|STATS |                               Features Written
2014-09-23 19:59:22|  10.7|  0.0|STATS |=-=-=-=-=-=-=-=-=-=-=-=-=-=-=-=-=-=-=-=-=-=-=-=-=-=-=-=-=-=-=-=-=-=-=-=-=-=-=-
2014-09-23 19:59:22|  10.7|  0.0|STATS |Floor_Outline                                                                1
2014-09-23 19:59:22|  10.7|  0.0|STATS |FloorplanLine_Publish                                                        1
2014-09-23 19:59:22|  10.7|  0.0|STATS |InteriorSpace_Point                                                         61
2014-09-23 19:59:22|  10.7|  0.0|STATS |InteriorSpace_Tilt                                                          61
2014-09-23 19:59:22|  10.7|  0.0|STATS |gzLog                                                                        4
2014-09-23 19:59:22|  10.7|  0.0|STATS |==============================================================================
2014-09-23 19:59:22|  10.7|  0.0|STATS |Total Features Written                                                     128
2014-09-23 19:59:22|  10.7|  0.0|STATS |=-=-=-=-=-=-=-=-=-=-=-=-=-=-=-=-=-=-=-=-=-=-=-=-=-=-=-=-=-=-=-=-=-=-=-=-=-=-=-
2014-09-23 19:59:22|  10.7|  0.0|STATS |=-=-=-=-=-=-=-=-=-=-=-=-=-=-=-=-=-=-=-=-=-=-=-=-=-=-=-=-=-=-=-=-=-=-=-=-=-=-=-
2014-09-23 19:59:22|  10.7|  0.0|STATS |                            Features Read Summary
2014-09-23 19:59:22|  10.7|  0.0|STATS |=-=-=-=-=-=-=-=-=-=-=-=-=-=-=-=-=-=-=-=-=-=-=-=-=-=-=-=-=-=-=-=-=-=-=-=-=-=-=-
2014-09-23 19:59:22|  10.7|  0.0|STATS |Building_Outline_Point                                                       1
2014-09-23 19:59:22|  10.7|  0.0|STATS |Floor_Poly                                                                   1
2014-09-23 19:59:22|  10.7|  0.0|STATS |FloorplanLine                                                             3151
2014-09-23 19:59:22|  10.7|  0.0|STATS |InteriorSpace                                                               61
2014-09-23 19:59:22|  10.7|  0.0|STATS |==============================================================================
2014-09-23 19:59:22|  10.7|  0.0|STATS |Total Features Read                                                       3214
2014-09-23 19:59:22|  10.7|  0.0|STATS |=-=-=-=-=-=-=-=-=-=-=-=-=-=-=-=-=-=-=-=-=-=-=-=-=-=-=-=-=-=-=-=-=-=-=-=-=-=-=-
2014-09-23 19:59:22|  10.7|  0.0|STATS |=-=-=-=-=-=-=-=-=-=-=-=-=-=-=-=-=-=-=-=-=-=-=-=-=-=-=-=-=-=-=-=-=-=-=-=-=-=-=-
2014-09-23 19:59:22|  10.7|  0.0|STATS |                           Features Written Summary
2014-09-23 19:59:22|  10.7|  0.0|STATS |=-=-=-=-=-=-=-=-=-=-=-=-=-=-=-=-=-=-=-=-=-=-=-=-=-=-=-=-=-=-=-=-=-=-=-=-=-=-=-
2014-09-23 19:59:22|  10.7|  0.0|STATS |Floor_Outline                                                                1
2014-09-23 19:59:22|  10.7|  0.0|STATS |FloorplanLine_Publish                                                        1
2014-09-23 19:59:22|  10.7|  0.0|STATS |InteriorSpace_Point                                                         61
2014-09-23 19:59:22|  10.7|  0.0|STATS |InteriorSpace_Tilt                                                          61
2014-09-23 19:59:22|  10.7|  0.0|STATS |gzLog                                                                        4
2014-09-23 19:59:22|  10.7|  0.0|STATS |==============================================================================
2014-09-23 19:59:22|  10.7|  0.0|STATS |Total Features Written                                                     128
2014-09-23 19:59:22|  10.7|  0.0|STATS |=-=-=-=-=-=-=-=-=-=-=-=-=-=-=-=-=-=-=-=-=-=-=-=-=-=-=-=-=-=-=-=-=-=-=-=-=-=-=-
2014-09-23 19:59:22|  10.7|  0.0|INFORM|Translation was SUCCESSFUL with 14 warning(s) (128 feature(s) output)
2014-09-23 19:59:22|  10.7|  0.0|INFORM|FME Session Duration: 19.4 seconds. (CPU: 9.3s user, 1.0s system)
2014-09-23 19:59:22|  10.7|  0.0|INFORM|END - ProcessID: 11808, peak process memory usage: 310484 kB, current process memory usage: 308256 kB
